#
# A fatal error has been detected by the Java Runtime Environment:
#
#  Internal Error (./open/src/hotspot/share/interpreter/oopMapCache.cpp:111), pid=23420, tid=10640
#  Error: ShouldNotReachHere()
#
# JRE version: OpenJDK Runtime Environment (15.0.2+7) (build 15.0.2+7-27)
# Java VM: OpenJDK 64-Bit Server VM (15.0.2+7-27, mixed mode, tiered, compressed oops, g1 gc, windows-amd64)
# No core dump will be written. Minidumps are not enabled by default on client versions of Windows
#
# If you would like to submit a bug report, please visit:
#   https://bugreport.java.com/bugreport/crash.jsp
#

---------------  S U M M A R Y ------------

Command Line: -XX:+ShowCodeDetailsInExceptionMessages -agentlib:jdwp=transport=dt_socket,suspend=y,address=localhost:57073 -javaagent:C:\Users\Simon\eclipse\java-2021-03\eclipse\configuration\org.eclipse.osgi\222\0\.cp\lib\javaagent-shaded.jar -Dfile.encoding=Cp1252 game.Main

Host: Intel(R) Core(TM) i7-8700 CPU @ 3.20GHz, 12 cores, 15G,  Windows 10 , 64 bit Build 19041 (10.0.19041.804)
Time: Sat Apr 10 19:24:13 2021 Västeuropa, sommartid elapsed time: 161.452468 seconds (0d 0h 2m 41s)

---------------  T H R E A D  ---------------

Current thread (0x000001cb92237e80):  JavaThread "JDWP Transport Listener: dt_socket" daemon [_thread_in_vm, id=10640, stack(0x000000affc900000,0x000000affca00000)] _threads_hazard_ptr=0x000001cb92d9d8f0

Stack: [0x000000affc900000,0x000000affca00000]
Native frames: (J=compiled Java code, j=interpreted, Vv=VM code, C=native code)
V  [jvm.dll+0x62ae9a]
V  [jvm.dll+0x7817a9]
V  [jvm.dll+0x782f03]
V  [jvm.dll+0x783517]
V  [jvm.dll+0x21628c]
V  [jvm.dll+0x2161d3]
V  [jvm.dll+0x619eea]
V  [jvm.dll+0x619ba3]
V  [jvm.dll+0x5df278]
V  [jvm.dll+0x77876f]
V  [jvm.dll+0x4f02e1]
V  [jvm.dll+0x7882b5]
V  [jvm.dll+0x4d40ea]
V  [jvm.dll+0x49526b]
C  [jdwp.dll+0x796b]


---------------  P R O C E S S  ---------------

Threads class SMR info:
_java_thread_list=0x000001cb92d9d8f0, length=19, elements={
0x000001cbf02484a0, 0x000001cb91ec1010, 0x000001cb91ec1aa0, 0x000001cb91ee60a0,
0x000001cb91ee6a60, 0x000001cb91eea440, 0x000001cb91ef6640, 0x000001cb91ef70f0,
0x000001cb91f60930, 0x000001cb92061c30, 0x000001cb92237e80, 0x000001cb92197dc0,
0x000001cb921982b0, 0x000001cb92748160, 0x000001cb9297ba40, 0x000001cb92777a40,
0x000001cb92999ae0, 0x000001cb99b7a0b0, 0x000001cb99bddb90
}

Java Threads: ( => current thread )
  0x000001cbf02484a0 JavaThread "main" [_thread_blocked, id=20192, stack(0x000000affb900000,0x000000affba00000)]
  0x000001cb91ec1010 JavaThread "Reference Handler" daemon [_thread_blocked, id=14884, stack(0x000000affc000000,0x000000affc100000)]
  0x000001cb91ec1aa0 JavaThread "Finalizer" daemon [_thread_blocked, id=23388, stack(0x000000affc100000,0x000000affc200000)]
  0x000001cb91ee60a0 JavaThread "Signal Dispatcher" daemon [_thread_blocked, id=6588, stack(0x000000affc200000,0x000000affc300000)]
  0x000001cb91ee6a60 JavaThread "Attach Listener" daemon [_thread_blocked, id=2552, stack(0x000000affc300000,0x000000affc400000)]
  0x000001cb91eea440 JavaThread "Service Thread" daemon [_thread_blocked, id=3224, stack(0x000000affc400000,0x000000affc500000)]
  0x000001cb91ef6640 JavaThread "C2 CompilerThread0" daemon [_thread_blocked, id=14152, stack(0x000000affc500000,0x000000affc600000)]
  0x000001cb91ef70f0 JavaThread "C1 CompilerThread0" daemon [_thread_blocked, id=24172, stack(0x000000affc600000,0x000000affc700000)]
  0x000001cb91f60930 JavaThread "Sweeper thread" daemon [_thread_blocked, id=14784, stack(0x000000affc700000,0x000000affc800000)]
  0x000001cb92061c30 JavaThread "Common-Cleaner" daemon [_thread_blocked, id=19708, stack(0x000000affc800000,0x000000affc900000)]
=>0x000001cb92237e80 JavaThread "JDWP Transport Listener: dt_socket" daemon [_thread_in_vm, id=10640, stack(0x000000affc900000,0x000000affca00000)] _threads_hazard_ptr=0x000001cb92d9d8f0
  0x000001cb92197dc0 JavaThread "JDWP Event Helper Thread" daemon [_thread_blocked, id=4000, stack(0x000000affca00000,0x000000affcb00000)]
  0x000001cb921982b0 JavaThread "JDWP Command Reader" daemon [_thread_in_native, id=13028, stack(0x000000affcb00000,0x000000affcc00000)]
  0x000001cb92748160 JavaThread "Notification Thread" daemon [_thread_blocked, id=14328, stack(0x000000affcc00000,0x000000affcd00000)]
  0x000001cb9297ba40 JavaThread "Java2D Disposer" daemon [_thread_blocked, id=21596, stack(0x000000affcf00000,0x000000affd000000)]
  0x000001cb92777a40 JavaThread "AWT-Shutdown" [_thread_blocked, id=9344, stack(0x000000affd000000,0x000000affd100000)]
  0x000001cb92999ae0 JavaThread "AWT-Windows" daemon [_thread_in_native, id=18564, stack(0x000000affd100000,0x000000affd200000)]
  0x000001cb99b7a0b0 JavaThread "AWT-EventQueue-0" [_thread_blocked, id=16160, stack(0x000000affce00000,0x000000affcf00000)]
  0x000001cb99bddb90 JavaThread "D3D Screen Updater" daemon [_thread_blocked, id=14108, stack(0x000000affd400000,0x000000affd500000)]

Other Threads:
  0x000001cb91e8ac60 VMThread "VM Thread" [stack: 0x000000affbf00000,0x000000affc000000] [id=11052]
  0x000001cbf0249560 WatcherThread [stack: 0x000000affcd00000,0x000000affce00000] [id=20584]
  0x000001cbf02992b0 GCTaskThread "GC Thread#0" [stack: 0x000000affba00000,0x000000affbb00000] [id=2372]
  0x000001cb927849d0 GCTaskThread "GC Thread#1" [stack: 0x000000affd500000,0x000000affd600000] [id=6372]
  0x000001cb927836b0 GCTaskThread "GC Thread#2" [stack: 0x000000affd600000,0x000000affd700000] [id=21352]
  0x000001cb927839e0 GCTaskThread "GC Thread#3" [stack: 0x000000affd700000,0x000000affd800000] [id=11344]
  0x000001cb92784040 GCTaskThread "GC Thread#4" [stack: 0x000000affd800000,0x000000affd900000] [id=24160]
  0x000001cb92781d30 GCTaskThread "GC Thread#5" [stack: 0x000000affd900000,0x000000affda00000] [id=2240]
  0x000001cbf02ab2f0 ConcurrentGCThread "G1 Main Marker" [stack: 0x000000affbb00000,0x000000affbc00000] [id=6680]
  0x000001cbf02ac660 ConcurrentGCThread "G1 Conc#0" [stack: 0x000000affbc00000,0x000000affbd00000] [id=20124]
  0x000001cbf030f710 ConcurrentGCThread "G1 Refine#0" [stack: 0x000000affbd00000,0x000000affbe00000] [id=18436]
  0x000001cb914c40e0 ConcurrentGCThread "G1 Young RemSet Sampling" [stack: 0x000000affbe00000,0x000000affbf00000] [id=13488]

Threads with active compile tasks:

VM state: not at safepoint (normal execution)

VM Mutex/Monitor currently owned by a thread: None

Heap address: 0x0000000701200000, size: 4078 MB, Compressed Oops mode: Zero based, Oop shift amount: 3
CDS disabled.
Compressed class space mapped at: 0x0000000800000000-0x0000000840000000, size: 1073741824
Narrow klass base: 0x0000000800000000, Narrow klass shift: 0, Narrow klass range: 0x40000000

GC Precious Log:
 CPUs: 12 total, 12 available
 Memory: 16307M
 Large Page Support: Disabled
 NUMA Support: Disabled
 Compressed Oops: Enabled (Zero based)
 Heap Region Size: 2M
 Heap Min Capacity: 8M
 Heap Initial Capacity: 256M
 Heap Max Capacity: 4078M
 Pre-touch: Disabled
 Parallel Workers: 10
 Concurrent Workers: 3
 Concurrent Refinement Workers: 10
 Periodic GC: Disabled

Heap:
 garbage-first heap   total 262144K, used 64621K [0x0000000701200000, 0x0000000800000000)
  region size 2048K, 21 young (43008K), 1 survivors (2048K)
 Metaspace       used 17127K, capacity 17281K, committed 17536K, reserved 1064960K
  class space    used 1579K, capacity 1639K, committed 1664K, reserved 1048576K

Heap Regions: E=young(eden), S=young(survivor), O=old, HS=humongous(starts), HC=humongous(continues), CS=collection set, F=free, OA=open archive, CA=closed archive, TAMS=top-at-mark-start (previous, next)
|   0|0x0000000701200000, 0x0000000701400000, 0x0000000701400000|100%|HS|  |TAMS 0x0000000701200000, 0x0000000701200000| Complete 
|   1|0x0000000701400000, 0x0000000701600000, 0x0000000701600000|100%|HC|  |TAMS 0x0000000701400000, 0x0000000701400000| Complete 
|   2|0x0000000701600000, 0x0000000701800000, 0x0000000701800000|100%|HS|  |TAMS 0x0000000701600000, 0x0000000701600000| Complete 
|   3|0x0000000701800000, 0x0000000701a00000, 0x0000000701a00000|100%|HC|  |TAMS 0x0000000701800000, 0x0000000701800000| Complete 
|   4|0x0000000701a00000, 0x0000000701c00000, 0x0000000701c00000|100%|HC|  |TAMS 0x0000000701a00000, 0x0000000701a00000| Complete 
|   5|0x0000000701c00000, 0x0000000701e00000, 0x0000000701e00000|100%|HC|  |TAMS 0x0000000701c00000, 0x0000000701c00000| Complete 
|   6|0x0000000701e00000, 0x0000000702000000, 0x0000000702000000|100%|HS|  |TAMS 0x0000000701e00000, 0x0000000701e00000| Complete 
|   7|0x0000000702000000, 0x0000000702200000, 0x0000000702200000|100%|HC|  |TAMS 0x0000000702000000, 0x0000000702000000| Complete 
|   8|0x0000000702200000, 0x0000000702400000, 0x0000000702400000|100%| O|  |TAMS 0x0000000702200000, 0x0000000702200000| Untracked 
|   9|0x0000000702400000, 0x0000000702514c00, 0x0000000702600000| 54%| O|  |TAMS 0x0000000702400000, 0x0000000702400000| Untracked 
|  10|0x0000000702600000, 0x0000000702600000, 0x0000000702800000|  0%| F|  |TAMS 0x0000000702600000, 0x0000000702600000| Untracked 
|  11|0x0000000702800000, 0x0000000702800000, 0x0000000702a00000|  0%| F|  |TAMS 0x0000000702800000, 0x0000000702800000| Untracked 
|  12|0x0000000702a00000, 0x0000000702a00000, 0x0000000702c00000|  0%| F|  |TAMS 0x0000000702a00000, 0x0000000702a00000| Untracked 
|  13|0x0000000702c00000, 0x0000000702e00000, 0x0000000702e00000|100%|HS|  |TAMS 0x0000000702c00000, 0x0000000702c00000| Complete 
|  14|0x0000000702e00000, 0x0000000703000000, 0x0000000703000000|100%|HC|  |TAMS 0x0000000702e00000, 0x0000000702e00000| Complete 
|  15|0x0000000703000000, 0x0000000703200000, 0x0000000703200000|100%|HC|  |TAMS 0x0000000703000000, 0x0000000703000000| Complete 
|  16|0x0000000703200000, 0x0000000703200000, 0x0000000703400000|  0%| F|  |TAMS 0x0000000703200000, 0x0000000703200000| Untracked 
|  17|0x0000000703400000, 0x0000000703400000, 0x0000000703600000|  0%| F|  |TAMS 0x0000000703400000, 0x0000000703400000| Untracked 
|  18|0x0000000703600000, 0x0000000703600000, 0x0000000703800000|  0%| F|  |TAMS 0x0000000703600000, 0x0000000703600000| Untracked 
|  19|0x0000000703800000, 0x0000000703800000, 0x0000000703a00000|  0%| F|  |TAMS 0x0000000703800000, 0x0000000703800000| Untracked 
|  20|0x0000000703a00000, 0x0000000703a00000, 0x0000000703c00000|  0%| F|  |TAMS 0x0000000703a00000, 0x0000000703a00000| Untracked 
|  21|0x0000000703c00000, 0x0000000703c00000, 0x0000000703e00000|  0%| F|  |TAMS 0x0000000703c00000, 0x0000000703c00000| Untracked 
|  22|0x0000000703e00000, 0x0000000703e00000, 0x0000000704000000|  0%| F|  |TAMS 0x0000000703e00000, 0x0000000703e00000| Untracked 
|  23|0x0000000704000000, 0x0000000704000000, 0x0000000704200000|  0%| F|  |TAMS 0x0000000704000000, 0x0000000704000000| Untracked 
|  24|0x0000000704200000, 0x0000000704200000, 0x0000000704400000|  0%| F|  |TAMS 0x0000000704200000, 0x0000000704200000| Untracked 
|  25|0x0000000704400000, 0x0000000704400000, 0x0000000704600000|  0%| F|  |TAMS 0x0000000704400000, 0x0000000704400000| Untracked 
|  26|0x0000000704600000, 0x0000000704600000, 0x0000000704800000|  0%| F|  |TAMS 0x0000000704600000, 0x0000000704600000| Untracked 
|  27|0x0000000704800000, 0x0000000704800000, 0x0000000704a00000|  0%| F|  |TAMS 0x0000000704800000, 0x0000000704800000| Untracked 
|  28|0x0000000704a00000, 0x0000000704a00000, 0x0000000704c00000|  0%| F|  |TAMS 0x0000000704a00000, 0x0000000704a00000| Untracked 
|  29|0x0000000704c00000, 0x0000000704c00000, 0x0000000704e00000|  0%| F|  |TAMS 0x0000000704c00000, 0x0000000704c00000| Untracked 
|  30|0x0000000704e00000, 0x0000000704e00000, 0x0000000705000000|  0%| F|  |TAMS 0x0000000704e00000, 0x0000000704e00000| Untracked 
|  31|0x0000000705000000, 0x0000000705000000, 0x0000000705200000|  0%| F|  |TAMS 0x0000000705000000, 0x0000000705000000| Untracked 
|  32|0x0000000705200000, 0x0000000705200000, 0x0000000705400000|  0%| F|  |TAMS 0x0000000705200000, 0x0000000705200000| Untracked 
|  33|0x0000000705400000, 0x0000000705400000, 0x0000000705600000|  0%| F|  |TAMS 0x0000000705400000, 0x0000000705400000| Untracked 
|  34|0x0000000705600000, 0x0000000705600000, 0x0000000705800000|  0%| F|  |TAMS 0x0000000705600000, 0x0000000705600000| Untracked 
|  35|0x0000000705800000, 0x0000000705800000, 0x0000000705a00000|  0%| F|  |TAMS 0x0000000705800000, 0x0000000705800000| Untracked 
|  36|0x0000000705a00000, 0x0000000705a00000, 0x0000000705c00000|  0%| F|  |TAMS 0x0000000705a00000, 0x0000000705a00000| Untracked 
|  37|0x0000000705c00000, 0x0000000705c00000, 0x0000000705e00000|  0%| F|  |TAMS 0x0000000705c00000, 0x0000000705c00000| Untracked 
|  38|0x0000000705e00000, 0x0000000705e00000, 0x0000000706000000|  0%| F|  |TAMS 0x0000000705e00000, 0x0000000705e00000| Untracked 
|  39|0x0000000706000000, 0x0000000706000000, 0x0000000706200000|  0%| F|  |TAMS 0x0000000706000000, 0x0000000706000000| Untracked 
|  40|0x0000000706200000, 0x0000000706200000, 0x0000000706400000|  0%| F|  |TAMS 0x0000000706200000, 0x0000000706200000| Untracked 
|  41|0x0000000706400000, 0x0000000706400000, 0x0000000706600000|  0%| F|  |TAMS 0x0000000706400000, 0x0000000706400000| Untracked 
|  42|0x0000000706600000, 0x0000000706600000, 0x0000000706800000|  0%| F|  |TAMS 0x0000000706600000, 0x0000000706600000| Untracked 
|  43|0x0000000706800000, 0x0000000706800000, 0x0000000706a00000|  0%| F|  |TAMS 0x0000000706800000, 0x0000000706800000| Untracked 
|  44|0x0000000706a00000, 0x0000000706a00000, 0x0000000706c00000|  0%| F|  |TAMS 0x0000000706a00000, 0x0000000706a00000| Untracked 
|  45|0x0000000706c00000, 0x0000000706c00000, 0x0000000706e00000|  0%| F|  |TAMS 0x0000000706c00000, 0x0000000706c00000| Untracked 
|  46|0x0000000706e00000, 0x0000000706e00000, 0x0000000707000000|  0%| F|  |TAMS 0x0000000706e00000, 0x0000000706e00000| Untracked 
|  47|0x0000000707000000, 0x0000000707000000, 0x0000000707200000|  0%| F|  |TAMS 0x0000000707000000, 0x0000000707000000| Untracked 
|  48|0x0000000707200000, 0x0000000707200000, 0x0000000707400000|  0%| F|  |TAMS 0x0000000707200000, 0x0000000707200000| Untracked 
|  49|0x0000000707400000, 0x0000000707400000, 0x0000000707600000|  0%| F|  |TAMS 0x0000000707400000, 0x0000000707400000| Untracked 
|  50|0x0000000707600000, 0x0000000707600000, 0x0000000707800000|  0%| F|  |TAMS 0x0000000707600000, 0x0000000707600000| Untracked 
|  51|0x0000000707800000, 0x00000007078068d0, 0x0000000707a00000|  1%| S|CS|TAMS 0x0000000707800000, 0x0000000707800000| Complete 
|  52|0x0000000707a00000, 0x0000000707a00000, 0x0000000707c00000|  0%| F|  |TAMS 0x0000000707a00000, 0x0000000707a00000| Untracked 
|  53|0x0000000707c00000, 0x0000000707c00000, 0x0000000707e00000|  0%| F|  |TAMS 0x0000000707c00000, 0x0000000707c00000| Untracked 
|  54|0x0000000707e00000, 0x0000000707e00000, 0x0000000708000000|  0%| F|  |TAMS 0x0000000707e00000, 0x0000000707e00000| Untracked 
|  55|0x0000000708000000, 0x0000000708000000, 0x0000000708200000|  0%| F|  |TAMS 0x0000000708000000, 0x0000000708000000| Untracked 
|  56|0x0000000708200000, 0x0000000708200000, 0x0000000708400000|  0%| F|  |TAMS 0x0000000708200000, 0x0000000708200000| Untracked 
|  57|0x0000000708400000, 0x0000000708400000, 0x0000000708600000|  0%| F|  |TAMS 0x0000000708400000, 0x0000000708400000| Untracked 
|  58|0x0000000708600000, 0x0000000708600000, 0x0000000708800000|  0%| F|  |TAMS 0x0000000708600000, 0x0000000708600000| Untracked 
|  59|0x0000000708800000, 0x0000000708800000, 0x0000000708a00000|  0%| F|  |TAMS 0x0000000708800000, 0x0000000708800000| Untracked 
|  60|0x0000000708a00000, 0x0000000708a00000, 0x0000000708c00000|  0%| F|  |TAMS 0x0000000708a00000, 0x0000000708a00000| Untracked 
|  61|0x0000000708c00000, 0x0000000708c00000, 0x0000000708e00000|  0%| F|  |TAMS 0x0000000708c00000, 0x0000000708c00000| Untracked 
|  62|0x0000000708e00000, 0x0000000708e00000, 0x0000000709000000|  0%| F|  |TAMS 0x0000000708e00000, 0x0000000708e00000| Untracked 
|  63|0x0000000709000000, 0x0000000709000000, 0x0000000709200000|  0%| F|  |TAMS 0x0000000709000000, 0x0000000709000000| Untracked 
|  64|0x0000000709200000, 0x0000000709200000, 0x0000000709400000|  0%| F|  |TAMS 0x0000000709200000, 0x0000000709200000| Untracked 
|  65|0x0000000709400000, 0x0000000709400000, 0x0000000709600000|  0%| F|  |TAMS 0x0000000709400000, 0x0000000709400000| Untracked 
|  66|0x0000000709600000, 0x0000000709600000, 0x0000000709800000|  0%| F|  |TAMS 0x0000000709600000, 0x0000000709600000| Untracked 
|  67|0x0000000709800000, 0x0000000709800000, 0x0000000709a00000|  0%| F|  |TAMS 0x0000000709800000, 0x0000000709800000| Untracked 
|  68|0x0000000709a00000, 0x0000000709a00000, 0x0000000709c00000|  0%| F|  |TAMS 0x0000000709a00000, 0x0000000709a00000| Untracked 
|  69|0x0000000709c00000, 0x0000000709c00000, 0x0000000709e00000|  0%| F|  |TAMS 0x0000000709c00000, 0x0000000709c00000| Untracked 
|  70|0x0000000709e00000, 0x0000000709e00000, 0x000000070a000000|  0%| F|  |TAMS 0x0000000709e00000, 0x0000000709e00000| Untracked 
|  71|0x000000070a000000, 0x000000070a000000, 0x000000070a200000|  0%| F|  |TAMS 0x000000070a000000, 0x000000070a000000| Untracked 
|  72|0x000000070a200000, 0x000000070a200000, 0x000000070a400000|  0%| F|  |TAMS 0x000000070a200000, 0x000000070a200000| Untracked 
|  73|0x000000070a400000, 0x000000070a400000, 0x000000070a600000|  0%| F|  |TAMS 0x000000070a400000, 0x000000070a400000| Untracked 
|  74|0x000000070a600000, 0x000000070a600000, 0x000000070a800000|  0%| F|  |TAMS 0x000000070a600000, 0x000000070a600000| Untracked 
|  75|0x000000070a800000, 0x000000070a800000, 0x000000070aa00000|  0%| F|  |TAMS 0x000000070a800000, 0x000000070a800000| Untracked 
|  76|0x000000070aa00000, 0x000000070aa00000, 0x000000070ac00000|  0%| F|  |TAMS 0x000000070aa00000, 0x000000070aa00000| Untracked 
|  77|0x000000070ac00000, 0x000000070ac00000, 0x000000070ae00000|  0%| F|  |TAMS 0x000000070ac00000, 0x000000070ac00000| Untracked 
|  78|0x000000070ae00000, 0x000000070ae00000, 0x000000070b000000|  0%| F|  |TAMS 0x000000070ae00000, 0x000000070ae00000| Untracked 
|  79|0x000000070b000000, 0x000000070b000000, 0x000000070b200000|  0%| F|  |TAMS 0x000000070b000000, 0x000000070b000000| Untracked 
|  80|0x000000070b200000, 0x000000070b200000, 0x000000070b400000|  0%| F|  |TAMS 0x000000070b200000, 0x000000070b200000| Untracked 
|  81|0x000000070b400000, 0x000000070b400000, 0x000000070b600000|  0%| F|  |TAMS 0x000000070b400000, 0x000000070b400000| Untracked 
|  82|0x000000070b600000, 0x000000070b600000, 0x000000070b800000|  0%| F|  |TAMS 0x000000070b600000, 0x000000070b600000| Untracked 
|  83|0x000000070b800000, 0x000000070b800000, 0x000000070ba00000|  0%| F|  |TAMS 0x000000070b800000, 0x000000070b800000| Untracked 
|  84|0x000000070ba00000, 0x000000070ba00000, 0x000000070bc00000|  0%| F|  |TAMS 0x000000070ba00000, 0x000000070ba00000| Untracked 
|  85|0x000000070bc00000, 0x000000070bc00000, 0x000000070be00000|  0%| F|  |TAMS 0x000000070bc00000, 0x000000070bc00000| Untracked 
|  86|0x000000070be00000, 0x000000070be00000, 0x000000070c000000|  0%| F|  |TAMS 0x000000070be00000, 0x000000070be00000| Untracked 
|  87|0x000000070c000000, 0x000000070c000000, 0x000000070c200000|  0%| F|  |TAMS 0x000000070c000000, 0x000000070c000000| Untracked 
|  88|0x000000070c200000, 0x000000070c200000, 0x000000070c400000|  0%| F|  |TAMS 0x000000070c200000, 0x000000070c200000| Untracked 
|  89|0x000000070c400000, 0x000000070c400000, 0x000000070c600000|  0%| F|  |TAMS 0x000000070c400000, 0x000000070c400000| Untracked 
|  90|0x000000070c600000, 0x000000070c600000, 0x000000070c800000|  0%| F|  |TAMS 0x000000070c600000, 0x000000070c600000| Untracked 
|  91|0x000000070c800000, 0x000000070c800000, 0x000000070ca00000|  0%| F|  |TAMS 0x000000070c800000, 0x000000070c800000| Untracked 
|  92|0x000000070ca00000, 0x000000070ca00000, 0x000000070cc00000|  0%| F|  |TAMS 0x000000070ca00000, 0x000000070ca00000| Untracked 
|  93|0x000000070cc00000, 0x000000070cc00000, 0x000000070ce00000|  0%| F|  |TAMS 0x000000070cc00000, 0x000000070cc00000| Untracked 
|  94|0x000000070ce00000, 0x000000070ce00000, 0x000000070d000000|  0%| F|  |TAMS 0x000000070ce00000, 0x000000070ce00000| Untracked 
|  95|0x000000070d000000, 0x000000070d000000, 0x000000070d200000|  0%| F|  |TAMS 0x000000070d000000, 0x000000070d000000| Untracked 
|  96|0x000000070d200000, 0x000000070d200000, 0x000000070d400000|  0%| F|  |TAMS 0x000000070d200000, 0x000000070d200000| Untracked 
|  97|0x000000070d400000, 0x000000070d400000, 0x000000070d600000|  0%| F|  |TAMS 0x000000070d400000, 0x000000070d400000| Untracked 
|  98|0x000000070d600000, 0x000000070d600000, 0x000000070d800000|  0%| F|  |TAMS 0x000000070d600000, 0x000000070d600000| Untracked 
|  99|0x000000070d800000, 0x000000070d800000, 0x000000070da00000|  0%| F|  |TAMS 0x000000070d800000, 0x000000070d800000| Untracked 
| 100|0x000000070da00000, 0x000000070da00000, 0x000000070dc00000|  0%| F|  |TAMS 0x000000070da00000, 0x000000070da00000| Untracked 
| 101|0x000000070dc00000, 0x000000070dc00000, 0x000000070de00000|  0%| F|  |TAMS 0x000000070dc00000, 0x000000070dc00000| Untracked 
| 102|0x000000070de00000, 0x000000070de00000, 0x000000070e000000|  0%| F|  |TAMS 0x000000070de00000, 0x000000070de00000| Untracked 
| 103|0x000000070e000000, 0x000000070e000000, 0x000000070e200000|  0%| F|  |TAMS 0x000000070e000000, 0x000000070e000000| Untracked 
| 104|0x000000070e200000, 0x000000070e200000, 0x000000070e400000|  0%| F|  |TAMS 0x000000070e200000, 0x000000070e200000| Untracked 
| 105|0x000000070e400000, 0x000000070e400000, 0x000000070e600000|  0%| F|  |TAMS 0x000000070e400000, 0x000000070e400000| Untracked 
| 106|0x000000070e600000, 0x000000070e600000, 0x000000070e800000|  0%| F|  |TAMS 0x000000070e600000, 0x000000070e600000| Untracked 
| 107|0x000000070e800000, 0x000000070e800000, 0x000000070ea00000|  0%| F|  |TAMS 0x000000070e800000, 0x000000070e800000| Untracked 
| 108|0x000000070ea00000, 0x000000070ec00000, 0x000000070ec00000|100%| E|  |TAMS 0x000000070ea00000, 0x000000070ea00000| Complete 
| 109|0x000000070ec00000, 0x000000070ee00000, 0x000000070ee00000|100%| E|CS|TAMS 0x000000070ec00000, 0x000000070ec00000| Complete 
| 110|0x000000070ee00000, 0x000000070f000000, 0x000000070f000000|100%| E|CS|TAMS 0x000000070ee00000, 0x000000070ee00000| Complete 
| 111|0x000000070f000000, 0x000000070f200000, 0x000000070f200000|100%| E|CS|TAMS 0x000000070f000000, 0x000000070f000000| Complete 
| 112|0x000000070f200000, 0x000000070f400000, 0x000000070f400000|100%| E|CS|TAMS 0x000000070f200000, 0x000000070f200000| Complete 
| 113|0x000000070f400000, 0x000000070f600000, 0x000000070f600000|100%| E|CS|TAMS 0x000000070f400000, 0x000000070f400000| Complete 
| 114|0x000000070f600000, 0x000000070f800000, 0x000000070f800000|100%| E|CS|TAMS 0x000000070f600000, 0x000000070f600000| Complete 
| 115|0x000000070f800000, 0x000000070fa00000, 0x000000070fa00000|100%| E|CS|TAMS 0x000000070f800000, 0x000000070f800000| Complete 
| 116|0x000000070fa00000, 0x000000070fc00000, 0x000000070fc00000|100%| E|CS|TAMS 0x000000070fa00000, 0x000000070fa00000| Complete 
| 117|0x000000070fc00000, 0x000000070fe00000, 0x000000070fe00000|100%| E|CS|TAMS 0x000000070fc00000, 0x000000070fc00000| Complete 
| 118|0x000000070fe00000, 0x0000000710000000, 0x0000000710000000|100%| E|CS|TAMS 0x000000070fe00000, 0x000000070fe00000| Complete 
| 119|0x0000000710000000, 0x0000000710200000, 0x0000000710200000|100%| E|CS|TAMS 0x0000000710000000, 0x0000000710000000| Complete 
| 120|0x0000000710200000, 0x0000000710400000, 0x0000000710400000|100%| E|CS|TAMS 0x0000000710200000, 0x0000000710200000| Complete 
| 121|0x0000000710400000, 0x0000000710600000, 0x0000000710600000|100%| E|CS|TAMS 0x0000000710400000, 0x0000000710400000| Complete 
| 122|0x0000000710600000, 0x0000000710800000, 0x0000000710800000|100%| E|CS|TAMS 0x0000000710600000, 0x0000000710600000| Complete 
| 123|0x0000000710800000, 0x0000000710a00000, 0x0000000710a00000|100%| E|CS|TAMS 0x0000000710800000, 0x0000000710800000| Complete 
| 124|0x0000000710a00000, 0x0000000710c00000, 0x0000000710c00000|100%| E|CS|TAMS 0x0000000710a00000, 0x0000000710a00000| Complete 
| 125|0x0000000710c00000, 0x0000000710e00000, 0x0000000710e00000|100%| E|CS|TAMS 0x0000000710c00000, 0x0000000710c00000| Complete 
| 126|0x0000000710e00000, 0x0000000711000000, 0x0000000711000000|100%| E|CS|TAMS 0x0000000710e00000, 0x0000000710e00000| Complete 
| 127|0x0000000711000000, 0x0000000711200000, 0x0000000711200000|100%| E|CS|TAMS 0x0000000711000000, 0x0000000711000000| Complete 

Card table byte_map: [0x000001cbf6900000,0x000001cbf7100000] _byte_map_base: 0x000001cbf30f7000

Marking Bits (Prev, Next): (CMBitMap*) 0x000001cbf0299a30, (CMBitMap*) 0x000001cbf0299a70
 Prev Bits: [0x000001cbf7900000, 0x000001cbfb8b8000)
 Next Bits: [0x000001cbfb8c0000, 0x000001cbff878000)

Polling page: 0x000001cbf0080000

Metaspace:

Usage:
  Non-class:     15.28 MB capacity,    15.18 MB (>99%) used,    73.98 KB ( <1%) free+waste,    19.31 KB ( <1%) overhead. 
      Class:      1.60 MB capacity,     1.54 MB ( 96%) used,    53.56 KB (  3%) free+waste,     6.31 KB ( <1%) overhead. 
       Both:     16.88 MB capacity,    16.73 MB (>99%) used,   127.55 KB ( <1%) free+waste,    25.62 KB ( <1%) overhead. 

Virtual space:
  Non-class space:       16.00 MB reserved,      15.50 MB ( 97%) committed 
      Class space:        1.00 GB reserved,       1.62 MB ( <1%) committed 
             Both:        1.02 GB reserved,      17.12 MB (  2%) committed 

Chunk freelists:
   Non-Class:  38.00 KB
       Class:  25.00 KB
        Both:  63.00 KB

MaxMetaspaceSize: 17179869184.00 GB
CompressedClassSpaceSize: 1.00 GB

CodeHeap 'non-profiled nmethods': size=120000Kb used=2244Kb max_used=2244Kb free=117755Kb
 bounds [0x000001cb87ad0000, 0x000001cb87d40000, 0x000001cb8f000000]
CodeHeap 'profiled nmethods': size=120000Kb used=3249Kb max_used=3249Kb free=116750Kb
 bounds [0x000001cb805a0000, 0x000001cb808d0000, 0x000001cb87ad0000]
CodeHeap 'non-nmethods': size=5760Kb used=1364Kb max_used=1502Kb free=4395Kb
 bounds [0x000001cb80000000, 0x000001cb80270000, 0x000001cb805a0000]
 total_blobs=2354 nmethods=1787 adapters=480
 compilation: enabled
              stopped_count=0, restarted_count=0
 full_count=0

Compilation events (20 events):
Event: 160.567 Thread 0x000001cb91ef70f0 1779       3       engine.Renderer::DrawLineLow (131 bytes)
Event: 160.568 Thread 0x000001cb91ef70f0 nmethod 1779 0x000001cb808bdc10 code [0x000001cb808bde80, 0x000001cb808bea18]
Event: 160.668 Thread 0x000001cb91ef70f0 1780       3       engine.Renderer::DrawLineHigh (122 bytes)
Event: 160.668 Thread 0x000001cb91ef70f0 nmethod 1780 0x000001cb808bef10 code [0x000001cb808bf160, 0x000001cb808bfc48]
Event: 160.689 Thread 0x000001cb91ef70f0 1781       3       engine.Renderer::DrawLine (67 bytes)
Event: 160.690 Thread 0x000001cb91ef70f0 nmethod 1781 0x000001cb808c0110 code [0x000001cb808c0300, 0x000001cb808c0778]
Event: 160.714 Thread 0x000001cb91ef6640 1782 %     4       engine.Renderer::DrawLineLow @ 58 (131 bytes)
Event: 160.725 Thread 0x000001cb91ef6640 nmethod 1782% 0x000001cb87cfb210 code [0x000001cb87cfb400, 0x000001cb87cfc428]
Event: 160.745 Thread 0x000001cb91ef6640 1783       4       engine.Renderer::DrawLineLow (131 bytes)
Event: 160.757 Thread 0x000001cb91ef6640 nmethod 1783 0x000001cb87cfca90 code [0x000001cb87cfcc80, 0x000001cb87cfdbe8]
Event: 160.982 Thread 0x000001cb91ef70f0 1784       3       engine.Renderer::GetNewClippedVertex (106 bytes)
Event: 160.983 Thread 0x000001cb91ef70f0 nmethod 1784 0x000001cb808c0910 code [0x000001cb808c0ba0, 0x000001cb808c1658]
Event: 161.083 Thread 0x000001cb91ef6640 1785 %     4       engine.Renderer::DrawLineHigh @ 58 (122 bytes)
Event: 161.093 Thread 0x000001cb91ef6640 nmethod 1785% 0x000001cb87cfe210 code [0x000001cb87cfe400, 0x000001cb87cff338]
Event: 161.165 Thread 0x000001cb91ef6640 1786       4       engine.Renderer::DrawLineHigh (122 bytes)
Event: 161.175 Thread 0x000001cb91ef6640 nmethod 1786 0x000001cb87cff990 code [0x000001cb87cffb80, 0x000001cb87d00b38]
Event: 161.366 Thread 0x000001cb91ef70f0 1787       3       engine.Renderer::GetVerticesAfterClipping (575 bytes)
Event: 161.369 Thread 0x000001cb91ef70f0 nmethod 1787 0x000001cb808c1a90 code [0x000001cb808c24c0, 0x000001cb808c89a8]
Event: 161.383 Thread 0x000001cb91ef70f0 1788       3       engine.Renderer::SortVertices (140 bytes)
Event: 161.384 Thread 0x000001cb91ef70f0 nmethod 1788 0x000001cb808cb710 code [0x000001cb808cb920, 0x000001cb808cc358]

GC Heap History (20 events):
Event: 85.128 GC heap before
{Heap before GC invocations=17 (full 0):
 garbage-first heap   total 262144K, used 179324K [0x0000000701200000, 0x0000000800000000)
  region size 2048K, 76 young (155648K), 1 survivors (2048K)
 Metaspace       used 17000K, capacity 17214K, committed 17280K, reserved 1064960K
  class space    used 1576K, capacity 1638K, committed 1664K, reserved 1048576K
}
Event: 85.129 GC heap after
{Heap after GC invocations=18 (full 0):
 garbage-first heap   total 262144K, used 25672K [0x0000000701200000, 0x0000000800000000)
  region size 2048K, 1 young (2048K), 1 survivors (2048K)
 Metaspace       used 17000K, capacity 17214K, committed 17280K, reserved 1064960K
  class space    used 1576K, capacity 1638K, committed 1664K, reserved 1048576K
}
Event: 89.790 GC heap before
{Heap before GC invocations=18 (full 0):
 garbage-first heap   total 262144K, used 179272K [0x0000000701200000, 0x0000000800000000)
  region size 2048K, 76 young (155648K), 1 survivors (2048K)
 Metaspace       used 17000K, capacity 17214K, committed 17280K, reserved 1064960K
  class space    used 1576K, capacity 1638K, committed 1664K, reserved 1048576K
}
Event: 89.790 GC heap after
{Heap after GC invocations=19 (full 0):
 garbage-first heap   total 262144K, used 25694K [0x0000000701200000, 0x0000000800000000)
  region size 2048K, 1 young (2048K), 1 survivors (2048K)
 Metaspace       used 17000K, capacity 17214K, committed 17280K, reserved 1064960K
  class space    used 1576K, capacity 1638K, committed 1664K, reserved 1048576K
}
Event: 97.162 GC heap before
{Heap before GC invocations=19 (full 0):
 garbage-first heap   total 262144K, used 179294K [0x0000000701200000, 0x0000000800000000)
  region size 2048K, 76 young (155648K), 1 survivors (2048K)
 Metaspace       used 17044K, capacity 17217K, committed 17280K, reserved 1064960K
  class space    used 1577K, capacity 1639K, committed 1664K, reserved 1048576K
}
Event: 97.163 GC heap after
{Heap after GC invocations=20 (full 0):
 garbage-first heap   total 262144K, used 25745K [0x0000000701200000, 0x0000000800000000)
  region size 2048K, 1 young (2048K), 1 survivors (2048K)
 Metaspace       used 17044K, capacity 17217K, committed 17280K, reserved 1064960K
  class space    used 1577K, capacity 1639K, committed 1664K, reserved 1048576K
}
Event: 105.947 GC heap before
{Heap before GC invocations=20 (full 0):
 garbage-first heap   total 262144K, used 179345K [0x0000000701200000, 0x0000000800000000)
  region size 2048K, 76 young (155648K), 1 survivors (2048K)
 Metaspace       used 17044K, capacity 17217K, committed 17280K, reserved 1064960K
  class space    used 1577K, capacity 1639K, committed 1664K, reserved 1048576K
}
Event: 105.948 GC heap after
{Heap after GC invocations=21 (full 0):
 garbage-first heap   total 262144K, used 25747K [0x0000000701200000, 0x0000000800000000)
  region size 2048K, 1 young (2048K), 1 survivors (2048K)
 Metaspace       used 17044K, capacity 17217K, committed 17280K, reserved 1064960K
  class space    used 1577K, capacity 1639K, committed 1664K, reserved 1048576K
}
Event: 114.712 GC heap before
{Heap before GC invocations=21 (full 0):
 garbage-first heap   total 262144K, used 179347K [0x0000000701200000, 0x0000000800000000)
  region size 2048K, 76 young (155648K), 1 survivors (2048K)
 Metaspace       used 17044K, capacity 17217K, committed 17280K, reserved 1064960K
  class space    used 1577K, capacity 1639K, committed 1664K, reserved 1048576K
}
Event: 114.713 GC heap after
{Heap after GC invocations=22 (full 0):
 garbage-first heap   total 262144K, used 25693K [0x0000000701200000, 0x0000000800000000)
  region size 2048K, 1 young (2048K), 1 survivors (2048K)
 Metaspace       used 17044K, capacity 17217K, committed 17280K, reserved 1064960K
  class space    used 1577K, capacity 1639K, committed 1664K, reserved 1048576K
}
Event: 123.620 GC heap before
{Heap before GC invocations=22 (full 0):
 garbage-first heap   total 262144K, used 179293K [0x0000000701200000, 0x0000000800000000)
  region size 2048K, 76 young (155648K), 1 survivors (2048K)
 Metaspace       used 17044K, capacity 17217K, committed 17280K, reserved 1064960K
  class space    used 1577K, capacity 1639K, committed 1664K, reserved 1048576K
}
Event: 123.620 GC heap after
{Heap after GC invocations=23 (full 0):
 garbage-first heap   total 262144K, used 25703K [0x0000000701200000, 0x0000000800000000)
  region size 2048K, 1 young (2048K), 1 survivors (2048K)
 Metaspace       used 17044K, capacity 17217K, committed 17280K, reserved 1064960K
  class space    used 1577K, capacity 1639K, committed 1664K, reserved 1048576K
}
Event: 132.540 GC heap before
{Heap before GC invocations=23 (full 0):
 garbage-first heap   total 262144K, used 179303K [0x0000000701200000, 0x0000000800000000)
  region size 2048K, 76 young (155648K), 1 survivors (2048K)
 Metaspace       used 17086K, capacity 17217K, committed 17280K, reserved 1064960K
  class space    used 1578K, capacity 1639K, committed 1664K, reserved 1048576K
}
Event: 132.541 GC heap after
{Heap after GC invocations=24 (full 0):
 garbage-first heap   total 262144K, used 25699K [0x0000000701200000, 0x0000000800000000)
  region size 2048K, 1 young (2048K), 1 survivors (2048K)
 Metaspace       used 17086K, capacity 17217K, committed 17280K, reserved 1064960K
  class space    used 1578K, capacity 1639K, committed 1664K, reserved 1048576K
}
Event: 141.458 GC heap before
{Heap before GC invocations=24 (full 0):
 garbage-first heap   total 262144K, used 179299K [0x0000000701200000, 0x0000000800000000)
  region size 2048K, 76 young (155648K), 1 survivors (2048K)
 Metaspace       used 17086K, capacity 17217K, committed 17280K, reserved 1064960K
  class space    used 1578K, capacity 1639K, committed 1664K, reserved 1048576K
}
Event: 141.458 GC heap after
{Heap after GC invocations=25 (full 0):
 garbage-first heap   total 262144K, used 25708K [0x0000000701200000, 0x0000000800000000)
  region size 2048K, 1 young (2048K), 1 survivors (2048K)
 Metaspace       used 17086K, capacity 17217K, committed 17280K, reserved 1064960K
  class space    used 1578K, capacity 1639K, committed 1664K, reserved 1048576K
}
Event: 150.261 GC heap before
{Heap before GC invocations=25 (full 0):
 garbage-first heap   total 262144K, used 179308K [0x0000000701200000, 0x0000000800000000)
  region size 2048K, 76 young (155648K), 1 survivors (2048K)
 Metaspace       used 17086K, capacity 17217K, committed 17280K, reserved 1064960K
  class space    used 1578K, capacity 1639K, committed 1664K, reserved 1048576K
}
Event: 150.262 GC heap after
{Heap after GC invocations=26 (full 0):
 garbage-first heap   total 262144K, used 25722K [0x0000000701200000, 0x0000000800000000)
  region size 2048K, 1 young (2048K), 1 survivors (2048K)
 Metaspace       used 17086K, capacity 17217K, committed 17280K, reserved 1064960K
  class space    used 1578K, capacity 1639K, committed 1664K, reserved 1048576K
}
Event: 159.099 GC heap before
{Heap before GC invocations=26 (full 0):
 garbage-first heap   total 262144K, used 179322K [0x0000000701200000, 0x0000000800000000)
  region size 2048K, 76 young (155648K), 1 survivors (2048K)
 Metaspace       used 17086K, capacity 17217K, committed 17280K, reserved 1064960K
  class space    used 1578K, capacity 1639K, committed 1664K, reserved 1048576K
}
Event: 159.100 GC heap after
{Heap after GC invocations=27 (full 0):
 garbage-first heap   total 262144K, used 25709K [0x0000000701200000, 0x0000000800000000)
  region size 2048K, 1 young (2048K), 1 survivors (2048K)
 Metaspace       used 17086K, capacity 17217K, committed 17280K, reserved 1064960K
  class space    used 1578K, capacity 1639K, committed 1664K, reserved 1048576K
}

Deoptimization events (20 events):
Event: 160.353 Thread 0x000001cbf02484a0 Uncommon trap: trap_request=0xffffff45 fr.pc=0x000001cb87cf238c relative=0x00000000000011ec
Event: 160.353 Thread 0x000001cbf02484a0 Uncommon trap: reason=unstable_if action=reinterpret pc=0x000001cb87cf238c method=engine.Renderer.FillTriangleOnScreen(Lengine/Vertex;Lengine/Vertex;Lengine/Vertex;I)V @ 343 c2
Event: 160.353 Thread 0x000001cbf02484a0 DEOPT PACKING pc=0x000001cb87cf238c sp=0x000000affb9ff3d0
Event: 160.353 Thread 0x000001cbf02484a0 DEOPT UNPACKING pc=0x000001cb8004e42f sp=0x000000affb9ff3d8 mode 2
Event: 160.368 Thread 0x000001cbf02484a0 DEOPT PACKING pc=0x000001cb808b5e2f sp=0x000000affb9ff5c0
Event: 160.368 Thread 0x000001cbf02484a0 DEOPT UNPACKING pc=0x000001cb8004e23f sp=0x000000affb9fea50 mode 0
Event: 160.592 Thread 0x000001cbf02484a0 DEOPT PACKING pc=0x000001cb808be854 sp=0x000000affb9ff270
Event: 160.592 Thread 0x000001cbf02484a0 DEOPT UNPACKING pc=0x000001cb8004e23f sp=0x000000affb9fe790 mode 0
Event: 160.617 Thread 0x000001cbf02484a0 DEOPT PACKING pc=0x000001cb808be854 sp=0x000000affb9ff270
Event: 160.617 Thread 0x000001cbf02484a0 DEOPT UNPACKING pc=0x000001cb8004e23f sp=0x000000affb9fe790 mode 0
Event: 160.649 Thread 0x000001cbf02484a0 DEOPT PACKING pc=0x000001cb808be854 sp=0x000000affb9ff270
Event: 160.649 Thread 0x000001cbf02484a0 DEOPT UNPACKING pc=0x000001cb8004e23f sp=0x000000affb9fe790 mode 0
Event: 160.679 Thread 0x000001cbf02484a0 DEOPT PACKING pc=0x000001cb808be854 sp=0x000000affb9ff270
Event: 160.679 Thread 0x000001cbf02484a0 DEOPT UNPACKING pc=0x000001cb8004e23f sp=0x000000affb9fe790 mode 0
Event: 160.714 Thread 0x000001cbf02484a0 DEOPT PACKING pc=0x000001cb808be854 sp=0x000000affb9ff2b0
Event: 160.714 Thread 0x000001cbf02484a0 DEOPT UNPACKING pc=0x000001cb8004e23f sp=0x000000affb9fe7a8 mode 0
Event: 160.745 Thread 0x000001cbf02484a0 DEOPT PACKING pc=0x000001cb808be854 sp=0x000000affb9ff2b0
Event: 160.745 Thread 0x000001cbf02484a0 DEOPT UNPACKING pc=0x000001cb8004e23f sp=0x000000affb9fe7a8 mode 0
Event: 161.165 Thread 0x000001cbf02484a0 DEOPT PACKING pc=0x000001cb808bfaa2 sp=0x000000affb9ff2b0
Event: 161.165 Thread 0x000001cbf02484a0 DEOPT UNPACKING pc=0x000001cb8004e23f sp=0x000000affb9fe7a8 mode 0

Classes unloaded (0 events):
No events

Classes redefined (2 events):
Event: 124.235 Thread 0x000001cb91e8ac60 redefined class name=engine.Renderer, count=1
Event: 160.286 Thread 0x000001cb91e8ac60 redefined class name=engine.Renderer, count=2

Internal exceptions (16 events):
Event: 0.292 Thread 0x000001cbf02484a0 Exception <a 'java/lang/NoSuchMethodError'{0x0000000710e468e0}: 'void java.lang.invoke.DirectMethodHandle$Holder.invokeStatic(java.lang.Object, java.lang.Object)'> (0x0000000710e468e0) 
thrown [./open/src/hotspot/share/interpreter/linkResolver.cpp, line 782]
Event: 0.292 Thread 0x000001cbf02484a0 Exception <a 'java/lang/NoSuchMethodError'{0x0000000710e4a588}: 'void java.lang.invoke.DirectMethodHandle$Holder.invokeStaticInit(java.lang.Object, java.lang.Object)'> (0x0000000710e4a588) 
thrown [./open/src/hotspot/share/interpreter/linkResolver.cpp, line 782]
Event: 0.351 Thread 0x000001cbf02484a0 Exception <a 'java/lang/NoSuchMethodError'{0x0000000710c2a0a8}: 'java.lang.Object java.lang.invoke.DirectMethodHandle$Holder.invokeStatic(java.lang.Object)'> (0x0000000710c2a0a8) 
thrown [./open/src/hotspot/share/interpreter/linkResolver.cpp, line 782]
Event: 0.386 Thread 0x000001cbf02484a0 Exception <a 'java/lang/NoSuchMethodError'{0x0000000710da0380}: 'void java.lang.invoke.DirectMethodHandle$Holder.invokeSpecial(java.lang.Object, java.lang.Object, java.lang.Object)'> (0x0000000710da0380) 
thrown [./open/src/hotspot/share/interpreter/linkResolver.cpp, line 782]
Event: 0.392 Thread 0x000001cbf02484a0 Exception <a 'java/lang/ClassNotFoundException'{0x0000000710ddf5e8}: sun/awt/resources/spi/awtProvider> (0x0000000710ddf5e8) 
thrown [./open/src/hotspot/share/classfile/systemDictionary.cpp, line 295]
Event: 0.404 Thread 0x000001cbf02484a0 Exception <a 'java/io/FileNotFoundException'{0x0000000710a3dd18}> (0x0000000710a3dd18) 
thrown [./open/src/hotspot/share/prims/jni.cpp, line 578]
Event: 0.408 Thread 0x000001cbf02484a0 Exception <a 'java/io/FileNotFoundException'{0x0000000710a6e610}> (0x0000000710a6e610) 
thrown [./open/src/hotspot/share/prims/jni.cpp, line 578]
Event: 0.443 Thread 0x000001cbf02484a0 Exception <a 'java/lang/NoSuchMethodError'{0x0000000710bcce10}: 'java.lang.Object java.lang.invoke.DirectMethodHandle$Holder.invokeStaticInit(java.lang.Object)'> (0x0000000710bcce10) 
thrown [./open/src/hotspot/share/interpreter/linkResolver.cpp, line 782]
Event: 0.650 Thread 0x000001cbf02484a0 Exception <a 'java/lang/NoSuchMethodError'{0x0000000710959e10}: 'java.lang.Object java.lang.invoke.DirectMethodHandle$Holder.newInvokeSpecial(java.lang.Object, java.lang.Object, java.lang.Object, java.lang.Object, java.lang.Object)'> (0x0000000710959e10) 
thrown [./open/src/hotspot/share/interpreter/linkResolver.cpp, line 782]
Event: 0.651 Thread 0x000001cbf02484a0 Exception <a 'java/lang/NoSuchMethodError'{0x0000000710965c40}: 'java.lang.Object java.lang.invoke.DirectMethodHandle$Holder.invokeStatic(java.lang.Object, int, java.lang.Object, java.lang.Object, java.lang.Object, java.lang.Object)'> (0x0000000710965c40) 
thrown [./open/src/hotspot/share/interpreter/linkResolver.cpp, line 782]
Event: 0.653 Thread 0x000001cbf02484a0 Exception <a 'java/lang/NoSuchMethodError'{0x000000071098c478}: 'java.lang.Object java.lang.invoke.DirectMethodHandle$Holder.invokeStatic(java.lang.Object, int, java.lang.Object)'> (0x000000071098c478) 
thrown [./open/src/hotspot/share/interpreter/linkResolver.cpp, line 782]
Event: 0.668 Thread 0x000001cbf02484a0 Exception <a 'java/lang/ClassNotFoundException'{0x0000000710653510}: com/sun/swing/internal/plaf/metal/resources/spi/metalProvider> (0x0000000710653510) 
thrown [./open/src/hotspot/share/classfile/systemDictionary.cpp, line 295]
Event: 0.669 Thread 0x000001cbf02484a0 Exception <a 'java/lang/ClassNotFoundException'{0x000000071065a270}: com/sun/swing/internal/plaf/basic/resources/spi/basicProvider> (0x000000071065a270) 
thrown [./open/src/hotspot/share/classfile/systemDictionary.cpp, line 295]
Event: 0.691 Thread 0x000001cbf02484a0 Exception <a 'java/lang/NoSuchMethodError'{0x000000071070e070}: 'void java.lang.invoke.DirectMethodHandle$Holder.invokeStaticInit(java.lang.Object)'> (0x000000071070e070) 
thrown [./open/src/hotspot/share/interpreter/linkResolver.cpp, line 782]
Event: 95.966 Thread 0x000001cb92999ae0 Exception <a 'java/lang/NoSuchMethodError'{0x0000000708e07530}: 'void java.lang.invoke.DirectMethodHandle$Holder.invokeVirtual(java.lang.Object, java.lang.Object)'> (0x0000000708e07530) 
thrown [./open/src/hotspot/share/interpreter/linkResolver.cpp, line 782]
Event: 161.450 Thread 0x000001cb92237e80 Exception <a 'java/lang/LinkageError'{0x000000070fc16350}> (0x000000070fc16350) 
thrown [./open/src/hotspot/share/oops/generateOopMap.cpp, line 2137]

Events (20 events):
Event: 132.540 Executing VM operation: G1CollectForAllocation
Event: 132.541 Executing VM operation: G1CollectForAllocation done
Event: 141.458 Executing VM operation: G1CollectForAllocation
Event: 141.458 Executing VM operation: G1CollectForAllocation done
Event: 150.261 Executing VM operation: G1CollectForAllocation
Event: 150.262 Executing VM operation: G1CollectForAllocation done
Event: 159.099 Executing VM operation: G1CollectForAllocation
Event: 159.100 Executing VM operation: G1CollectForAllocation done
Event: 160.284 Executing VM operation: RedefineClasses
Event: 160.290 Executing VM operation: RedefineClasses done
Event: 161.422 Executing VM operation: ChangeBreakpoints
Event: 161.423 Executing VM operation: ChangeBreakpoints done
Event: 161.428 Executing VM operation: GetFrameCount
Event: 161.428 Executing VM operation: GetFrameCount done
Event: 161.428 Executing VM operation: GetStackTrace
Event: 161.428 Executing VM operation: GetStackTrace done
Event: 161.429 Executing VM operation: GetFrameCount
Event: 161.429 Executing VM operation: GetFrameCount done
Event: 161.450 Executing VM operation: GetFrameLocation
Event: 161.450 Executing VM operation: GetFrameLocation done


Dynamic libraries:
0x00007ff7a1ed0000 - 0x00007ff7a1edd000 	C:\Users\Simon\.p2\pool\plugins\org.eclipse.justj.openjdk.hotspot.jre.full.win32.x86_64_15.0.2.v20210201-0955\jre\bin\javaw.exe
0x00007ff9d4170000 - 0x00007ff9d4365000 	C:\WINDOWS\SYSTEM32\ntdll.dll
0x00007ff9aea00000 - 0x00007ff9aea13000 	C:\Program Files\AVG\Antivirus\aswhook.dll
0x00007ff9d2ad0000 - 0x00007ff9d2b8d000 	C:\WINDOWS\System32\KERNEL32.DLL
0x00007ff9d1f00000 - 0x00007ff9d21c8000 	C:\WINDOWS\System32\KERNELBASE.dll
0x00007ff9d1dd0000 - 0x00007ff9d1ed0000 	C:\WINDOWS\System32\ucrtbase.dll
0x00007ff9a5730000 - 0x00007ff9a5748000 	C:\Users\Simon\.p2\pool\plugins\org.eclipse.justj.openjdk.hotspot.jre.full.win32.x86_64_15.0.2.v20210201-0955\jre\bin\jli.dll
0x00007ff9a0020000 - 0x00007ff9a0039000 	C:\Users\Simon\.p2\pool\plugins\org.eclipse.justj.openjdk.hotspot.jre.full.win32.x86_64_15.0.2.v20210201-0955\jre\bin\VCRUNTIME140.dll
0x00007ff9d3600000 - 0x00007ff9d37a0000 	C:\WINDOWS\System32\USER32.dll
0x00007ff9c5960000 - 0x00007ff9c5bfa000 	C:\WINDOWS\WinSxS\amd64_microsoft.windows.common-controls_6595b64144ccf1df_6.0.19041.844_none_ca00b6081b84eb1d\COMCTL32.dll
0x00007ff9d1cb0000 - 0x00007ff9d1cd2000 	C:\WINDOWS\System32\win32u.dll
0x00007ff9d2710000 - 0x00007ff9d27ae000 	C:\WINDOWS\System32\msvcrt.dll
0x00007ff9d2cd0000 - 0x00007ff9d2cfa000 	C:\WINDOWS\System32\GDI32.dll
0x00007ff9d1ba0000 - 0x00007ff9d1cab000 	C:\WINDOWS\System32\gdi32full.dll
0x00007ff9d1d30000 - 0x00007ff9d1dcd000 	C:\WINDOWS\System32\msvcp_win.dll
0x00007ff9d3950000 - 0x00007ff9d3980000 	C:\WINDOWS\System32\IMM32.DLL
0x00007ff9c5dc0000 - 0x00007ff9c5dcc000 	C:\Users\Simon\.p2\pool\plugins\org.eclipse.justj.openjdk.hotspot.jre.full.win32.x86_64_15.0.2.v20210201-0955\jre\bin\vcruntime140_1.dll
0x00007ff99c670000 - 0x00007ff99c701000 	C:\Users\Simon\.p2\pool\plugins\org.eclipse.justj.openjdk.hotspot.jre.full.win32.x86_64_15.0.2.v20210201-0955\jre\bin\msvcp140.dll
0x00007ff957c30000 - 0x00007ff95878e000 	C:\Users\Simon\.p2\pool\plugins\org.eclipse.justj.openjdk.hotspot.jre.full.win32.x86_64_15.0.2.v20210201-0955\jre\bin\server\jvm.dll
0x00007ff9d2e00000 - 0x00007ff9d2eac000 	C:\WINDOWS\System32\ADVAPI32.dll
0x00007ff9d2d00000 - 0x00007ff9d2d9b000 	C:\WINDOWS\System32\sechost.dll
0x00007ff9d2b90000 - 0x00007ff9d2cbb000 	C:\WINDOWS\System32\RPCRT4.dll
0x00007ff9d21d0000 - 0x00007ff9d21d8000 	C:\WINDOWS\System32\PSAPI.DLL
0x00007ff9c4a30000 - 0x00007ff9c4a39000 	C:\WINDOWS\SYSTEM32\WSOCK32.dll
0x00007ff9c8ca0000 - 0x00007ff9c8cc7000 	C:\WINDOWS\SYSTEM32\WINMM.dll
0x00007ff9c9300000 - 0x00007ff9c930a000 	C:\WINDOWS\SYSTEM32\VERSION.dll
0x00007ff9d2830000 - 0x00007ff9d289b000 	C:\WINDOWS\System32\WS2_32.dll
0x00007ff9cf9f0000 - 0x00007ff9cfa02000 	C:\WINDOWS\SYSTEM32\kernel.appcore.dll
0x00007ff9c6460000 - 0x00007ff9c646a000 	C:\Users\Simon\.p2\pool\plugins\org.eclipse.justj.openjdk.hotspot.jre.full.win32.x86_64_15.0.2.v20210201-0955\jre\bin\jimage.dll
0x00007ff9cf690000 - 0x00007ff9cf874000 	C:\WINDOWS\SYSTEM32\DBGHELP.DLL
0x00007ff9c8fe0000 - 0x00007ff9c900c000 	C:\WINDOWS\SYSTEM32\dbgcore.DLL
0x00007ff9d1960000 - 0x00007ff9d19e0000 	C:\WINDOWS\System32\bcryptPrimitives.dll
0x00007ff99c450000 - 0x00007ff99c489000 	C:\Users\Simon\.p2\pool\plugins\org.eclipse.justj.openjdk.hotspot.jre.full.win32.x86_64_15.0.2.v20210201-0955\jre\bin\jdwp.dll
0x00007ff9bf070000 - 0x00007ff9bf07e000 	C:\Users\Simon\.p2\pool\plugins\org.eclipse.justj.openjdk.hotspot.jre.full.win32.x86_64_15.0.2.v20210201-0955\jre\bin\instrument.dll
0x00007ff9a91b0000 - 0x00007ff9a91d5000 	C:\Users\Simon\.p2\pool\plugins\org.eclipse.justj.openjdk.hotspot.jre.full.win32.x86_64_15.0.2.v20210201-0955\jre\bin\java.dll
0x00007ff9aef40000 - 0x00007ff9aef58000 	C:\Users\Simon\.p2\pool\plugins\org.eclipse.justj.openjdk.hotspot.jre.full.win32.x86_64_15.0.2.v20210201-0955\jre\bin\zip.dll
0x00007ff9d39e0000 - 0x00007ff9d4122000 	C:\WINDOWS\System32\SHELL32.dll
0x00007ff9cfa10000 - 0x00007ff9d01a1000 	C:\WINDOWS\SYSTEM32\windows.storage.dll
0x00007ff9d23b0000 - 0x00007ff9d2705000 	C:\WINDOWS\System32\combase.dll
0x00007ff9d1320000 - 0x00007ff9d134c000 	C:\WINDOWS\SYSTEM32\Wldp.dll
0x00007ff9d2930000 - 0x00007ff9d29de000 	C:\WINDOWS\System32\SHCORE.dll
0x00007ff9d2da0000 - 0x00007ff9d2df5000 	C:\WINDOWS\System32\shlwapi.dll
0x00007ff9d17f0000 - 0x00007ff9d180f000 	C:\WINDOWS\SYSTEM32\profapi.dll
0x00007ff9b07b0000 - 0x00007ff9b07bb000 	C:\Users\Simon\.p2\pool\plugins\org.eclipse.justj.openjdk.hotspot.jre.full.win32.x86_64_15.0.2.v20210201-0955\jre\bin\dt_socket.dll
0x00007ff9d0d30000 - 0x00007ff9d0d6b000 	C:\WINDOWS\SYSTEM32\IPHLPAPI.DLL
0x00007ff9d1090000 - 0x00007ff9d10fa000 	C:\WINDOWS\system32\mswsock.dll
0x00007ff9d0d70000 - 0x00007ff9d0e3c000 	C:\WINDOWS\SYSTEM32\DNSAPI.dll
0x00007ff9d29e0000 - 0x00007ff9d29e8000 	C:\WINDOWS\System32\NSI.dll
0x00007ff9cb580000 - 0x00007ff9cb58a000 	C:\Windows\System32\rasadhlp.dll
0x00007ff9c9430000 - 0x00007ff9c94af000 	C:\WINDOWS\System32\fwpuclnt.dll
0x00007ff9d1ed0000 - 0x00007ff9d1ef7000 	C:\WINDOWS\System32\bcrypt.dll
0x00007ff9aa0c0000 - 0x00007ff9aa0d9000 	C:\Users\Simon\.p2\pool\plugins\org.eclipse.justj.openjdk.hotspot.jre.full.win32.x86_64_15.0.2.v20210201-0955\jre\bin\net.dll
0x00007ff9cbec0000 - 0x00007ff9cbfcb000 	C:\WINDOWS\SYSTEM32\WINHTTP.dll
0x00007ff9a7c40000 - 0x00007ff9a7c52000 	C:\Users\Simon\.p2\pool\plugins\org.eclipse.justj.openjdk.hotspot.jre.full.win32.x86_64_15.0.2.v20210201-0955\jre\bin\nio.dll
0x00007ff9c63e0000 - 0x00007ff9c63f0000 	C:\Users\Simon\.p2\pool\plugins\org.eclipse.justj.openjdk.hotspot.jre.full.win32.x86_64_15.0.2.v20210201-0955\jre\bin\verify.dll
0x00007ff978320000 - 0x00007ff97849f000 	C:\Users\Simon\.p2\pool\plugins\org.eclipse.justj.openjdk.hotspot.jre.full.win32.x86_64_15.0.2.v20210201-0955\jre\bin\awt.dll
0x00007ff9d2eb0000 - 0x00007ff9d2f7d000 	C:\WINDOWS\System32\OLEAUT32.dll
0x00007ff9ced30000 - 0x00007ff9cedc0000 	C:\WINDOWS\SYSTEM32\apphelp.dll
0x00007ff9cf250000 - 0x00007ff9cf27f000 	C:\WINDOWS\system32\DWMAPI.DLL
0x00007ff9cee20000 - 0x00007ff9ceebe000 	C:\WINDOWS\system32\uxtheme.dll
0x00007ff99a880000 - 0x00007ff99a9a6000 	C:\WINDOWS\system32\opengl32.dll
0x00007ff99db20000 - 0x00007ff99db4c000 	C:\WINDOWS\SYSTEM32\GLU32.dll
0x00007ff9d21e0000 - 0x00007ff9d22f5000 	C:\WINDOWS\System32\MSCTF.dll
0x00007ff9d2f80000 - 0x00007ff9d30aa000 	C:\WINDOWS\System32\ole32.dll
0x00007ff9c7670000 - 0x00007ff9c783e000 	C:\WINDOWS\system32\d3d9.dll
0x00007ff9c9310000 - 0x00007ff9c9415000 	C:\WINDOWS\System32\DriverStore\FileRepository\nvaki.inf_amd64_5e1a0fc0d5b00c55\nvldumdx.dll
0x00007ff9d14a0000 - 0x00007ff9d14b2000 	C:\WINDOWS\SYSTEM32\msasn1.dll
0x00007ff9c92c0000 - 0x00007ff9c92f1000 	C:\WINDOWS\SYSTEM32\cryptnet.dll
0x00007ff9d19e0000 - 0x00007ff9d1b3f000 	C:\WINDOWS\System32\CRYPT32.dll
0x00007ff9d1280000 - 0x00007ff9d128c000 	C:\WINDOWS\SYSTEM32\cryptbase.dll
0x00007ff9d1b40000 - 0x00007ff9d1ba0000 	C:\WINDOWS\System32\WINTRUST.DLL
0x00007ff9d2810000 - 0x00007ff9d282d000 	C:\WINDOWS\System32\imagehlp.dll
0x00007ff9d1260000 - 0x00007ff9d1278000 	C:\WINDOWS\SYSTEM32\CRYPTSP.dll
0x00007ff9d09c0000 - 0x00007ff9d09f4000 	C:\WINDOWS\system32\rsaenh.dll
0x00007ff956470000 - 0x00007ff957c28000 	C:\WINDOWS\System32\DriverStore\FileRepository\nvaki.inf_amd64_5e1a0fc0d5b00c55\nvd3dumx.dll
0x00007ff9a9310000 - 0x00007ff9a95c9000 	C:\WINDOWS\system32\nvspcap64.dll
0x00007ff9d05f0000 - 0x00007ff9d0623000 	C:\WINDOWS\SYSTEM32\ntmarta.dll
0x00007ff9d01c0000 - 0x00007ff9d01e3000 	C:\WINDOWS\SYSTEM32\gpapi.dll
0x00007ff9cc5a0000 - 0x00007ff9cc5db000 	C:\WINDOWS\SYSTEM32\dxcore.dll
0x00007ff9d1ce0000 - 0x00007ff9d1d2e000 	C:\WINDOWS\System32\cfgmgr32.dll
0x00007ff99b4d0000 - 0x00007ff99b555000 	C:\Users\Simon\.p2\pool\plugins\org.eclipse.justj.openjdk.hotspot.jre.full.win32.x86_64_15.0.2.v20210201-0955\jre\bin\freetype.dll
0x00007ff99acf0000 - 0x00007ff99ad99000 	C:\Users\Simon\.p2\pool\plugins\org.eclipse.justj.openjdk.hotspot.jre.full.win32.x86_64_15.0.2.v20210201-0955\jre\bin\fontmanager.dll
0x00007ff9b9690000 - 0x00007ff9b9789000 	C:\WINDOWS\SYSTEM32\textinputframework.dll
0x00007ff9cea20000 - 0x00007ff9ceb12000 	C:\WINDOWS\System32\CoreMessaging.dll
0x00007ff9ce340000 - 0x00007ff9ce69e000 	C:\WINDOWS\System32\CoreUIComponents.dll
0x00007ff9ccf70000 - 0x00007ff9cd0c4000 	C:\WINDOWS\SYSTEM32\wintypes.dll

dbghelp: loaded successfully - version: 4.0.5 - missing functions: none
symbol engine: initialized successfully - sym options: 0x614 - pdb path: .;C:\Users\Simon\.p2\pool\plugins\org.eclipse.justj.openjdk.hotspot.jre.full.win32.x86_64_15.0.2.v20210201-0955\jre\bin;C:\WINDOWS\SYSTEM32;C:\Program Files\AVG\Antivirus;C:\WINDOWS\WinSxS\amd64_microsoft.windows.common-controls_6595b64144ccf1df_6.0.19041.844_none_ca00b6081b84eb1d;C:\Users\Simon\.p2\pool\plugins\org.eclipse.justj.openjdk.hotspot.jre.full.win32.x86_64_15.0.2.v20210201-0955\jre\bin\server;C:\WINDOWS\System32\DriverStore\FileRepository\nvaki.inf_amd64_5e1a0fc0d5b00c55

VM Arguments:
jvm_args: -XX:+ShowCodeDetailsInExceptionMessages -agentlib:jdwp=transport=dt_socket,suspend=y,address=localhost:57073 -javaagent:C:\Users\Simon\eclipse\java-2021-03\eclipse\configuration\org.eclipse.osgi\222\0\.cp\lib\javaagent-shaded.jar -Dfile.encoding=Cp1252 
java_command: game.Main
java_class_path (initial): E:\JavaProjs\SitronRasterizer\bin
Launcher Type: SUN_STANDARD

[Global flags]
     intx CICompilerCount                          = 4                                         {product} {ergonomic}
     uint ConcGCThreads                            = 3                                         {product} {ergonomic}
     uint G1ConcRefinementThreads                  = 10                                        {product} {ergonomic}
   size_t G1HeapRegionSize                         = 2097152                                   {product} {ergonomic}
    uintx GCDrainStackTargetSize                   = 64                                        {product} {ergonomic}
   size_t InitialHeapSize                          = 268435456                                 {product} {ergonomic}
   size_t MarkStackSize                            = 4194304                                   {product} {ergonomic}
   size_t MaxHeapSize                              = 4276092928                                {product} {ergonomic}
   size_t MaxNewSize                               = 2564816896                                {product} {ergonomic}
   size_t MinHeapDeltaBytes                        = 2097152                                   {product} {ergonomic}
   size_t MinHeapSize                              = 8388608                                   {product} {ergonomic}
    uintx NonNMethodCodeHeapSize                   = 5839372                                {pd product} {ergonomic}
    uintx NonProfiledCodeHeapSize                  = 122909434                              {pd product} {ergonomic}
    uintx ProfiledCodeHeapSize                     = 122909434                              {pd product} {ergonomic}
    uintx ReservedCodeCacheSize                    = 251658240                              {pd product} {ergonomic}
     bool SegmentedCodeCache                       = true                                      {product} {ergonomic}
     bool ShowCodeDetailsInExceptionMessages       = true                                   {manageable} {command line}
   size_t SoftMaxHeapSize                          = 4276092928                             {manageable} {ergonomic}
     bool UseCompressedClassPointers               = true                                 {lp64_product} {ergonomic}
     bool UseCompressedOops                        = true                                 {lp64_product} {ergonomic}
     bool UseG1GC                                  = true                                      {product} {ergonomic}
     bool UseLargePagesIndividualAllocation        = false                                  {pd product} {ergonomic}

Logging:
Log output configuration:
 #0: stdout all=warning uptime,level,tags
 #1: stderr all=off uptime,level,tags

Environment Variables:
PATH=C:\Users\Simon\.p2\pool\plugins\org.eclipse.justj.openjdk.hotspot.jre.full.win32.x86_64_15.0.2.v20210201-0955\jre\bin;C:/Users/Simon/.p2/pool/plugins/org.eclipse.justj.openjdk.hotspot.jre.full.win32.x86_64_15.0.2.v20210201-0955/jre/bin/server;C:/Users/Simon/.p2/pool/plugins/org.eclipse.justj.openjdk.hotspot.jre.full.win32.x86_64_15.0.2.v20210201-0955/jre/bin;C:\Program Files (x86)\Common Files\Oracle\Java\javapath;C:\WINDOWS\system32;C:\WINDOWS;C:\WINDOWS\System32\Wbem;C:\WINDOWS\System32\WindowsPowerShell\v1.0\;C:\Program Files\Intel\WiFi\bin\;C:\Program Files\Common Files\Intel\WirelessCommon\;C:\WINDOWS\System32\OpenSSH\;C:\Program Files (x86)\NVIDIA Corporation\PhysX\Common;C:\Program Files\NVIDIA Corporation\NVIDIA NvDLISR;C:\Program Files\dotnet\;C:\Users\Simon\AppData\Local\Microsoft\WindowsApps;C:\Program Files\Intel\WiFi\bin\;C:\Program Files\Common Files\Intel\WirelessCommon\;C:\Users\Simon\AppData\Local\GitHubDesktop\bin;C:\Users\Simon\.dotnet\tools;C:\Users\Simon\eclipse\java-2021-03\eclipse;
USERNAME=Simon
OS=Windows_NT
PROCESSOR_IDENTIFIER=Intel64 Family 6 Model 158 Stepping 10, GenuineIntel



---------------  S Y S T E M  ---------------

OS:
 Windows 10 , 64 bit Build 19041 (10.0.19041.804)
OS uptime: 7 days 19:25 hours

CPU: total 12 (initial active 12) (6 cores per cpu, 2 threads per core) family 6 model 158 stepping 10 microcode 0xde, cmov, cx8, fxsr, mmx, sse, sse2, sse3, ssse3, sse4.1, sse4.2, popcnt, vzeroupper, avx, avx2, aes, clmul, erms, rtm, 3dnowpref, lzcnt, ht, tsc, tscinvbit, bmi1, bmi2, adx, fma, clflush, clflushopt

Memory: 4k page, system-wide physical 16307M (8367M free)
TotalPageFile size 27571M (AvailPageFile size 14617M)
current process WorkingSet (physical memory assigned to process): 288M, peak: 351M
current process commit charge ("private bytes"): 437M, peak: 490M

vm_info: OpenJDK 64-Bit Server VM (15.0.2+7-27) for windows-amd64 JRE (15.0.2+7-27), built on Dec  7 2020 20:02:38 by "mach5one" with unknown MS VC++:1925

END.
