#
# A fatal error has been detected by the Java Runtime Environment:
#
#  Internal Error (./open/src/hotspot/share/interpreter/oopMapCache.cpp:111), pid=14400, tid=12788
#  Error: ShouldNotReachHere()
#
# JRE version: OpenJDK Runtime Environment (15.0.2+7) (build 15.0.2+7-27)
# Java VM: OpenJDK 64-Bit Server VM (15.0.2+7-27, mixed mode, tiered, compressed oops, g1 gc, windows-amd64)
# No core dump will be written. Minidumps are not enabled by default on client versions of Windows
#
# If you would like to submit a bug report, please visit:
#   https://bugreport.java.com/bugreport/crash.jsp
#

---------------  S U M M A R Y ------------

Command Line: -XX:+ShowCodeDetailsInExceptionMessages -agentlib:jdwp=transport=dt_socket,suspend=y,address=localhost:50098 -javaagent:C:\Users\Simon\eclipse\java-2021-03\eclipse\configuration\org.eclipse.osgi\222\0\.cp\lib\javaagent-shaded.jar -Dfile.encoding=Cp1252 game.Main

Host: Intel(R) Core(TM) i7-8700 CPU @ 3.20GHz, 12 cores, 15G,  Windows 10 , 64 bit Build 19041 (10.0.19041.804)
Time: Sat Apr 10 17:19:57 2021 Västeuropa, sommartid elapsed time: 597.126122 seconds (0d 0h 9m 57s)

---------------  T H R E A D  ---------------

Current thread (0x0000024727a97620):  JavaThread "JDWP Transport Listener: dt_socket" daemon [_thread_in_vm, id=12788, stack(0x00000099ec900000,0x00000099eca00000)] _threads_hazard_ptr=0x000002472f929980

Stack: [0x00000099ec900000,0x00000099eca00000]
Native frames: (J=compiled Java code, j=interpreted, Vv=VM code, C=native code)
V  [jvm.dll+0x62ae9a]
V  [jvm.dll+0x7817a9]
V  [jvm.dll+0x782f03]
V  [jvm.dll+0x783517]
V  [jvm.dll+0x21628c]
V  [jvm.dll+0x2161d3]
V  [jvm.dll+0x619eea]
V  [jvm.dll+0x619ba3]
V  [jvm.dll+0x5df278]
V  [jvm.dll+0x77876f]
V  [jvm.dll+0x4f02e1]
V  [jvm.dll+0x7882b5]
V  [jvm.dll+0x4d40ea]
V  [jvm.dll+0x49526b]
C  [jdwp.dll+0x796b]


---------------  P R O C E S S  ---------------

Threads class SMR info:
_java_thread_list=0x000002472f929980, length=19, elements={
0x0000024707bd83a0, 0x00000247277f3010, 0x00000247277f55f0, 0x0000024727815ba0,
0x0000024727816170, 0x000002472781c760, 0x0000024727829580, 0x000002472782c160,
0x000002472788f1b0, 0x00000247279d73b0, 0x0000024727a97620, 0x0000024727b18360,
0x0000024727b18e60, 0x0000024728092090, 0x000002472809e720, 0x000002472809f000,
0x00000247280901a0, 0x000002472f4c8e10, 0x000002472f44a7b0
}

Java Threads: ( => current thread )
  0x0000024707bd83a0 JavaThread "main" [_thread_blocked, id=24560, stack(0x00000099eb900000,0x00000099eba00000)]
  0x00000247277f3010 JavaThread "Reference Handler" daemon [_thread_blocked, id=23604, stack(0x00000099ec000000,0x00000099ec100000)]
  0x00000247277f55f0 JavaThread "Finalizer" daemon [_thread_blocked, id=23756, stack(0x00000099ec100000,0x00000099ec200000)]
  0x0000024727815ba0 JavaThread "Signal Dispatcher" daemon [_thread_blocked, id=10908, stack(0x00000099ec200000,0x00000099ec300000)]
  0x0000024727816170 JavaThread "Attach Listener" daemon [_thread_blocked, id=8304, stack(0x00000099ec300000,0x00000099ec400000)]
  0x000002472781c760 JavaThread "Service Thread" daemon [_thread_blocked, id=15488, stack(0x00000099ec400000,0x00000099ec500000)]
  0x0000024727829580 JavaThread "C2 CompilerThread0" daemon [_thread_blocked, id=15240, stack(0x00000099ec500000,0x00000099ec600000)]
  0x000002472782c160 JavaThread "C1 CompilerThread0" daemon [_thread_blocked, id=9620, stack(0x00000099ec600000,0x00000099ec700000)]
  0x000002472788f1b0 JavaThread "Sweeper thread" daemon [_thread_blocked, id=13304, stack(0x00000099ec700000,0x00000099ec800000)]
  0x00000247279d73b0 JavaThread "Common-Cleaner" daemon [_thread_blocked, id=21616, stack(0x00000099ec800000,0x00000099ec900000)]
=>0x0000024727a97620 JavaThread "JDWP Transport Listener: dt_socket" daemon [_thread_in_vm, id=12788, stack(0x00000099ec900000,0x00000099eca00000)] _threads_hazard_ptr=0x000002472f929980
  0x0000024727b18360 JavaThread "JDWP Event Helper Thread" daemon [_thread_blocked, id=17144, stack(0x00000099eca00000,0x00000099ecb00000)]
  0x0000024727b18e60 JavaThread "JDWP Command Reader" daemon [_thread_in_native, id=6788, stack(0x00000099ecb00000,0x00000099ecc00000)]
  0x0000024728092090 JavaThread "Notification Thread" daemon [_thread_blocked, id=20360, stack(0x00000099ecd00000,0x00000099ece00000)]
  0x000002472809e720 JavaThread "Java2D Disposer" daemon [_thread_blocked, id=3296, stack(0x00000099ecf00000,0x00000099ed000000)]
  0x000002472809f000 JavaThread "AWT-Shutdown" [_thread_blocked, id=1344, stack(0x00000099ed000000,0x00000099ed100000)]
  0x00000247280901a0 JavaThread "AWT-Windows" daemon [_thread_in_native, id=20156, stack(0x00000099ed100000,0x00000099ed200000)]
  0x000002472f4c8e10 JavaThread "AWT-EventQueue-0" [_thread_blocked, id=8904, stack(0x00000099ecc00000,0x00000099ecd00000)]
  0x000002472f44a7b0 JavaThread "D3D Screen Updater" daemon [_thread_blocked, id=13728, stack(0x00000099ed400000,0x00000099ed500000)]

Other Threads:
  0x00000247277bf1d0 VMThread "VM Thread" [stack: 0x00000099ebf00000,0x00000099ec000000] [id=24164]
  0x0000024707bda470 WatcherThread [stack: 0x00000099ece00000,0x00000099ecf00000] [id=22500]
  0x0000024707c29dc0 GCTaskThread "GC Thread#0" [stack: 0x00000099eba00000,0x00000099ebb00000] [id=20332]
  0x00000247281fd5d0 GCTaskThread "GC Thread#1" [stack: 0x00000099ed560000,0x00000099ed660000] [id=16240]
  0x00000247281fd900 GCTaskThread "GC Thread#2" [stack: 0x00000099ed660000,0x00000099ed760000] [id=13368]
  0x00000247281fe290 GCTaskThread "GC Thread#3" [stack: 0x00000099ed760000,0x00000099ed860000] [id=3732]
  0x00000247281ff5b0 GCTaskThread "GC Thread#4" [stack: 0x00000099ed860000,0x00000099ed960000] [id=6912]
  0x00000247281fdc30 GCTaskThread "GC Thread#5" [stack: 0x00000099ed960000,0x00000099eda60000] [id=16216]
  0x0000024707c3be00 ConcurrentGCThread "G1 Main Marker" [stack: 0x00000099ebb00000,0x00000099ebc00000] [id=17932]
  0x0000024707c40030 ConcurrentGCThread "G1 Conc#0" [stack: 0x00000099ebc00000,0x00000099ebd00000] [id=2272]
  0x0000024726df40e0 ConcurrentGCThread "G1 Refine#0" [stack: 0x00000099ebd00000,0x00000099ebe00000] [id=17908]
  0x0000024726df4540 ConcurrentGCThread "G1 Young RemSet Sampling" [stack: 0x00000099ebe00000,0x00000099ebf00000] [id=22688]

Threads with active compile tasks:

VM state: not at safepoint (normal execution)

VM Mutex/Monitor currently owned by a thread: None

Heap address: 0x0000000701200000, size: 4078 MB, Compressed Oops mode: Zero based, Oop shift amount: 3
CDS disabled.
Compressed class space mapped at: 0x0000000800000000-0x0000000840000000, size: 1073741824
Narrow klass base: 0x0000000800000000, Narrow klass shift: 0, Narrow klass range: 0x40000000

GC Precious Log:
 CPUs: 12 total, 12 available
 Memory: 16307M
 Large Page Support: Disabled
 NUMA Support: Disabled
 Compressed Oops: Enabled (Zero based)
 Heap Region Size: 2M
 Heap Min Capacity: 8M
 Heap Initial Capacity: 256M
 Heap Max Capacity: 4078M
 Pre-touch: Disabled
 Parallel Workers: 10
 Concurrent Workers: 3
 Concurrent Refinement Workers: 10
 Periodic GC: Disabled

Heap:
 garbage-first heap   total 262144K, used 35927K [0x0000000701200000, 0x0000000800000000)
  region size 2048K, 7 young (14336K), 1 survivors (2048K)
 Metaspace       used 17200K, capacity 17406K, committed 17536K, reserved 1064960K
  class space    used 1584K, capacity 1638K, committed 1664K, reserved 1048576K

Heap Regions: E=young(eden), S=young(survivor), O=old, HS=humongous(starts), HC=humongous(continues), CS=collection set, F=free, OA=open archive, CA=closed archive, TAMS=top-at-mark-start (previous, next)
|   0|0x0000000701200000, 0x0000000701400000, 0x0000000701400000|100%|HS|  |TAMS 0x0000000701200000, 0x0000000701200000| Complete 
|   1|0x0000000701400000, 0x0000000701600000, 0x0000000701600000|100%|HC|  |TAMS 0x0000000701400000, 0x0000000701400000| Complete 
|   2|0x0000000701600000, 0x0000000701800000, 0x0000000701800000|100%|HS|  |TAMS 0x0000000701600000, 0x0000000701600000| Complete 
|   3|0x0000000701800000, 0x0000000701a00000, 0x0000000701a00000|100%|HC|  |TAMS 0x0000000701800000, 0x0000000701800000| Complete 
|   4|0x0000000701a00000, 0x0000000701c00000, 0x0000000701c00000|100%|HC|  |TAMS 0x0000000701a00000, 0x0000000701a00000| Complete 
|   5|0x0000000701c00000, 0x0000000701e00000, 0x0000000701e00000|100%|HC|  |TAMS 0x0000000701c00000, 0x0000000701c00000| Complete 
|   6|0x0000000701e00000, 0x0000000702000000, 0x0000000702000000|100%|HS|  |TAMS 0x0000000701e00000, 0x0000000701e00000| Complete 
|   7|0x0000000702000000, 0x0000000702200000, 0x0000000702200000|100%|HC|  |TAMS 0x0000000702000000, 0x0000000702000000| Complete 
|   8|0x0000000702200000, 0x0000000702400000, 0x0000000702400000|100%| O|  |TAMS 0x0000000702200000, 0x0000000702200000| Untracked 
|   9|0x0000000702400000, 0x0000000702508c00, 0x0000000702600000| 51%| O|  |TAMS 0x0000000702400000, 0x0000000702400000| Untracked 
|  10|0x0000000702600000, 0x0000000702600000, 0x0000000702800000|  0%| F|  |TAMS 0x0000000702600000, 0x0000000702600000| Untracked 
|  11|0x0000000702800000, 0x0000000702800000, 0x0000000702a00000|  0%| F|  |TAMS 0x0000000702800000, 0x0000000702800000| Untracked 
|  12|0x0000000702a00000, 0x0000000702a00000, 0x0000000702c00000|  0%| F|  |TAMS 0x0000000702a00000, 0x0000000702a00000| Untracked 
|  13|0x0000000702c00000, 0x0000000702e00000, 0x0000000702e00000|100%|HS|  |TAMS 0x0000000702c00000, 0x0000000702c00000| Complete 
|  14|0x0000000702e00000, 0x0000000703000000, 0x0000000703000000|100%|HC|  |TAMS 0x0000000702e00000, 0x0000000702e00000| Complete 
|  15|0x0000000703000000, 0x0000000703200000, 0x0000000703200000|100%|HC|  |TAMS 0x0000000703000000, 0x0000000703000000| Complete 
|  16|0x0000000703200000, 0x0000000703200000, 0x0000000703400000|  0%| F|  |TAMS 0x0000000703200000, 0x0000000703200000| Untracked 
|  17|0x0000000703400000, 0x0000000703400000, 0x0000000703600000|  0%| F|  |TAMS 0x0000000703400000, 0x0000000703400000| Untracked 
|  18|0x0000000703600000, 0x0000000703600000, 0x0000000703800000|  0%| F|  |TAMS 0x0000000703600000, 0x0000000703600000| Untracked 
|  19|0x0000000703800000, 0x0000000703800000, 0x0000000703a00000|  0%| F|  |TAMS 0x0000000703800000, 0x0000000703800000| Untracked 
|  20|0x0000000703a00000, 0x0000000703a00000, 0x0000000703c00000|  0%| F|  |TAMS 0x0000000703a00000, 0x0000000703a00000| Untracked 
|  21|0x0000000703c00000, 0x0000000703c00000, 0x0000000703e00000|  0%| F|  |TAMS 0x0000000703c00000, 0x0000000703c00000| Untracked 
|  22|0x0000000703e00000, 0x0000000703e00000, 0x0000000704000000|  0%| F|  |TAMS 0x0000000703e00000, 0x0000000703e00000| Untracked 
|  23|0x0000000704000000, 0x0000000704000000, 0x0000000704200000|  0%| F|  |TAMS 0x0000000704000000, 0x0000000704000000| Untracked 
|  24|0x0000000704200000, 0x0000000704200000, 0x0000000704400000|  0%| F|  |TAMS 0x0000000704200000, 0x0000000704200000| Untracked 
|  25|0x0000000704400000, 0x0000000704400000, 0x0000000704600000|  0%| F|  |TAMS 0x0000000704400000, 0x0000000704400000| Untracked 
|  26|0x0000000704600000, 0x0000000704600000, 0x0000000704800000|  0%| F|  |TAMS 0x0000000704600000, 0x0000000704600000| Untracked 
|  27|0x0000000704800000, 0x0000000704800000, 0x0000000704a00000|  0%| F|  |TAMS 0x0000000704800000, 0x0000000704800000| Untracked 
|  28|0x0000000704a00000, 0x0000000704a00000, 0x0000000704c00000|  0%| F|  |TAMS 0x0000000704a00000, 0x0000000704a00000| Untracked 
|  29|0x0000000704c00000, 0x0000000704c00000, 0x0000000704e00000|  0%| F|  |TAMS 0x0000000704c00000, 0x0000000704c00000| Untracked 
|  30|0x0000000704e00000, 0x0000000704e00000, 0x0000000705000000|  0%| F|  |TAMS 0x0000000704e00000, 0x0000000704e00000| Untracked 
|  31|0x0000000705000000, 0x0000000705000000, 0x0000000705200000|  0%| F|  |TAMS 0x0000000705000000, 0x0000000705000000| Untracked 
|  32|0x0000000705200000, 0x0000000705200000, 0x0000000705400000|  0%| F|  |TAMS 0x0000000705200000, 0x0000000705200000| Untracked 
|  33|0x0000000705400000, 0x0000000705400000, 0x0000000705600000|  0%| F|  |TAMS 0x0000000705400000, 0x0000000705400000| Untracked 
|  34|0x0000000705600000, 0x0000000705600000, 0x0000000705800000|  0%| F|  |TAMS 0x0000000705600000, 0x0000000705600000| Untracked 
|  35|0x0000000705800000, 0x0000000705800000, 0x0000000705a00000|  0%| F|  |TAMS 0x0000000705800000, 0x0000000705800000| Untracked 
|  36|0x0000000705a00000, 0x0000000705a00000, 0x0000000705c00000|  0%| F|  |TAMS 0x0000000705a00000, 0x0000000705a00000| Untracked 
|  37|0x0000000705c00000, 0x0000000705c00000, 0x0000000705e00000|  0%| F|  |TAMS 0x0000000705c00000, 0x0000000705c00000| Untracked 
|  38|0x0000000705e00000, 0x0000000705e00000, 0x0000000706000000|  0%| F|  |TAMS 0x0000000705e00000, 0x0000000705e00000| Untracked 
|  39|0x0000000706000000, 0x0000000706000000, 0x0000000706200000|  0%| F|  |TAMS 0x0000000706000000, 0x0000000706000000| Untracked 
|  40|0x0000000706200000, 0x0000000706200000, 0x0000000706400000|  0%| F|  |TAMS 0x0000000706200000, 0x0000000706200000| Untracked 
|  41|0x0000000706400000, 0x0000000706400000, 0x0000000706600000|  0%| F|  |TAMS 0x0000000706400000, 0x0000000706400000| Untracked 
|  42|0x0000000706600000, 0x0000000706600000, 0x0000000706800000|  0%| F|  |TAMS 0x0000000706600000, 0x0000000706600000| Untracked 
|  43|0x0000000706800000, 0x0000000706800000, 0x0000000706a00000|  0%| F|  |TAMS 0x0000000706800000, 0x0000000706800000| Untracked 
|  44|0x0000000706a00000, 0x0000000706a00000, 0x0000000706c00000|  0%| F|  |TAMS 0x0000000706a00000, 0x0000000706a00000| Untracked 
|  45|0x0000000706c00000, 0x0000000706c00000, 0x0000000706e00000|  0%| F|  |TAMS 0x0000000706c00000, 0x0000000706c00000| Untracked 
|  46|0x0000000706e00000, 0x0000000706e00000, 0x0000000707000000|  0%| F|  |TAMS 0x0000000706e00000, 0x0000000706e00000| Untracked 
|  47|0x0000000707000000, 0x0000000707000000, 0x0000000707200000|  0%| F|  |TAMS 0x0000000707000000, 0x0000000707000000| Untracked 
|  48|0x0000000707200000, 0x0000000707200000, 0x0000000707400000|  0%| F|  |TAMS 0x0000000707200000, 0x0000000707200000| Untracked 
|  49|0x0000000707400000, 0x0000000707400000, 0x0000000707600000|  0%| F|  |TAMS 0x0000000707400000, 0x0000000707400000| Untracked 
|  50|0x0000000707600000, 0x0000000707600000, 0x0000000707800000|  0%| F|  |TAMS 0x0000000707600000, 0x0000000707600000| Untracked 
|  51|0x0000000707800000, 0x000000070780d2d0, 0x0000000707a00000|  2%| S|CS|TAMS 0x0000000707800000, 0x0000000707800000| Complete 
|  52|0x0000000707a00000, 0x0000000707a00000, 0x0000000707c00000|  0%| F|  |TAMS 0x0000000707a00000, 0x0000000707a00000| Untracked 
|  53|0x0000000707c00000, 0x0000000707c00000, 0x0000000707e00000|  0%| F|  |TAMS 0x0000000707c00000, 0x0000000707c00000| Untracked 
|  54|0x0000000707e00000, 0x0000000707e00000, 0x0000000708000000|  0%| F|  |TAMS 0x0000000707e00000, 0x0000000707e00000| Untracked 
|  55|0x0000000708000000, 0x0000000708000000, 0x0000000708200000|  0%| F|  |TAMS 0x0000000708000000, 0x0000000708000000| Untracked 
|  56|0x0000000708200000, 0x0000000708200000, 0x0000000708400000|  0%| F|  |TAMS 0x0000000708200000, 0x0000000708200000| Untracked 
|  57|0x0000000708400000, 0x0000000708400000, 0x0000000708600000|  0%| F|  |TAMS 0x0000000708400000, 0x0000000708400000| Untracked 
|  58|0x0000000708600000, 0x0000000708600000, 0x0000000708800000|  0%| F|  |TAMS 0x0000000708600000, 0x0000000708600000| Untracked 
|  59|0x0000000708800000, 0x0000000708800000, 0x0000000708a00000|  0%| F|  |TAMS 0x0000000708800000, 0x0000000708800000| Untracked 
|  60|0x0000000708a00000, 0x0000000708a00000, 0x0000000708c00000|  0%| F|  |TAMS 0x0000000708a00000, 0x0000000708a00000| Untracked 
|  61|0x0000000708c00000, 0x0000000708c00000, 0x0000000708e00000|  0%| F|  |TAMS 0x0000000708c00000, 0x0000000708c00000| Untracked 
|  62|0x0000000708e00000, 0x0000000708e00000, 0x0000000709000000|  0%| F|  |TAMS 0x0000000708e00000, 0x0000000708e00000| Untracked 
|  63|0x0000000709000000, 0x0000000709000000, 0x0000000709200000|  0%| F|  |TAMS 0x0000000709000000, 0x0000000709000000| Untracked 
|  64|0x0000000709200000, 0x0000000709200000, 0x0000000709400000|  0%| F|  |TAMS 0x0000000709200000, 0x0000000709200000| Untracked 
|  65|0x0000000709400000, 0x0000000709400000, 0x0000000709600000|  0%| F|  |TAMS 0x0000000709400000, 0x0000000709400000| Untracked 
|  66|0x0000000709600000, 0x0000000709600000, 0x0000000709800000|  0%| F|  |TAMS 0x0000000709600000, 0x0000000709600000| Untracked 
|  67|0x0000000709800000, 0x0000000709800000, 0x0000000709a00000|  0%| F|  |TAMS 0x0000000709800000, 0x0000000709800000| Untracked 
|  68|0x0000000709a00000, 0x0000000709a00000, 0x0000000709c00000|  0%| F|  |TAMS 0x0000000709a00000, 0x0000000709a00000| Untracked 
|  69|0x0000000709c00000, 0x0000000709c00000, 0x0000000709e00000|  0%| F|  |TAMS 0x0000000709c00000, 0x0000000709c00000| Untracked 
|  70|0x0000000709e00000, 0x0000000709e00000, 0x000000070a000000|  0%| F|  |TAMS 0x0000000709e00000, 0x0000000709e00000| Untracked 
|  71|0x000000070a000000, 0x000000070a000000, 0x000000070a200000|  0%| F|  |TAMS 0x000000070a000000, 0x000000070a000000| Untracked 
|  72|0x000000070a200000, 0x000000070a200000, 0x000000070a400000|  0%| F|  |TAMS 0x000000070a200000, 0x000000070a200000| Untracked 
|  73|0x000000070a400000, 0x000000070a400000, 0x000000070a600000|  0%| F|  |TAMS 0x000000070a400000, 0x000000070a400000| Untracked 
|  74|0x000000070a600000, 0x000000070a600000, 0x000000070a800000|  0%| F|  |TAMS 0x000000070a600000, 0x000000070a600000| Untracked 
|  75|0x000000070a800000, 0x000000070a800000, 0x000000070aa00000|  0%| F|  |TAMS 0x000000070a800000, 0x000000070a800000| Untracked 
|  76|0x000000070aa00000, 0x000000070aa00000, 0x000000070ac00000|  0%| F|  |TAMS 0x000000070aa00000, 0x000000070aa00000| Untracked 
|  77|0x000000070ac00000, 0x000000070ac00000, 0x000000070ae00000|  0%| F|  |TAMS 0x000000070ac00000, 0x000000070ac00000| Untracked 
|  78|0x000000070ae00000, 0x000000070ae00000, 0x000000070b000000|  0%| F|  |TAMS 0x000000070ae00000, 0x000000070ae00000| Untracked 
|  79|0x000000070b000000, 0x000000070b000000, 0x000000070b200000|  0%| F|  |TAMS 0x000000070b000000, 0x000000070b000000| Untracked 
|  80|0x000000070b200000, 0x000000070b200000, 0x000000070b400000|  0%| F|  |TAMS 0x000000070b200000, 0x000000070b200000| Untracked 
|  81|0x000000070b400000, 0x000000070b400000, 0x000000070b600000|  0%| F|  |TAMS 0x000000070b400000, 0x000000070b400000| Untracked 
|  82|0x000000070b600000, 0x000000070b600000, 0x000000070b800000|  0%| F|  |TAMS 0x000000070b600000, 0x000000070b600000| Untracked 
|  83|0x000000070b800000, 0x000000070b800000, 0x000000070ba00000|  0%| F|  |TAMS 0x000000070b800000, 0x000000070b800000| Untracked 
|  84|0x000000070ba00000, 0x000000070ba00000, 0x000000070bc00000|  0%| F|  |TAMS 0x000000070ba00000, 0x000000070ba00000| Untracked 
|  85|0x000000070bc00000, 0x000000070bc00000, 0x000000070be00000|  0%| F|  |TAMS 0x000000070bc00000, 0x000000070bc00000| Untracked 
|  86|0x000000070be00000, 0x000000070be00000, 0x000000070c000000|  0%| F|  |TAMS 0x000000070be00000, 0x000000070be00000| Untracked 
|  87|0x000000070c000000, 0x000000070c000000, 0x000000070c200000|  0%| F|  |TAMS 0x000000070c000000, 0x000000070c000000| Untracked 
|  88|0x000000070c200000, 0x000000070c200000, 0x000000070c400000|  0%| F|  |TAMS 0x000000070c200000, 0x000000070c200000| Untracked 
|  89|0x000000070c400000, 0x000000070c400000, 0x000000070c600000|  0%| F|  |TAMS 0x000000070c400000, 0x000000070c400000| Untracked 
|  90|0x000000070c600000, 0x000000070c600000, 0x000000070c800000|  0%| F|  |TAMS 0x000000070c600000, 0x000000070c600000| Untracked 
|  91|0x000000070c800000, 0x000000070c800000, 0x000000070ca00000|  0%| F|  |TAMS 0x000000070c800000, 0x000000070c800000| Untracked 
|  92|0x000000070ca00000, 0x000000070ca00000, 0x000000070cc00000|  0%| F|  |TAMS 0x000000070ca00000, 0x000000070ca00000| Untracked 
|  93|0x000000070cc00000, 0x000000070cc00000, 0x000000070ce00000|  0%| F|  |TAMS 0x000000070cc00000, 0x000000070cc00000| Untracked 
|  94|0x000000070ce00000, 0x000000070ce00000, 0x000000070d000000|  0%| F|  |TAMS 0x000000070ce00000, 0x000000070ce00000| Untracked 
|  95|0x000000070d000000, 0x000000070d000000, 0x000000070d200000|  0%| F|  |TAMS 0x000000070d000000, 0x000000070d000000| Untracked 
|  96|0x000000070d200000, 0x000000070d200000, 0x000000070d400000|  0%| F|  |TAMS 0x000000070d200000, 0x000000070d200000| Untracked 
|  97|0x000000070d400000, 0x000000070d400000, 0x000000070d600000|  0%| F|  |TAMS 0x000000070d400000, 0x000000070d400000| Untracked 
|  98|0x000000070d600000, 0x000000070d600000, 0x000000070d800000|  0%| F|  |TAMS 0x000000070d600000, 0x000000070d600000| Untracked 
|  99|0x000000070d800000, 0x000000070d800000, 0x000000070da00000|  0%| F|  |TAMS 0x000000070d800000, 0x000000070d800000| Untracked 
| 100|0x000000070da00000, 0x000000070da00000, 0x000000070dc00000|  0%| F|  |TAMS 0x000000070da00000, 0x000000070da00000| Untracked 
| 101|0x000000070dc00000, 0x000000070dc00000, 0x000000070de00000|  0%| F|  |TAMS 0x000000070dc00000, 0x000000070dc00000| Untracked 
| 102|0x000000070de00000, 0x000000070de00000, 0x000000070e000000|  0%| F|  |TAMS 0x000000070de00000, 0x000000070de00000| Untracked 
| 103|0x000000070e000000, 0x000000070e000000, 0x000000070e200000|  0%| F|  |TAMS 0x000000070e000000, 0x000000070e000000| Untracked 
| 104|0x000000070e200000, 0x000000070e200000, 0x000000070e400000|  0%| F|  |TAMS 0x000000070e200000, 0x000000070e200000| Untracked 
| 105|0x000000070e400000, 0x000000070e400000, 0x000000070e600000|  0%| F|  |TAMS 0x000000070e400000, 0x000000070e400000| Untracked 
| 106|0x000000070e600000, 0x000000070e600000, 0x000000070e800000|  0%| F|  |TAMS 0x000000070e600000, 0x000000070e600000| Untracked 
| 107|0x000000070e800000, 0x000000070e800000, 0x000000070ea00000|  0%| F|  |TAMS 0x000000070e800000, 0x000000070e800000| Untracked 
| 108|0x000000070ea00000, 0x000000070ea00000, 0x000000070ec00000|  0%| F|  |TAMS 0x000000070ea00000, 0x000000070ea00000| Untracked 
| 109|0x000000070ec00000, 0x000000070ec00000, 0x000000070ee00000|  0%| F|  |TAMS 0x000000070ec00000, 0x000000070ec00000| Untracked 
| 110|0x000000070ee00000, 0x000000070ee00000, 0x000000070f000000|  0%| F|  |TAMS 0x000000070ee00000, 0x000000070ee00000| Untracked 
| 111|0x000000070f000000, 0x000000070f000000, 0x000000070f200000|  0%| F|  |TAMS 0x000000070f000000, 0x000000070f000000| Untracked 
| 112|0x000000070f200000, 0x000000070f200000, 0x000000070f400000|  0%| F|  |TAMS 0x000000070f200000, 0x000000070f200000| Untracked 
| 113|0x000000070f400000, 0x000000070f400000, 0x000000070f600000|  0%| F|  |TAMS 0x000000070f400000, 0x000000070f400000| Untracked 
| 114|0x000000070f600000, 0x000000070f600000, 0x000000070f800000|  0%| F|  |TAMS 0x000000070f600000, 0x000000070f600000| Untracked 
| 115|0x000000070f800000, 0x000000070f800000, 0x000000070fa00000|  0%| F|  |TAMS 0x000000070f800000, 0x000000070f800000| Untracked 
| 116|0x000000070fa00000, 0x000000070fa00000, 0x000000070fc00000|  0%| F|  |TAMS 0x000000070fa00000, 0x000000070fa00000| Untracked 
| 117|0x000000070fc00000, 0x000000070fc00000, 0x000000070fe00000|  0%| F|  |TAMS 0x000000070fc00000, 0x000000070fc00000| Untracked 
| 118|0x000000070fe00000, 0x000000070fe00000, 0x0000000710000000|  0%| F|  |TAMS 0x000000070fe00000, 0x000000070fe00000| Untracked 
| 119|0x0000000710000000, 0x0000000710000000, 0x0000000710200000|  0%| F|  |TAMS 0x0000000710000000, 0x0000000710000000| Untracked 
| 120|0x0000000710200000, 0x0000000710200000, 0x0000000710400000|  0%| F|  |TAMS 0x0000000710200000, 0x0000000710200000| Untracked 
| 121|0x0000000710400000, 0x0000000710400000, 0x0000000710600000|  0%| F|  |TAMS 0x0000000710400000, 0x0000000710400000| Untracked 
| 122|0x0000000710600000, 0x00000007106af280, 0x0000000710800000| 34%| E|  |TAMS 0x0000000710600000, 0x0000000710600000| Complete 
| 123|0x0000000710800000, 0x0000000710a00000, 0x0000000710a00000|100%| E|CS|TAMS 0x0000000710800000, 0x0000000710800000| Complete 
| 124|0x0000000710a00000, 0x0000000710c00000, 0x0000000710c00000|100%| E|CS|TAMS 0x0000000710a00000, 0x0000000710a00000| Complete 
| 125|0x0000000710c00000, 0x0000000710e00000, 0x0000000710e00000|100%| E|CS|TAMS 0x0000000710c00000, 0x0000000710c00000| Complete 
| 126|0x0000000710e00000, 0x0000000711000000, 0x0000000711000000|100%| E|CS|TAMS 0x0000000710e00000, 0x0000000710e00000| Complete 
| 127|0x0000000711000000, 0x0000000711200000, 0x0000000711200000|100%| E|CS|TAMS 0x0000000711000000, 0x0000000711000000| Complete 

Card table byte_map: [0x000002471b350000,0x000002471bb50000] _byte_map_base: 0x0000024717b47000

Marking Bits (Prev, Next): (CMBitMap*) 0x0000024707c2a540, (CMBitMap*) 0x0000024707c2a580
 Prev Bits: [0x000002471c350000, 0x0000024720308000)
 Next Bits: [0x0000024720310000, 0x00000247242c8000)

Polling page: 0x0000024705bb0000

Metaspace:

Usage:
  Non-class:     15.40 MB capacity,    15.25 MB (>99%) used,   132.84 KB ( <1%) free+waste,    19.31 KB ( <1%) overhead. 
      Class:      1.60 MB capacity,     1.55 MB ( 97%) used,    47.22 KB (  3%) free+waste,     6.25 KB ( <1%) overhead. 
       Both:     17.00 MB capacity,    16.80 MB ( 99%) used,   180.05 KB (  1%) free+waste,    25.56 KB ( <1%) overhead. 

Virtual space:
  Non-class space:       16.00 MB reserved,      15.50 MB ( 97%) committed 
      Class space:        1.00 GB reserved,       1.62 MB ( <1%) committed 
             Both:        1.02 GB reserved,      17.12 MB (  2%) committed 

Chunk freelists:
   Non-Class:  40.00 KB
       Class:  26.00 KB
        Both:  66.00 KB

MaxMetaspaceSize: 17179869184.00 GB
CompressedClassSpaceSize: 1.00 GB

CodeHeap 'non-profiled nmethods': size=120000Kb used=2628Kb max_used=2628Kb free=117371Kb
 bounds [0x00000247130c0000, 0x0000024713360000, 0x000002471a5f0000]
CodeHeap 'profiled nmethods': size=120000Kb used=3299Kb max_used=3299Kb free=116701Kb
 bounds [0x000002470bb90000, 0x000002470bed0000, 0x00000247130c0000]
CodeHeap 'non-nmethods': size=5760Kb used=1366Kb max_used=1500Kb free=4393Kb
 bounds [0x000002470b5f0000, 0x000002470b860000, 0x000002470bb90000]
 total_blobs=2414 nmethods=1848 adapters=479
 compilation: enabled
              stopped_count=0, restarted_count=0
 full_count=0

Compilation events (20 events):
Event: 487.300 Thread 0x0000024727829580 1844       4       engine.Renderer::GetVerticesAfterClipping (449 bytes)
Event: 487.617 Thread 0x0000024727829580 nmethod 1844 0x000002471333ff10 code [0x00000247133404e0, 0x000002471334dc50]
Event: 559.083 Thread 0x0000024727829580 1845       4       org.eclipse.jdt.launching.internal.org.objectweb.asm.ClassReader::readUTF8 (23 bytes)
Event: 559.083 Thread 0x000002472782c160 1846       3       org.eclipse.jdt.launching.internal.org.objectweb.asm.ByteVector::<init> (13 bytes)
Event: 559.083 Thread 0x000002472782c160 nmethod 1846 0x000002470bec6d90 code [0x000002470bec6f40, 0x000002470bec71b8]
Event: 559.083 Thread 0x000002472782c160 1847       3       org.eclipse.jdt.launching.internal.org.objectweb.asm.AnnotationWriter::putAnnotations (67 bytes)
Event: 559.083 Thread 0x000002472782c160 nmethod 1847 0x000002470bec7290 code [0x000002470bec74c0, 0x000002470bec78f8]
Event: 559.089 Thread 0x0000024727829580 

Event: 580.102 Thread 0x000002472782c160 1848       3       org.eclipse.jdt.launching.internal.org.objectweb.asm.ClassReader::readMethod (1061 bytes)
Event: 580.111 Thread 0x000002472782c160 

Event: 580.111 Thread 0x000002472782c160 1849       3       org.eclipse.jdt.launching.internal.org.objectweb.asm.ClassVisitor::visitMethod (24 bytes)
Event: 580.111 Thread 0x000002472782c160 nmethod 1849 0x000002470bec7c10 code [0x000002470bec7dc0, 0x000002470bec8028]
Event: 582.512 Thread 0x0000024727829580 1850       4       org.eclipse.jdt.launching.internal.org.objectweb.asm.ClassReader::readUTF8 (23 bytes)
Event: 582.512 Thread 0x000002472782c160 1851       3       org.eclipse.jdt.launching.internal.org.objectweb.asm.ClassReader::readField (667 bytes)
Event: 582.519 Thread 0x000002472782c160 

Event: 582.519 Thread 0x000002472782c160 1852       3       org.eclipse.jdt.launching.internal.org.objectweb.asm.ClassVisitor::visitField (24 bytes)
Event: 582.519 Thread 0x0000024727829580 

Event: 582.519 Thread 0x000002472782c160 nmethod 1852 0x000002470bec8110 code [0x000002470bec82c0, 0x000002470bec8528]
Event: 582.519 Thread 0x000002472782c160 1853       3       org.eclipse.jdt.launching.internal.org.objectweb.asm.FieldWriter::computeFieldInfoSize (86 bytes)
Event: 582.519 Thread 0x000002472782c160 nmethod 1853 0x000002470bec8610 code [0x000002470bec87e0, 0x000002470bec8ab8]

GC Heap History (20 events):
Event: 375.137 GC heap before
{Heap before GC invocations=29 (full 0):
 garbage-first heap   total 262144K, used 179299K [0x0000000701200000, 0x0000000800000000)
  region size 2048K, 76 young (155648K), 1 survivors (2048K)
 Metaspace       used 17096K, capacity 17278K, committed 17536K, reserved 1064960K
  class space    used 1581K, capacity 1638K, committed 1664K, reserved 1048576K
}
Event: 375.137 GC heap after
{Heap after GC invocations=30 (full 0):
 garbage-first heap   total 262144K, used 25680K [0x0000000701200000, 0x0000000800000000)
  region size 2048K, 1 young (2048K), 1 survivors (2048K)
 Metaspace       used 17096K, capacity 17278K, committed 17536K, reserved 1064960K
  class space    used 1581K, capacity 1638K, committed 1664K, reserved 1048576K
}
Event: 381.059 GC heap before
{Heap before GC invocations=30 (full 0):
 garbage-first heap   total 262144K, used 179280K [0x0000000701200000, 0x0000000800000000)
  region size 2048K, 76 young (155648K), 1 survivors (2048K)
 Metaspace       used 17096K, capacity 17278K, committed 17536K, reserved 1064960K
  class space    used 1581K, capacity 1638K, committed 1664K, reserved 1048576K
}
Event: 381.060 GC heap after
{Heap after GC invocations=31 (full 0):
 garbage-first heap   total 262144K, used 25682K [0x0000000701200000, 0x0000000800000000)
  region size 2048K, 1 young (2048K), 1 survivors (2048K)
 Metaspace       used 17096K, capacity 17278K, committed 17536K, reserved 1064960K
  class space    used 1581K, capacity 1638K, committed 1664K, reserved 1048576K
}
Event: 385.003 GC heap before
{Heap before GC invocations=31 (full 0):
 garbage-first heap   total 262144K, used 179282K [0x0000000701200000, 0x0000000800000000)
  region size 2048K, 76 young (155648K), 1 survivors (2048K)
 Metaspace       used 17097K, capacity 17278K, committed 17536K, reserved 1064960K
  class space    used 1581K, capacity 1638K, committed 1664K, reserved 1048576K
}
Event: 385.003 GC heap after
{Heap after GC invocations=32 (full 0):
 garbage-first heap   total 262144K, used 25672K [0x0000000701200000, 0x0000000800000000)
  region size 2048K, 1 young (2048K), 1 survivors (2048K)
 Metaspace       used 17097K, capacity 17278K, committed 17536K, reserved 1064960K
  class space    used 1581K, capacity 1638K, committed 1664K, reserved 1048576K
}
Event: 390.709 GC heap before
{Heap before GC invocations=32 (full 0):
 garbage-first heap   total 262144K, used 179272K [0x0000000701200000, 0x0000000800000000)
  region size 2048K, 76 young (155648K), 1 survivors (2048K)
 Metaspace       used 17097K, capacity 17278K, committed 17536K, reserved 1064960K
  class space    used 1581K, capacity 1638K, committed 1664K, reserved 1048576K
}
Event: 390.710 GC heap after
{Heap after GC invocations=33 (full 0):
 garbage-first heap   total 262144K, used 25655K [0x0000000701200000, 0x0000000800000000)
  region size 2048K, 1 young (2048K), 1 survivors (2048K)
 Metaspace       used 17097K, capacity 17278K, committed 17536K, reserved 1064960K
  class space    used 1581K, capacity 1638K, committed 1664K, reserved 1048576K
}
Event: 398.587 GC heap before
{Heap before GC invocations=33 (full 0):
 garbage-first heap   total 262144K, used 179255K [0x0000000701200000, 0x0000000800000000)
  region size 2048K, 76 young (155648K), 1 survivors (2048K)
 Metaspace       used 17097K, capacity 17278K, committed 17536K, reserved 1064960K
  class space    used 1581K, capacity 1638K, committed 1664K, reserved 1048576K
}
Event: 398.587 GC heap after
{Heap after GC invocations=34 (full 0):
 garbage-first heap   total 262144K, used 25647K [0x0000000701200000, 0x0000000800000000)
  region size 2048K, 1 young (2048K), 1 survivors (2048K)
 Metaspace       used 17097K, capacity 17278K, committed 17536K, reserved 1064960K
  class space    used 1581K, capacity 1638K, committed 1664K, reserved 1048576K
}
Event: 407.485 GC heap before
{Heap before GC invocations=34 (full 0):
 garbage-first heap   total 262144K, used 179247K [0x0000000701200000, 0x0000000800000000)
  region size 2048K, 76 young (155648K), 1 survivors (2048K)
 Metaspace       used 17097K, capacity 17278K, committed 17536K, reserved 1064960K
  class space    used 1581K, capacity 1638K, committed 1664K, reserved 1048576K
}
Event: 407.486 GC heap after
{Heap after GC invocations=35 (full 0):
 garbage-first heap   total 262144K, used 25670K [0x0000000701200000, 0x0000000800000000)
  region size 2048K, 1 young (2048K), 1 survivors (2048K)
 Metaspace       used 17097K, capacity 17278K, committed 17536K, reserved 1064960K
  class space    used 1581K, capacity 1638K, committed 1664K, reserved 1048576K
}
Event: 417.137 GC heap before
{Heap before GC invocations=35 (full 0):
 garbage-first heap   total 262144K, used 179270K [0x0000000701200000, 0x0000000800000000)
  region size 2048K, 76 young (155648K), 1 survivors (2048K)
 Metaspace       used 17097K, capacity 17278K, committed 17536K, reserved 1064960K
  class space    used 1581K, capacity 1638K, committed 1664K, reserved 1048576K
}
Event: 417.138 GC heap after
{Heap after GC invocations=36 (full 0):
 garbage-first heap   total 262144K, used 25661K [0x0000000701200000, 0x0000000800000000)
  region size 2048K, 1 young (2048K), 1 survivors (2048K)
 Metaspace       used 17097K, capacity 17278K, committed 17536K, reserved 1064960K
  class space    used 1581K, capacity 1638K, committed 1664K, reserved 1048576K
}
Event: 426.809 GC heap before
{Heap before GC invocations=36 (full 0):
 garbage-first heap   total 262144K, used 179261K [0x0000000701200000, 0x0000000800000000)
  region size 2048K, 76 young (155648K), 1 survivors (2048K)
 Metaspace       used 17097K, capacity 17278K, committed 17536K, reserved 1064960K
  class space    used 1581K, capacity 1638K, committed 1664K, reserved 1048576K
}
Event: 426.809 GC heap after
{Heap after GC invocations=37 (full 0):
 garbage-first heap   total 262144K, used 25661K [0x0000000701200000, 0x0000000800000000)
  region size 2048K, 1 young (2048K), 1 survivors (2048K)
 Metaspace       used 17097K, capacity 17278K, committed 17536K, reserved 1064960K
  class space    used 1581K, capacity 1638K, committed 1664K, reserved 1048576K
}
Event: 436.460 GC heap before
{Heap before GC invocations=37 (full 0):
 garbage-first heap   total 262144K, used 179261K [0x0000000701200000, 0x0000000800000000)
  region size 2048K, 76 young (155648K), 1 survivors (2048K)
 Metaspace       used 17097K, capacity 17278K, committed 17536K, reserved 1064960K
  class space    used 1581K, capacity 1638K, committed 1664K, reserved 1048576K
}
Event: 436.461 GC heap after
{Heap after GC invocations=38 (full 0):
 garbage-first heap   total 262144K, used 25647K [0x0000000701200000, 0x0000000800000000)
  region size 2048K, 1 young (2048K), 1 survivors (2048K)
 Metaspace       used 17097K, capacity 17278K, committed 17536K, reserved 1064960K
  class space    used 1581K, capacity 1638K, committed 1664K, reserved 1048576K
}
Event: 489.843 GC heap before
{Heap before GC invocations=38 (full 0):
 garbage-first heap   total 262144K, used 179247K [0x0000000701200000, 0x0000000800000000)
  region size 2048K, 76 young (155648K), 1 survivors (2048K)
 Metaspace       used 17097K, capacity 17278K, committed 17536K, reserved 1064960K
  class space    used 1581K, capacity 1638K, committed 1664K, reserved 1048576K
}
Event: 489.844 GC heap after
{Heap after GC invocations=39 (full 0):
 garbage-first heap   total 262144K, used 25687K [0x0000000701200000, 0x0000000800000000)
  region size 2048K, 1 young (2048K), 1 survivors (2048K)
 Metaspace       used 17097K, capacity 17278K, committed 17536K, reserved 1064960K
  class space    used 1581K, capacity 1638K, committed 1664K, reserved 1048576K
}

Deoptimization events (20 events):
Event: 363.803 Thread 0x000002472f44a7b0 DEOPT PACKING pc=0x000002470be66258 sp=0x00000099ed4fee00
Event: 363.803 Thread 0x000002472f44a7b0 DEOPT UNPACKING pc=0x000002470b63e23f sp=0x00000099ed4fe3e0 mode 0
Event: 363.865 Thread 0x0000024707bd83a0 DEOPT PACKING pc=0x000002470bea8292 sp=0x00000099eb9fef90
Event: 363.865 Thread 0x0000024707bd83a0 DEOPT UNPACKING pc=0x000002470b63e23f sp=0x00000099eb9fe488 mode 0
Event: 363.974 Thread 0x0000024707bd83a0 DEOPT PACKING pc=0x000002470bea8292 sp=0x00000099eb9fef90
Event: 363.974 Thread 0x0000024707bd83a0 DEOPT UNPACKING pc=0x000002470b63e23f sp=0x00000099eb9fe488 mode 0
Event: 364.085 Thread 0x0000024707bd83a0 DEOPT PACKING pc=0x000002470bea8292 sp=0x00000099eb9fef90
Event: 364.085 Thread 0x0000024707bd83a0 DEOPT UNPACKING pc=0x000002470b63e23f sp=0x00000099eb9fe488 mode 0
Event: 365.355 Thread 0x0000024707bd83a0 Uncommon trap: trap_request=0xffffff45 fr.pc=0x00000247132f62d4 relative=0x000000000000b474
Event: 365.355 Thread 0x0000024707bd83a0 Uncommon trap: reason=unstable_if action=reinterpret pc=0x00000247132f62d4 method=engine.Renderer.GetVerticesAfterClipping()V @ 55 c2
Event: 365.355 Thread 0x0000024707bd83a0 DEOPT PACKING pc=0x00000247132f62d4 sp=0x00000099eb9ff050
Event: 365.355 Thread 0x0000024707bd83a0 DEOPT UNPACKING pc=0x000002470b63e42f sp=0x00000099eb9ff078 mode 2
Event: 369.845 Thread 0x0000024707bd83a0 Uncommon trap: trap_request=0xffffff76 fr.pc=0x00000247133028a0 relative=0x00000000000039c0
Event: 369.845 Thread 0x0000024707bd83a0 Uncommon trap: reason=predicate action=maybe_recompile pc=0x00000247133028a0 method=engine.Renderer.DrawTriangle(Lengine/Vertex;Lengine/Vertex;Lengine/Vertex;I)V @ 499 c2
Event: 369.846 Thread 0x0000024707bd83a0 DEOPT PACKING pc=0x00000247133028a0 sp=0x00000099eb9ff290
Event: 369.846 Thread 0x0000024707bd83a0 DEOPT UNPACKING pc=0x000002470b63e42f sp=0x00000099eb9ff2a0 mode 2
Event: 405.514 Thread 0x000002472f44a7b0 DEOPT PACKING pc=0x000002470be66258 sp=0x00000099ed4fee00
Event: 405.514 Thread 0x000002472f44a7b0 DEOPT UNPACKING pc=0x000002470b63e23f sp=0x00000099ed4fe3e0 mode 0
Event: 547.217 Thread 0x0000024707bd83a0 DEOPT PACKING pc=0x0000024713306274 sp=0x00000099eb9ff290
Event: 547.217 Thread 0x0000024707bd83a0 DEOPT UNPACKING pc=0x000002470b63e23f sp=0x00000099eb9fe798 mode 0

Classes unloaded (0 events):
No events

Classes redefined (6 events):
Event: 297.954 Thread 0x00000247277bf1d0 redefined class name=engine.Renderer, count=1
Event: 304.225 Thread 0x00000247277bf1d0 redefined class name=engine.Renderer, count=2
Event: 547.223 Thread 0x00000247277bf1d0 redefined class name=engine.Renderer, count=3
Event: 559.085 Thread 0x00000247277bf1d0 redefined class name=engine.Renderer, count=4
Event: 580.105 Thread 0x00000247277bf1d0 redefined class name=engine.Renderer, count=5
Event: 582.515 Thread 0x00000247277bf1d0 redefined class name=engine.Renderer, count=6

Internal exceptions (15 events):
Event: 0.230 Thread 0x0000024707bd83a0 Exception <a 'java/lang/NoSuchMethodError'{0x0000000710e468e0}: 'void java.lang.invoke.DirectMethodHandle$Holder.invokeStatic(java.lang.Object, java.lang.Object)'> (0x0000000710e468e0) 
thrown [./open/src/hotspot/share/interpreter/linkResolver.cpp, line 782]
Event: 0.231 Thread 0x0000024707bd83a0 Exception <a 'java/lang/NoSuchMethodError'{0x0000000710e4a588}: 'void java.lang.invoke.DirectMethodHandle$Holder.invokeStaticInit(java.lang.Object, java.lang.Object)'> (0x0000000710e4a588) 
thrown [./open/src/hotspot/share/interpreter/linkResolver.cpp, line 782]
Event: 0.290 Thread 0x0000024707bd83a0 Exception <a 'java/lang/NoSuchMethodError'{0x0000000710c2a150}: 'java.lang.Object java.lang.invoke.DirectMethodHandle$Holder.invokeStatic(java.lang.Object)'> (0x0000000710c2a150) 
thrown [./open/src/hotspot/share/interpreter/linkResolver.cpp, line 782]
Event: 0.326 Thread 0x0000024707bd83a0 Exception <a 'java/lang/NoSuchMethodError'{0x0000000710d9fa60}: 'void java.lang.invoke.DirectMethodHandle$Holder.invokeSpecial(java.lang.Object, java.lang.Object, java.lang.Object)'> (0x0000000710d9fa60) 
thrown [./open/src/hotspot/share/interpreter/linkResolver.cpp, line 782]
Event: 0.332 Thread 0x0000024707bd83a0 Exception <a 'java/lang/ClassNotFoundException'{0x0000000710ddecc8}: sun/awt/resources/spi/awtProvider> (0x0000000710ddecc8) 
thrown [./open/src/hotspot/share/classfile/systemDictionary.cpp, line 295]
Event: 0.345 Thread 0x0000024707bd83a0 Exception <a 'java/io/FileNotFoundException'{0x0000000710a3d740}> (0x0000000710a3d740) 
thrown [./open/src/hotspot/share/prims/jni.cpp, line 578]
Event: 0.349 Thread 0x0000024707bd83a0 Exception <a 'java/io/FileNotFoundException'{0x0000000710a6e038}> (0x0000000710a6e038) 
thrown [./open/src/hotspot/share/prims/jni.cpp, line 578]
Event: 0.383 Thread 0x0000024707bd83a0 Exception <a 'java/lang/NoSuchMethodError'{0x0000000710bcd200}: 'java.lang.Object java.lang.invoke.DirectMethodHandle$Holder.invokeStaticInit(java.lang.Object)'> (0x0000000710bcd200) 
thrown [./open/src/hotspot/share/interpreter/linkResolver.cpp, line 782]
Event: 0.595 Thread 0x0000024707bd83a0 Exception <a 'java/lang/NoSuchMethodError'{0x0000000710959ab0}: 'java.lang.Object java.lang.invoke.DirectMethodHandle$Holder.newInvokeSpecial(java.lang.Object, java.lang.Object, java.lang.Object, java.lang.Object, java.lang.Object)'> (0x0000000710959ab0) 
thrown [./open/src/hotspot/share/interpreter/linkResolver.cpp, line 782]
Event: 0.596 Thread 0x0000024707bd83a0 Exception <a 'java/lang/NoSuchMethodError'{0x00000007109658e0}: 'java.lang.Object java.lang.invoke.DirectMethodHandle$Holder.invokeStatic(java.lang.Object, int, java.lang.Object, java.lang.Object, java.lang.Object, java.lang.Object)'> (0x00000007109658e0) 
thrown [./open/src/hotspot/share/interpreter/linkResolver.cpp, line 782]
Event: 0.598 Thread 0x0000024707bd83a0 Exception <a 'java/lang/NoSuchMethodError'{0x000000071098c118}: 'java.lang.Object java.lang.invoke.DirectMethodHandle$Holder.invokeStatic(java.lang.Object, int, java.lang.Object)'> (0x000000071098c118) 
thrown [./open/src/hotspot/share/interpreter/linkResolver.cpp, line 782]
Event: 0.613 Thread 0x0000024707bd83a0 Exception <a 'java/lang/ClassNotFoundException'{0x0000000710653378}: com/sun/swing/internal/plaf/metal/resources/spi/metalProvider> (0x0000000710653378) 
thrown [./open/src/hotspot/share/classfile/systemDictionary.cpp, line 295]
Event: 0.614 Thread 0x0000024707bd83a0 Exception <a 'java/lang/ClassNotFoundException'{0x000000071065a0d8}: com/sun/swing/internal/plaf/basic/resources/spi/basicProvider> (0x000000071065a0d8) 
thrown [./open/src/hotspot/share/classfile/systemDictionary.cpp, line 295]
Event: 0.637 Thread 0x0000024707bd83a0 Exception <a 'java/lang/NoSuchMethodError'{0x000000071070b808}: 'void java.lang.invoke.DirectMethodHandle$Holder.invokeStaticInit(java.lang.Object)'> (0x000000071070b808) 
thrown [./open/src/hotspot/share/interpreter/linkResolver.cpp, line 782]
Event: 597.104 Thread 0x0000024727a97620 Exception <a 'java/lang/LinkageError'{0x000000071065a670}> (0x000000071065a670) 
thrown [./open/src/hotspot/share/oops/generateOopMap.cpp, line 2137]

Events (20 events):
Event: 582.608 Executing VM operation: get/set locals
Event: 582.608 Executing VM operation: get/set locals done
Event: 582.608 Executing VM operation: GetFrameLocation
Event: 582.608 Executing VM operation: GetFrameLocation done
Event: 582.608 Executing VM operation: get/set locals
Event: 582.609 Executing VM operation: get/set locals done
Event: 594.259 Executing VM operation: ChangeBreakpoints
Event: 594.260 Executing VM operation: ChangeBreakpoints done
Event: 594.260 Executing VM operation: ChangeBreakpoints
Event: 594.260 Executing VM operation: ChangeBreakpoints done
Event: 597.094 Executing VM operation: GetFrameCount
Event: 597.094 Executing VM operation: GetFrameCount done
Event: 597.094 Executing VM operation: GetStackTrace
Event: 597.094 Executing VM operation: GetStackTrace done
Event: 597.095 Executing VM operation: GetFrameCount
Event: 597.095 Executing VM operation: GetFrameCount done
Event: 597.096 Executing VM operation: GetFrameCount
Event: 597.096 Executing VM operation: GetFrameCount done
Event: 597.103 Executing VM operation: GetFrameLocation
Event: 597.104 Executing VM operation: GetFrameLocation done


Dynamic libraries:
0x00007ff77ba70000 - 0x00007ff77ba7d000 	C:\Users\Simon\.p2\pool\plugins\org.eclipse.justj.openjdk.hotspot.jre.full.win32.x86_64_15.0.2.v20210201-0955\jre\bin\javaw.exe
0x00007ff9d4170000 - 0x00007ff9d4365000 	C:\WINDOWS\SYSTEM32\ntdll.dll
0x00007ff9aea00000 - 0x00007ff9aea13000 	C:\Program Files\AVG\Antivirus\aswhook.dll
0x00007ff9d2ad0000 - 0x00007ff9d2b8d000 	C:\WINDOWS\System32\KERNEL32.DLL
0x00007ff9d1f00000 - 0x00007ff9d21c8000 	C:\WINDOWS\System32\KERNELBASE.dll
0x00007ff9d1dd0000 - 0x00007ff9d1ed0000 	C:\WINDOWS\System32\ucrtbase.dll
0x00007ff9c7e00000 - 0x00007ff9c7e18000 	C:\Users\Simon\.p2\pool\plugins\org.eclipse.justj.openjdk.hotspot.jre.full.win32.x86_64_15.0.2.v20210201-0955\jre\bin\jli.dll
0x00007ff9c5e00000 - 0x00007ff9c5e19000 	C:\Users\Simon\.p2\pool\plugins\org.eclipse.justj.openjdk.hotspot.jre.full.win32.x86_64_15.0.2.v20210201-0955\jre\bin\VCRUNTIME140.dll
0x00007ff9d3600000 - 0x00007ff9d37a0000 	C:\WINDOWS\System32\USER32.dll
0x00007ff9c5960000 - 0x00007ff9c5bfa000 	C:\WINDOWS\WinSxS\amd64_microsoft.windows.common-controls_6595b64144ccf1df_6.0.19041.844_none_ca00b6081b84eb1d\COMCTL32.dll
0x00007ff9d1cb0000 - 0x00007ff9d1cd2000 	C:\WINDOWS\System32\win32u.dll
0x00007ff9d2710000 - 0x00007ff9d27ae000 	C:\WINDOWS\System32\msvcrt.dll
0x00007ff9d2cd0000 - 0x00007ff9d2cfa000 	C:\WINDOWS\System32\GDI32.dll
0x00007ff9d1ba0000 - 0x00007ff9d1cab000 	C:\WINDOWS\System32\gdi32full.dll
0x00007ff9d1d30000 - 0x00007ff9d1dcd000 	C:\WINDOWS\System32\msvcp_win.dll
0x00007ff9d3950000 - 0x00007ff9d3980000 	C:\WINDOWS\System32\IMM32.DLL
0x00007ff9cecd0000 - 0x00007ff9cecdc000 	C:\Users\Simon\.p2\pool\plugins\org.eclipse.justj.openjdk.hotspot.jre.full.win32.x86_64_15.0.2.v20210201-0955\jre\bin\vcruntime140_1.dll
0x00007ff9ae1c0000 - 0x00007ff9ae251000 	C:\Users\Simon\.p2\pool\plugins\org.eclipse.justj.openjdk.hotspot.jre.full.win32.x86_64_15.0.2.v20210201-0955\jre\bin\msvcp140.dll
0x00007ff972e80000 - 0x00007ff9739de000 	C:\Users\Simon\.p2\pool\plugins\org.eclipse.justj.openjdk.hotspot.jre.full.win32.x86_64_15.0.2.v20210201-0955\jre\bin\server\jvm.dll
0x00007ff9d2e00000 - 0x00007ff9d2eac000 	C:\WINDOWS\System32\ADVAPI32.dll
0x00007ff9d2d00000 - 0x00007ff9d2d9b000 	C:\WINDOWS\System32\sechost.dll
0x00007ff9d2b90000 - 0x00007ff9d2cbb000 	C:\WINDOWS\System32\RPCRT4.dll
0x00007ff9d21d0000 - 0x00007ff9d21d8000 	C:\WINDOWS\System32\PSAPI.DLL
0x00007ff9c4a30000 - 0x00007ff9c4a39000 	C:\WINDOWS\SYSTEM32\WSOCK32.dll
0x00007ff9c8ca0000 - 0x00007ff9c8cc7000 	C:\WINDOWS\SYSTEM32\WINMM.dll
0x00007ff9c9300000 - 0x00007ff9c930a000 	C:\WINDOWS\SYSTEM32\VERSION.dll
0x00007ff9d2830000 - 0x00007ff9d289b000 	C:\WINDOWS\System32\WS2_32.dll
0x00007ff9cf9f0000 - 0x00007ff9cfa02000 	C:\WINDOWS\SYSTEM32\kernel.appcore.dll
0x00007ff9a4b50000 - 0x00007ff9a4b5a000 	C:\Users\Simon\.p2\pool\plugins\org.eclipse.justj.openjdk.hotspot.jre.full.win32.x86_64_15.0.2.v20210201-0955\jre\bin\jimage.dll
0x00007ff9cf690000 - 0x00007ff9cf874000 	C:\WINDOWS\SYSTEM32\DBGHELP.DLL
0x00007ff9c8fe0000 - 0x00007ff9c900c000 	C:\WINDOWS\SYSTEM32\dbgcore.DLL
0x00007ff9d1960000 - 0x00007ff9d19e0000 	C:\WINDOWS\System32\bcryptPrimitives.dll
0x00007ff9aef50000 - 0x00007ff9aef89000 	C:\Users\Simon\.p2\pool\plugins\org.eclipse.justj.openjdk.hotspot.jre.full.win32.x86_64_15.0.2.v20210201-0955\jre\bin\jdwp.dll
0x00007ff9cecb0000 - 0x00007ff9cecbe000 	C:\Users\Simon\.p2\pool\plugins\org.eclipse.justj.openjdk.hotspot.jre.full.win32.x86_64_15.0.2.v20210201-0955\jre\bin\instrument.dll
0x00007ff98ea80000 - 0x00007ff98eaa5000 	C:\Users\Simon\.p2\pool\plugins\org.eclipse.justj.openjdk.hotspot.jre.full.win32.x86_64_15.0.2.v20210201-0955\jre\bin\java.dll
0x00007ff98ea60000 - 0x00007ff98ea78000 	C:\Users\Simon\.p2\pool\plugins\org.eclipse.justj.openjdk.hotspot.jre.full.win32.x86_64_15.0.2.v20210201-0955\jre\bin\zip.dll
0x00007ff9d39e0000 - 0x00007ff9d4122000 	C:\WINDOWS\System32\SHELL32.dll
0x00007ff9cfa10000 - 0x00007ff9d01a1000 	C:\WINDOWS\SYSTEM32\windows.storage.dll
0x00007ff9d23b0000 - 0x00007ff9d2705000 	C:\WINDOWS\System32\combase.dll
0x00007ff9d1320000 - 0x00007ff9d134c000 	C:\WINDOWS\SYSTEM32\Wldp.dll
0x00007ff9d2930000 - 0x00007ff9d29de000 	C:\WINDOWS\System32\SHCORE.dll
0x00007ff9d2da0000 - 0x00007ff9d2df5000 	C:\WINDOWS\System32\shlwapi.dll
0x00007ff9d17f0000 - 0x00007ff9d180f000 	C:\WINDOWS\SYSTEM32\profapi.dll
0x00007ff9c8c00000 - 0x00007ff9c8c0b000 	C:\Users\Simon\.p2\pool\plugins\org.eclipse.justj.openjdk.hotspot.jre.full.win32.x86_64_15.0.2.v20210201-0955\jre\bin\dt_socket.dll
0x00007ff9d0d30000 - 0x00007ff9d0d6b000 	C:\WINDOWS\SYSTEM32\IPHLPAPI.DLL
0x00007ff9d1090000 - 0x00007ff9d10fa000 	C:\WINDOWS\system32\mswsock.dll
0x00007ff9d0d70000 - 0x00007ff9d0e3c000 	C:\WINDOWS\SYSTEM32\DNSAPI.dll
0x00007ff9d29e0000 - 0x00007ff9d29e8000 	C:\WINDOWS\System32\NSI.dll
0x00007ff9cb580000 - 0x00007ff9cb58a000 	C:\Windows\System32\rasadhlp.dll
0x00007ff9c9430000 - 0x00007ff9c94af000 	C:\WINDOWS\System32\fwpuclnt.dll
0x00007ff9d1ed0000 - 0x00007ff9d1ef7000 	C:\WINDOWS\System32\bcrypt.dll
0x00007ff979990000 - 0x00007ff9799a9000 	C:\Users\Simon\.p2\pool\plugins\org.eclipse.justj.openjdk.hotspot.jre.full.win32.x86_64_15.0.2.v20210201-0955\jre\bin\net.dll
0x00007ff9cbec0000 - 0x00007ff9cbfcb000 	C:\WINDOWS\SYSTEM32\WINHTTP.dll
0x00007ff979970000 - 0x00007ff979982000 	C:\Users\Simon\.p2\pool\plugins\org.eclipse.justj.openjdk.hotspot.jre.full.win32.x86_64_15.0.2.v20210201-0955\jre\bin\nio.dll
0x00007ff9a4790000 - 0x00007ff9a47a0000 	C:\Users\Simon\.p2\pool\plugins\org.eclipse.justj.openjdk.hotspot.jre.full.win32.x86_64_15.0.2.v20210201-0955\jre\bin\verify.dll
0x00007ff9a90a0000 - 0x00007ff9a921f000 	C:\Users\Simon\.p2\pool\plugins\org.eclipse.justj.openjdk.hotspot.jre.full.win32.x86_64_15.0.2.v20210201-0955\jre\bin\awt.dll
0x00007ff9d2eb0000 - 0x00007ff9d2f7d000 	C:\WINDOWS\System32\OLEAUT32.dll
0x00007ff9ced30000 - 0x00007ff9cedc0000 	C:\WINDOWS\SYSTEM32\apphelp.dll
0x00007ff9cf250000 - 0x00007ff9cf27f000 	C:\WINDOWS\system32\DWMAPI.DLL
0x00007ff9cee20000 - 0x00007ff9ceebe000 	C:\WINDOWS\system32\uxtheme.dll
0x00007ff99e120000 - 0x00007ff99e246000 	C:\WINDOWS\system32\opengl32.dll
0x00007ff9ae190000 - 0x00007ff9ae1bc000 	C:\WINDOWS\SYSTEM32\GLU32.dll
0x00007ff9d21e0000 - 0x00007ff9d22f5000 	C:\WINDOWS\System32\MSCTF.dll
0x00007ff9d2f80000 - 0x00007ff9d30aa000 	C:\WINDOWS\System32\ole32.dll
0x00007ff9c7670000 - 0x00007ff9c783e000 	C:\WINDOWS\system32\d3d9.dll
0x00007ff9c9310000 - 0x00007ff9c9415000 	C:\WINDOWS\System32\DriverStore\FileRepository\nvaki.inf_amd64_5e1a0fc0d5b00c55\nvldumdx.dll
0x00007ff9d14a0000 - 0x00007ff9d14b2000 	C:\WINDOWS\SYSTEM32\msasn1.dll
0x00007ff9c92c0000 - 0x00007ff9c92f1000 	C:\WINDOWS\SYSTEM32\cryptnet.dll
0x00007ff9d19e0000 - 0x00007ff9d1b3f000 	C:\WINDOWS\System32\CRYPT32.dll
0x00007ff9d1280000 - 0x00007ff9d128c000 	C:\WINDOWS\SYSTEM32\cryptbase.dll
0x00007ff9d1b40000 - 0x00007ff9d1ba0000 	C:\WINDOWS\System32\WINTRUST.DLL
0x00007ff9d2810000 - 0x00007ff9d282d000 	C:\WINDOWS\System32\imagehlp.dll
0x00007ff9d1260000 - 0x00007ff9d1278000 	C:\WINDOWS\SYSTEM32\CRYPTSP.dll
0x00007ff9d09c0000 - 0x00007ff9d09f4000 	C:\WINDOWS\system32\rsaenh.dll
0x00007ff9982d0000 - 0x00007ff999a88000 	C:\WINDOWS\System32\DriverStore\FileRepository\nvaki.inf_amd64_5e1a0fc0d5b00c55\nvd3dumx.dll
0x00007ff9a9310000 - 0x00007ff9a95c9000 	C:\WINDOWS\system32\nvspcap64.dll
0x00007ff9d05f0000 - 0x00007ff9d0623000 	C:\WINDOWS\SYSTEM32\ntmarta.dll
0x00007ff9d01c0000 - 0x00007ff9d01e3000 	C:\WINDOWS\SYSTEM32\gpapi.dll
0x00007ff9cc5a0000 - 0x00007ff9cc5db000 	C:\WINDOWS\SYSTEM32\dxcore.dll
0x00007ff9d1ce0000 - 0x00007ff9d1d2e000 	C:\WINDOWS\System32\cfgmgr32.dll
0x00007ff99ddf0000 - 0x00007ff99de75000 	C:\Users\Simon\.p2\pool\plugins\org.eclipse.justj.openjdk.hotspot.jre.full.win32.x86_64_15.0.2.v20210201-0955\jre\bin\freetype.dll
0x00007ff99db40000 - 0x00007ff99dbe9000 	C:\Users\Simon\.p2\pool\plugins\org.eclipse.justj.openjdk.hotspot.jre.full.win32.x86_64_15.0.2.v20210201-0955\jre\bin\fontmanager.dll
0x00007ff9b9690000 - 0x00007ff9b9789000 	C:\WINDOWS\SYSTEM32\textinputframework.dll
0x00007ff9cea20000 - 0x00007ff9ceb12000 	C:\WINDOWS\System32\CoreMessaging.dll
0x00007ff9ce340000 - 0x00007ff9ce69e000 	C:\WINDOWS\System32\CoreUIComponents.dll
0x00007ff9ccf70000 - 0x00007ff9cd0c4000 	C:\WINDOWS\SYSTEM32\wintypes.dll

dbghelp: loaded successfully - version: 4.0.5 - missing functions: none
symbol engine: initialized successfully - sym options: 0x614 - pdb path: .;C:\Users\Simon\.p2\pool\plugins\org.eclipse.justj.openjdk.hotspot.jre.full.win32.x86_64_15.0.2.v20210201-0955\jre\bin;C:\WINDOWS\SYSTEM32;C:\Program Files\AVG\Antivirus;C:\WINDOWS\WinSxS\amd64_microsoft.windows.common-controls_6595b64144ccf1df_6.0.19041.844_none_ca00b6081b84eb1d;C:\Users\Simon\.p2\pool\plugins\org.eclipse.justj.openjdk.hotspot.jre.full.win32.x86_64_15.0.2.v20210201-0955\jre\bin\server;C:\WINDOWS\System32\DriverStore\FileRepository\nvaki.inf_amd64_5e1a0fc0d5b00c55

VM Arguments:
jvm_args: -XX:+ShowCodeDetailsInExceptionMessages -agentlib:jdwp=transport=dt_socket,suspend=y,address=localhost:50098 -javaagent:C:\Users\Simon\eclipse\java-2021-03\eclipse\configuration\org.eclipse.osgi\222\0\.cp\lib\javaagent-shaded.jar -Dfile.encoding=Cp1252 
java_command: game.Main
java_class_path (initial): E:\JavaProjs\SitronRasterizer\bin
Launcher Type: SUN_STANDARD

[Global flags]
     intx CICompilerCount                          = 4                                         {product} {ergonomic}
     uint ConcGCThreads                            = 3                                         {product} {ergonomic}
     uint G1ConcRefinementThreads                  = 10                                        {product} {ergonomic}
   size_t G1HeapRegionSize                         = 2097152                                   {product} {ergonomic}
    uintx GCDrainStackTargetSize                   = 64                                        {product} {ergonomic}
   size_t InitialHeapSize                          = 268435456                                 {product} {ergonomic}
   size_t MarkStackSize                            = 4194304                                   {product} {ergonomic}
   size_t MaxHeapSize                              = 4276092928                                {product} {ergonomic}
   size_t MaxNewSize                               = 2564816896                                {product} {ergonomic}
   size_t MinHeapDeltaBytes                        = 2097152                                   {product} {ergonomic}
   size_t MinHeapSize                              = 8388608                                   {product} {ergonomic}
    uintx NonNMethodCodeHeapSize                   = 5839372                                {pd product} {ergonomic}
    uintx NonProfiledCodeHeapSize                  = 122909434                              {pd product} {ergonomic}
    uintx ProfiledCodeHeapSize                     = 122909434                              {pd product} {ergonomic}
    uintx ReservedCodeCacheSize                    = 251658240                              {pd product} {ergonomic}
     bool SegmentedCodeCache                       = true                                      {product} {ergonomic}
     bool ShowCodeDetailsInExceptionMessages       = true                                   {manageable} {command line}
   size_t SoftMaxHeapSize                          = 4276092928                             {manageable} {ergonomic}
     bool UseCompressedClassPointers               = true                                 {lp64_product} {ergonomic}
     bool UseCompressedOops                        = true                                 {lp64_product} {ergonomic}
     bool UseG1GC                                  = true                                      {product} {ergonomic}
     bool UseLargePagesIndividualAllocation        = false                                  {pd product} {ergonomic}

Logging:
Log output configuration:
 #0: stdout all=warning uptime,level,tags
 #1: stderr all=off uptime,level,tags

Environment Variables:
PATH=C:\Users\Simon\.p2\pool\plugins\org.eclipse.justj.openjdk.hotspot.jre.full.win32.x86_64_15.0.2.v20210201-0955\jre\bin;C:/Users/Simon/.p2/pool/plugins/org.eclipse.justj.openjdk.hotspot.jre.full.win32.x86_64_15.0.2.v20210201-0955/jre/bin/server;C:/Users/Simon/.p2/pool/plugins/org.eclipse.justj.openjdk.hotspot.jre.full.win32.x86_64_15.0.2.v20210201-0955/jre/bin;C:\Program Files (x86)\Common Files\Oracle\Java\javapath;C:\WINDOWS\system32;C:\WINDOWS;C:\WINDOWS\System32\Wbem;C:\WINDOWS\System32\WindowsPowerShell\v1.0\;C:\Program Files\Intel\WiFi\bin\;C:\Program Files\Common Files\Intel\WirelessCommon\;C:\WINDOWS\System32\OpenSSH\;C:\Program Files (x86)\NVIDIA Corporation\PhysX\Common;C:\Program Files\NVIDIA Corporation\NVIDIA NvDLISR;C:\Program Files\dotnet\;C:\Users\Simon\AppData\Local\Microsoft\WindowsApps;C:\Program Files\Intel\WiFi\bin\;C:\Program Files\Common Files\Intel\WirelessCommon\;C:\Users\Simon\AppData\Local\GitHubDesktop\bin;C:\Users\Simon\.dotnet\tools;C:\Users\Simon\eclipse\java-2021-03\eclipse;
USERNAME=Simon
OS=Windows_NT
PROCESSOR_IDENTIFIER=Intel64 Family 6 Model 158 Stepping 10, GenuineIntel



---------------  S Y S T E M  ---------------

OS:
 Windows 10 , 64 bit Build 19041 (10.0.19041.804)
OS uptime: 7 days 17:21 hours

CPU: total 12 (initial active 12) (6 cores per cpu, 2 threads per core) family 6 model 158 stepping 10 microcode 0xde, cmov, cx8, fxsr, mmx, sse, sse2, sse3, ssse3, sse4.1, sse4.2, popcnt, vzeroupper, avx, avx2, aes, clmul, erms, rtm, 3dnowpref, lzcnt, ht, tsc, tscinvbit, bmi1, bmi2, adx, fma, clflush, clflushopt

Memory: 4k page, system-wide physical 16307M (8832M free)
TotalPageFile size 27571M (AvailPageFile size 15060M)
current process WorkingSet (physical memory assigned to process): 279M, peak: 324M
current process commit charge ("private bytes"): 414M, peak: 488M

vm_info: OpenJDK 64-Bit Server VM (15.0.2+7-27) for windows-amd64 JRE (15.0.2+7-27), built on Dec  7 2020 20:02:38 by "mach5one" with unknown MS VC++:1925

END.
