#
# A fatal error has been detected by the Java Runtime Environment:
#
#  Internal Error (./open/src/hotspot/share/interpreter/oopMapCache.cpp:111), pid=14948, tid=1960
#  Error: ShouldNotReachHere()
#
# JRE version: OpenJDK Runtime Environment (15.0.2+7) (build 15.0.2+7-27)
# Java VM: OpenJDK 64-Bit Server VM (15.0.2+7-27, mixed mode, tiered, compressed oops, g1 gc, windows-amd64)
# No core dump will be written. Minidumps are not enabled by default on client versions of Windows
#
# If you would like to submit a bug report, please visit:
#   https://bugreport.java.com/bugreport/crash.jsp
#

---------------  S U M M A R Y ------------

Command Line: -XX:+ShowCodeDetailsInExceptionMessages -agentlib:jdwp=transport=dt_socket,suspend=y,address=localhost:57129 -javaagent:C:\Users\Simon\eclipse\java-2021-03\eclipse\configuration\org.eclipse.osgi\222\0\.cp\lib\javaagent-shaded.jar -Dfile.encoding=Cp1252 game.Main

Host: Intel(R) Core(TM) i7-8700 CPU @ 3.20GHz, 12 cores, 15G,  Windows 10 , 64 bit Build 19041 (10.0.19041.804)
Time: Sat Apr 10 19:47:56 2021 Västeuropa, sommartid elapsed time: 238.996714 seconds (0d 0h 3m 58s)

---------------  T H R E A D  ---------------

Current thread (0x0000020860cee8d0):  JavaThread "JDWP Transport Listener: dt_socket" daemon [_thread_in_vm, id=1960, stack(0x000000ce9a300000,0x000000ce9a400000)] _threads_hazard_ptr=0x0000020868eecbd0

Stack: [0x000000ce9a300000,0x000000ce9a400000]
Native frames: (J=compiled Java code, j=interpreted, Vv=VM code, C=native code)
V  [jvm.dll+0x62ae9a]
V  [jvm.dll+0x7817a9]
V  [jvm.dll+0x782f03]
V  [jvm.dll+0x783517]
V  [jvm.dll+0x21628c]
V  [jvm.dll+0x2161d3]
V  [jvm.dll+0x619eea]
V  [jvm.dll+0x619ba3]
V  [jvm.dll+0x5df278]
V  [jvm.dll+0x77876f]
V  [jvm.dll+0x4f02e1]
V  [jvm.dll+0x7882b5]
V  [jvm.dll+0x4d40ea]
V  [jvm.dll+0x49526b]
C  [jdwp.dll+0x796b]


---------------  P R O C E S S  ---------------

Threads class SMR info:
_java_thread_list=0x0000020868eecbd0, length=19, elements={
0x0000020840d684a0, 0x000002086096e010, 0x000002086096f240, 0x00000208609910a0,
0x0000020860993a70, 0x0000020860996be0, 0x000002086099d2a0, 0x00000208609a0400,
0x00000208609f5c00, 0x0000020860ab4ef0, 0x0000020860cee8d0, 0x0000020860c43410,
0x0000020860c43900, 0x00000208612352e0, 0x000002086127bde0, 0x000002086127c8b0,
0x00000208612df4d0, 0x00000208685fae30, 0x0000020868683cd0
}

Java Threads: ( => current thread )
  0x0000020840d684a0 JavaThread "main" [_thread_blocked, id=21264, stack(0x000000ce99300000,0x000000ce99400000)]
  0x000002086096e010 JavaThread "Reference Handler" daemon [_thread_blocked, id=20644, stack(0x000000ce99a00000,0x000000ce99b00000)]
  0x000002086096f240 JavaThread "Finalizer" daemon [_thread_blocked, id=1916, stack(0x000000ce99b00000,0x000000ce99c00000)]
  0x00000208609910a0 JavaThread "Signal Dispatcher" daemon [_thread_blocked, id=17912, stack(0x000000ce99c00000,0x000000ce99d00000)]
  0x0000020860993a70 JavaThread "Attach Listener" daemon [_thread_blocked, id=15420, stack(0x000000ce99d00000,0x000000ce99e00000)]
  0x0000020860996be0 JavaThread "Service Thread" daemon [_thread_blocked, id=14136, stack(0x000000ce99e00000,0x000000ce99f00000)]
  0x000002086099d2a0 JavaThread "C2 CompilerThread0" daemon [_thread_blocked, id=2040, stack(0x000000ce99f00000,0x000000ce9a000000)]
  0x00000208609a0400 JavaThread "C1 CompilerThread0" daemon [_thread_blocked, id=23112, stack(0x000000ce9a000000,0x000000ce9a100000)]
  0x00000208609f5c00 JavaThread "Sweeper thread" daemon [_thread_blocked, id=3488, stack(0x000000ce9a100000,0x000000ce9a200000)]
  0x0000020860ab4ef0 JavaThread "Common-Cleaner" daemon [_thread_blocked, id=20064, stack(0x000000ce9a200000,0x000000ce9a300000)]
=>0x0000020860cee8d0 JavaThread "JDWP Transport Listener: dt_socket" daemon [_thread_in_vm, id=1960, stack(0x000000ce9a300000,0x000000ce9a400000)] _threads_hazard_ptr=0x0000020868eecbd0
  0x0000020860c43410 JavaThread "JDWP Event Helper Thread" daemon [_thread_blocked, id=9500, stack(0x000000ce9a400000,0x000000ce9a500000)]
  0x0000020860c43900 JavaThread "JDWP Command Reader" daemon [_thread_in_native, id=17204, stack(0x000000ce9a500000,0x000000ce9a600000)]
  0x00000208612352e0 JavaThread "Notification Thread" daemon [_thread_blocked, id=24152, stack(0x000000ce9a600000,0x000000ce9a700000)]
  0x000002086127bde0 JavaThread "Java2D Disposer" daemon [_thread_blocked, id=17544, stack(0x000000ce9a800000,0x000000ce9a900000)]
  0x000002086127c8b0 JavaThread "AWT-Shutdown" [_thread_blocked, id=3792, stack(0x000000ce9a900000,0x000000ce9aa00000)]
  0x00000208612df4d0 JavaThread "AWT-Windows" daemon [_thread_in_native, id=24268, stack(0x000000ce9aa00000,0x000000ce9ab00000)]
  0x00000208685fae30 JavaThread "AWT-EventQueue-0" [_thread_blocked, id=13904, stack(0x000000ce9ad30000,0x000000ce9ae30000)]
  0x0000020868683cd0 JavaThread "D3D Screen Updater" daemon [_thread_blocked, id=24056, stack(0x000000ce9ae30000,0x000000ce9af30000)]

Other Threads:
  0x0000020860937cc0 VMThread "VM Thread" [stack: 0x000000ce99900000,0x000000ce99a00000] [id=13548]
  0x0000020840d69770 WatcherThread [stack: 0x000000ce9a700000,0x000000ce9a800000] [id=13368]
  0x0000020840db92b0 GCTaskThread "GC Thread#0" [stack: 0x000000ce99400000,0x000000ce99500000] [id=7860]
  0x0000020861337490 GCTaskThread "GC Thread#1" [stack: 0x000000ce9afa0000,0x000000ce9b0a0000] [id=8308]
  0x0000020861339e00 GCTaskThread "GC Thread#2" [stack: 0x000000ce9b0a0000,0x000000ce9b1a0000] [id=12588]
  0x00000208613377c0 GCTaskThread "GC Thread#3" [stack: 0x000000ce9b1a0000,0x000000ce9b2a0000] [id=21400]
  0x0000020861338ae0 GCTaskThread "GC Thread#4" [stack: 0x000000ce9b2a0000,0x000000ce9b3a0000] [id=6288]
  0x0000020861339140 GCTaskThread "GC Thread#5" [stack: 0x000000ce9b3a0000,0x000000ce9b4a0000] [id=3596]
  0x0000020840dcbb60 ConcurrentGCThread "G1 Main Marker" [stack: 0x000000ce99500000,0x000000ce99600000] [id=8060]
  0x0000020840dcc660 ConcurrentGCThread "G1 Conc#0" [stack: 0x000000ce99600000,0x000000ce99700000] [id=19376]
  0x000002085ff744e0 ConcurrentGCThread "G1 Refine#0" [stack: 0x000000ce99700000,0x000000ce99800000] [id=19968]
  0x0000020840e2a1c0 ConcurrentGCThread "G1 Young RemSet Sampling" [stack: 0x000000ce99800000,0x000000ce99900000] [id=21896]

Threads with active compile tasks:

VM state: not at safepoint (normal execution)

VM Mutex/Monitor currently owned by a thread: None

Heap address: 0x0000000701200000, size: 4078 MB, Compressed Oops mode: Zero based, Oop shift amount: 3
CDS disabled.
Compressed class space mapped at: 0x0000000800000000-0x0000000840000000, size: 1073741824
Narrow klass base: 0x0000000800000000, Narrow klass shift: 0, Narrow klass range: 0x40000000

GC Precious Log:
 CPUs: 12 total, 12 available
 Memory: 16307M
 Large Page Support: Disabled
 NUMA Support: Disabled
 Compressed Oops: Enabled (Zero based)
 Heap Region Size: 2M
 Heap Min Capacity: 8M
 Heap Initial Capacity: 256M
 Heap Max Capacity: 4078M
 Pre-touch: Disabled
 Parallel Workers: 10
 Concurrent Workers: 3
 Concurrent Refinement Workers: 10
 Periodic GC: Disabled

Heap:
 garbage-first heap   total 262144K, used 78931K [0x0000000701200000, 0x0000000800000000)
  region size 2048K, 28 young (57344K), 1 survivors (2048K)
 Metaspace       used 17073K, capacity 17213K, committed 17280K, reserved 1064960K
  class space    used 1582K, capacity 1638K, committed 1664K, reserved 1048576K

Heap Regions: E=young(eden), S=young(survivor), O=old, HS=humongous(starts), HC=humongous(continues), CS=collection set, F=free, OA=open archive, CA=closed archive, TAMS=top-at-mark-start (previous, next)
|   0|0x0000000701200000, 0x0000000701400000, 0x0000000701400000|100%|HS|  |TAMS 0x0000000701200000, 0x0000000701200000| Complete 
|   1|0x0000000701400000, 0x0000000701600000, 0x0000000701600000|100%|HC|  |TAMS 0x0000000701400000, 0x0000000701400000| Complete 
|   2|0x0000000701600000, 0x0000000701800000, 0x0000000701800000|100%|HS|  |TAMS 0x0000000701600000, 0x0000000701600000| Complete 
|   3|0x0000000701800000, 0x0000000701a00000, 0x0000000701a00000|100%|HC|  |TAMS 0x0000000701800000, 0x0000000701800000| Complete 
|   4|0x0000000701a00000, 0x0000000701c00000, 0x0000000701c00000|100%|HC|  |TAMS 0x0000000701a00000, 0x0000000701a00000| Complete 
|   5|0x0000000701c00000, 0x0000000701e00000, 0x0000000701e00000|100%|HC|  |TAMS 0x0000000701c00000, 0x0000000701c00000| Complete 
|   6|0x0000000701e00000, 0x0000000702000000, 0x0000000702000000|100%|HS|  |TAMS 0x0000000701e00000, 0x0000000701e00000| Complete 
|   7|0x0000000702000000, 0x0000000702200000, 0x0000000702200000|100%|HC|  |TAMS 0x0000000702000000, 0x0000000702000000| Complete 
|   8|0x0000000702200000, 0x0000000702400000, 0x0000000702400000|100%| O|  |TAMS 0x0000000702200000, 0x0000000702200000| Untracked 
|   9|0x0000000702400000, 0x00000007024f3000, 0x0000000702600000| 47%| O|  |TAMS 0x0000000702400000, 0x0000000702400000| Untracked 
|  10|0x0000000702600000, 0x0000000702600000, 0x0000000702800000|  0%| F|  |TAMS 0x0000000702600000, 0x0000000702600000| Untracked 
|  11|0x0000000702800000, 0x0000000702800000, 0x0000000702a00000|  0%| F|  |TAMS 0x0000000702800000, 0x0000000702800000| Untracked 
|  12|0x0000000702a00000, 0x0000000702a00000, 0x0000000702c00000|  0%| F|  |TAMS 0x0000000702a00000, 0x0000000702a00000| Untracked 
|  13|0x0000000702c00000, 0x0000000702e00000, 0x0000000702e00000|100%|HS|  |TAMS 0x0000000702c00000, 0x0000000702c00000| Complete 
|  14|0x0000000702e00000, 0x0000000703000000, 0x0000000703000000|100%|HC|  |TAMS 0x0000000702e00000, 0x0000000702e00000| Complete 
|  15|0x0000000703000000, 0x0000000703200000, 0x0000000703200000|100%|HC|  |TAMS 0x0000000703000000, 0x0000000703000000| Complete 
|  16|0x0000000703200000, 0x0000000703200000, 0x0000000703400000|  0%| F|  |TAMS 0x0000000703200000, 0x0000000703200000| Untracked 
|  17|0x0000000703400000, 0x0000000703400000, 0x0000000703600000|  0%| F|  |TAMS 0x0000000703400000, 0x0000000703400000| Untracked 
|  18|0x0000000703600000, 0x0000000703600000, 0x0000000703800000|  0%| F|  |TAMS 0x0000000703600000, 0x0000000703600000| Untracked 
|  19|0x0000000703800000, 0x0000000703800000, 0x0000000703a00000|  0%| F|  |TAMS 0x0000000703800000, 0x0000000703800000| Untracked 
|  20|0x0000000703a00000, 0x0000000703a00000, 0x0000000703c00000|  0%| F|  |TAMS 0x0000000703a00000, 0x0000000703a00000| Untracked 
|  21|0x0000000703c00000, 0x0000000703c00000, 0x0000000703e00000|  0%| F|  |TAMS 0x0000000703c00000, 0x0000000703c00000| Untracked 
|  22|0x0000000703e00000, 0x0000000703e00000, 0x0000000704000000|  0%| F|  |TAMS 0x0000000703e00000, 0x0000000703e00000| Untracked 
|  23|0x0000000704000000, 0x0000000704000000, 0x0000000704200000|  0%| F|  |TAMS 0x0000000704000000, 0x0000000704000000| Untracked 
|  24|0x0000000704200000, 0x0000000704200000, 0x0000000704400000|  0%| F|  |TAMS 0x0000000704200000, 0x0000000704200000| Untracked 
|  25|0x0000000704400000, 0x0000000704400000, 0x0000000704600000|  0%| F|  |TAMS 0x0000000704400000, 0x0000000704400000| Untracked 
|  26|0x0000000704600000, 0x0000000704600000, 0x0000000704800000|  0%| F|  |TAMS 0x0000000704600000, 0x0000000704600000| Untracked 
|  27|0x0000000704800000, 0x0000000704800000, 0x0000000704a00000|  0%| F|  |TAMS 0x0000000704800000, 0x0000000704800000| Untracked 
|  28|0x0000000704a00000, 0x0000000704a00000, 0x0000000704c00000|  0%| F|  |TAMS 0x0000000704a00000, 0x0000000704a00000| Untracked 
|  29|0x0000000704c00000, 0x0000000704c00000, 0x0000000704e00000|  0%| F|  |TAMS 0x0000000704c00000, 0x0000000704c00000| Untracked 
|  30|0x0000000704e00000, 0x0000000704e00000, 0x0000000705000000|  0%| F|  |TAMS 0x0000000704e00000, 0x0000000704e00000| Untracked 
|  31|0x0000000705000000, 0x0000000705000000, 0x0000000705200000|  0%| F|  |TAMS 0x0000000705000000, 0x0000000705000000| Untracked 
|  32|0x0000000705200000, 0x0000000705200000, 0x0000000705400000|  0%| F|  |TAMS 0x0000000705200000, 0x0000000705200000| Untracked 
|  33|0x0000000705400000, 0x0000000705400000, 0x0000000705600000|  0%| F|  |TAMS 0x0000000705400000, 0x0000000705400000| Untracked 
|  34|0x0000000705600000, 0x0000000705600000, 0x0000000705800000|  0%| F|  |TAMS 0x0000000705600000, 0x0000000705600000| Untracked 
|  35|0x0000000705800000, 0x0000000705800000, 0x0000000705a00000|  0%| F|  |TAMS 0x0000000705800000, 0x0000000705800000| Untracked 
|  36|0x0000000705a00000, 0x0000000705a00000, 0x0000000705c00000|  0%| F|  |TAMS 0x0000000705a00000, 0x0000000705a00000| Untracked 
|  37|0x0000000705c00000, 0x0000000705c00000, 0x0000000705e00000|  0%| F|  |TAMS 0x0000000705c00000, 0x0000000705c00000| Untracked 
|  38|0x0000000705e00000, 0x0000000705e00000, 0x0000000706000000|  0%| F|  |TAMS 0x0000000705e00000, 0x0000000705e00000| Untracked 
|  39|0x0000000706000000, 0x0000000706000000, 0x0000000706200000|  0%| F|  |TAMS 0x0000000706000000, 0x0000000706000000| Untracked 
|  40|0x0000000706200000, 0x0000000706200000, 0x0000000706400000|  0%| F|  |TAMS 0x0000000706200000, 0x0000000706200000| Untracked 
|  41|0x0000000706400000, 0x0000000706400000, 0x0000000706600000|  0%| F|  |TAMS 0x0000000706400000, 0x0000000706400000| Untracked 
|  42|0x0000000706600000, 0x0000000706600000, 0x0000000706800000|  0%| F|  |TAMS 0x0000000706600000, 0x0000000706600000| Untracked 
|  43|0x0000000706800000, 0x0000000706800000, 0x0000000706a00000|  0%| F|  |TAMS 0x0000000706800000, 0x0000000706800000| Untracked 
|  44|0x0000000706a00000, 0x0000000706a00000, 0x0000000706c00000|  0%| F|  |TAMS 0x0000000706a00000, 0x0000000706a00000| Untracked 
|  45|0x0000000706c00000, 0x0000000706c00000, 0x0000000706e00000|  0%| F|  |TAMS 0x0000000706c00000, 0x0000000706c00000| Untracked 
|  46|0x0000000706e00000, 0x0000000706e00000, 0x0000000707000000|  0%| F|  |TAMS 0x0000000706e00000, 0x0000000706e00000| Untracked 
|  47|0x0000000707000000, 0x0000000707000000, 0x0000000707200000|  0%| F|  |TAMS 0x0000000707000000, 0x0000000707000000| Untracked 
|  48|0x0000000707200000, 0x0000000707200000, 0x0000000707400000|  0%| F|  |TAMS 0x0000000707200000, 0x0000000707200000| Untracked 
|  49|0x0000000707400000, 0x0000000707400000, 0x0000000707600000|  0%| F|  |TAMS 0x0000000707400000, 0x0000000707400000| Untracked 
|  50|0x0000000707600000, 0x0000000707600000, 0x0000000707800000|  0%| F|  |TAMS 0x0000000707600000, 0x0000000707600000| Untracked 
|  51|0x0000000707800000, 0x0000000707821ed0, 0x0000000707a00000|  6%| S|CS|TAMS 0x0000000707800000, 0x0000000707800000| Complete 
|  52|0x0000000707a00000, 0x0000000707a00000, 0x0000000707c00000|  0%| F|  |TAMS 0x0000000707a00000, 0x0000000707a00000| Untracked 
|  53|0x0000000707c00000, 0x0000000707c00000, 0x0000000707e00000|  0%| F|  |TAMS 0x0000000707c00000, 0x0000000707c00000| Untracked 
|  54|0x0000000707e00000, 0x0000000707e00000, 0x0000000708000000|  0%| F|  |TAMS 0x0000000707e00000, 0x0000000707e00000| Untracked 
|  55|0x0000000708000000, 0x0000000708000000, 0x0000000708200000|  0%| F|  |TAMS 0x0000000708000000, 0x0000000708000000| Untracked 
|  56|0x0000000708200000, 0x0000000708200000, 0x0000000708400000|  0%| F|  |TAMS 0x0000000708200000, 0x0000000708200000| Untracked 
|  57|0x0000000708400000, 0x0000000708400000, 0x0000000708600000|  0%| F|  |TAMS 0x0000000708400000, 0x0000000708400000| Untracked 
|  58|0x0000000708600000, 0x0000000708600000, 0x0000000708800000|  0%| F|  |TAMS 0x0000000708600000, 0x0000000708600000| Untracked 
|  59|0x0000000708800000, 0x0000000708800000, 0x0000000708a00000|  0%| F|  |TAMS 0x0000000708800000, 0x0000000708800000| Untracked 
|  60|0x0000000708a00000, 0x0000000708a00000, 0x0000000708c00000|  0%| F|  |TAMS 0x0000000708a00000, 0x0000000708a00000| Untracked 
|  61|0x0000000708c00000, 0x0000000708c00000, 0x0000000708e00000|  0%| F|  |TAMS 0x0000000708c00000, 0x0000000708c00000| Untracked 
|  62|0x0000000708e00000, 0x0000000708e00000, 0x0000000709000000|  0%| F|  |TAMS 0x0000000708e00000, 0x0000000708e00000| Untracked 
|  63|0x0000000709000000, 0x0000000709000000, 0x0000000709200000|  0%| F|  |TAMS 0x0000000709000000, 0x0000000709000000| Untracked 
|  64|0x0000000709200000, 0x0000000709200000, 0x0000000709400000|  0%| F|  |TAMS 0x0000000709200000, 0x0000000709200000| Untracked 
|  65|0x0000000709400000, 0x0000000709400000, 0x0000000709600000|  0%| F|  |TAMS 0x0000000709400000, 0x0000000709400000| Untracked 
|  66|0x0000000709600000, 0x0000000709600000, 0x0000000709800000|  0%| F|  |TAMS 0x0000000709600000, 0x0000000709600000| Untracked 
|  67|0x0000000709800000, 0x0000000709800000, 0x0000000709a00000|  0%| F|  |TAMS 0x0000000709800000, 0x0000000709800000| Untracked 
|  68|0x0000000709a00000, 0x0000000709a00000, 0x0000000709c00000|  0%| F|  |TAMS 0x0000000709a00000, 0x0000000709a00000| Untracked 
|  69|0x0000000709c00000, 0x0000000709c00000, 0x0000000709e00000|  0%| F|  |TAMS 0x0000000709c00000, 0x0000000709c00000| Untracked 
|  70|0x0000000709e00000, 0x0000000709e00000, 0x000000070a000000|  0%| F|  |TAMS 0x0000000709e00000, 0x0000000709e00000| Untracked 
|  71|0x000000070a000000, 0x000000070a000000, 0x000000070a200000|  0%| F|  |TAMS 0x000000070a000000, 0x000000070a000000| Untracked 
|  72|0x000000070a200000, 0x000000070a200000, 0x000000070a400000|  0%| F|  |TAMS 0x000000070a200000, 0x000000070a200000| Untracked 
|  73|0x000000070a400000, 0x000000070a400000, 0x000000070a600000|  0%| F|  |TAMS 0x000000070a400000, 0x000000070a400000| Untracked 
|  74|0x000000070a600000, 0x000000070a600000, 0x000000070a800000|  0%| F|  |TAMS 0x000000070a600000, 0x000000070a600000| Untracked 
|  75|0x000000070a800000, 0x000000070a800000, 0x000000070aa00000|  0%| F|  |TAMS 0x000000070a800000, 0x000000070a800000| Untracked 
|  76|0x000000070aa00000, 0x000000070aa00000, 0x000000070ac00000|  0%| F|  |TAMS 0x000000070aa00000, 0x000000070aa00000| Untracked 
|  77|0x000000070ac00000, 0x000000070ac00000, 0x000000070ae00000|  0%| F|  |TAMS 0x000000070ac00000, 0x000000070ac00000| Untracked 
|  78|0x000000070ae00000, 0x000000070ae00000, 0x000000070b000000|  0%| F|  |TAMS 0x000000070ae00000, 0x000000070ae00000| Untracked 
|  79|0x000000070b000000, 0x000000070b000000, 0x000000070b200000|  0%| F|  |TAMS 0x000000070b000000, 0x000000070b000000| Untracked 
|  80|0x000000070b200000, 0x000000070b200000, 0x000000070b400000|  0%| F|  |TAMS 0x000000070b200000, 0x000000070b200000| Untracked 
|  81|0x000000070b400000, 0x000000070b400000, 0x000000070b600000|  0%| F|  |TAMS 0x000000070b400000, 0x000000070b400000| Untracked 
|  82|0x000000070b600000, 0x000000070b600000, 0x000000070b800000|  0%| F|  |TAMS 0x000000070b600000, 0x000000070b600000| Untracked 
|  83|0x000000070b800000, 0x000000070b800000, 0x000000070ba00000|  0%| F|  |TAMS 0x000000070b800000, 0x000000070b800000| Untracked 
|  84|0x000000070ba00000, 0x000000070ba00000, 0x000000070bc00000|  0%| F|  |TAMS 0x000000070ba00000, 0x000000070ba00000| Untracked 
|  85|0x000000070bc00000, 0x000000070bc00000, 0x000000070be00000|  0%| F|  |TAMS 0x000000070bc00000, 0x000000070bc00000| Untracked 
|  86|0x000000070be00000, 0x000000070be00000, 0x000000070c000000|  0%| F|  |TAMS 0x000000070be00000, 0x000000070be00000| Untracked 
|  87|0x000000070c000000, 0x000000070c000000, 0x000000070c200000|  0%| F|  |TAMS 0x000000070c000000, 0x000000070c000000| Untracked 
|  88|0x000000070c200000, 0x000000070c200000, 0x000000070c400000|  0%| F|  |TAMS 0x000000070c200000, 0x000000070c200000| Untracked 
|  89|0x000000070c400000, 0x000000070c400000, 0x000000070c600000|  0%| F|  |TAMS 0x000000070c400000, 0x000000070c400000| Untracked 
|  90|0x000000070c600000, 0x000000070c600000, 0x000000070c800000|  0%| F|  |TAMS 0x000000070c600000, 0x000000070c600000| Untracked 
|  91|0x000000070c800000, 0x000000070c800000, 0x000000070ca00000|  0%| F|  |TAMS 0x000000070c800000, 0x000000070c800000| Untracked 
|  92|0x000000070ca00000, 0x000000070ca00000, 0x000000070cc00000|  0%| F|  |TAMS 0x000000070ca00000, 0x000000070ca00000| Untracked 
|  93|0x000000070cc00000, 0x000000070cc00000, 0x000000070ce00000|  0%| F|  |TAMS 0x000000070cc00000, 0x000000070cc00000| Untracked 
|  94|0x000000070ce00000, 0x000000070ce00000, 0x000000070d000000|  0%| F|  |TAMS 0x000000070ce00000, 0x000000070ce00000| Untracked 
|  95|0x000000070d000000, 0x000000070d000000, 0x000000070d200000|  0%| F|  |TAMS 0x000000070d000000, 0x000000070d000000| Untracked 
|  96|0x000000070d200000, 0x000000070d200000, 0x000000070d400000|  0%| F|  |TAMS 0x000000070d200000, 0x000000070d200000| Untracked 
|  97|0x000000070d400000, 0x000000070d400000, 0x000000070d600000|  0%| F|  |TAMS 0x000000070d400000, 0x000000070d400000| Untracked 
|  98|0x000000070d600000, 0x000000070d600000, 0x000000070d800000|  0%| F|  |TAMS 0x000000070d600000, 0x000000070d600000| Untracked 
|  99|0x000000070d800000, 0x000000070d800000, 0x000000070da00000|  0%| F|  |TAMS 0x000000070d800000, 0x000000070d800000| Untracked 
| 100|0x000000070da00000, 0x000000070da00000, 0x000000070dc00000|  0%| F|  |TAMS 0x000000070da00000, 0x000000070da00000| Untracked 
| 101|0x000000070dc00000, 0x000000070dcb04c8, 0x000000070de00000| 34%| E|  |TAMS 0x000000070dc00000, 0x000000070dc00000| Complete 
| 102|0x000000070de00000, 0x000000070e000000, 0x000000070e000000|100%| E|CS|TAMS 0x000000070de00000, 0x000000070de00000| Complete 
| 103|0x000000070e000000, 0x000000070e200000, 0x000000070e200000|100%| E|CS|TAMS 0x000000070e000000, 0x000000070e000000| Complete 
| 104|0x000000070e200000, 0x000000070e400000, 0x000000070e400000|100%| E|CS|TAMS 0x000000070e200000, 0x000000070e200000| Complete 
| 105|0x000000070e400000, 0x000000070e600000, 0x000000070e600000|100%| E|CS|TAMS 0x000000070e400000, 0x000000070e400000| Complete 
| 106|0x000000070e600000, 0x000000070e800000, 0x000000070e800000|100%| E|CS|TAMS 0x000000070e600000, 0x000000070e600000| Complete 
| 107|0x000000070e800000, 0x000000070ea00000, 0x000000070ea00000|100%| E|CS|TAMS 0x000000070e800000, 0x000000070e800000| Complete 
| 108|0x000000070ea00000, 0x000000070ec00000, 0x000000070ec00000|100%| E|CS|TAMS 0x000000070ea00000, 0x000000070ea00000| Complete 
| 109|0x000000070ec00000, 0x000000070ee00000, 0x000000070ee00000|100%| E|CS|TAMS 0x000000070ec00000, 0x000000070ec00000| Complete 
| 110|0x000000070ee00000, 0x000000070f000000, 0x000000070f000000|100%| E|CS|TAMS 0x000000070ee00000, 0x000000070ee00000| Complete 
| 111|0x000000070f000000, 0x000000070f200000, 0x000000070f200000|100%| E|CS|TAMS 0x000000070f000000, 0x000000070f000000| Complete 
| 112|0x000000070f200000, 0x000000070f400000, 0x000000070f400000|100%| E|CS|TAMS 0x000000070f200000, 0x000000070f200000| Complete 
| 113|0x000000070f400000, 0x000000070f600000, 0x000000070f600000|100%| E|CS|TAMS 0x000000070f400000, 0x000000070f400000| Complete 
| 114|0x000000070f600000, 0x000000070f800000, 0x000000070f800000|100%| E|CS|TAMS 0x000000070f600000, 0x000000070f600000| Complete 
| 115|0x000000070f800000, 0x000000070fa00000, 0x000000070fa00000|100%| E|CS|TAMS 0x000000070f800000, 0x000000070f800000| Complete 
| 116|0x000000070fa00000, 0x000000070fc00000, 0x000000070fc00000|100%| E|CS|TAMS 0x000000070fa00000, 0x000000070fa00000| Complete 
| 117|0x000000070fc00000, 0x000000070fe00000, 0x000000070fe00000|100%| E|CS|TAMS 0x000000070fc00000, 0x000000070fc00000| Complete 
| 118|0x000000070fe00000, 0x0000000710000000, 0x0000000710000000|100%| E|CS|TAMS 0x000000070fe00000, 0x000000070fe00000| Complete 
| 119|0x0000000710000000, 0x0000000710200000, 0x0000000710200000|100%| E|CS|TAMS 0x0000000710000000, 0x0000000710000000| Complete 
| 120|0x0000000710200000, 0x0000000710400000, 0x0000000710400000|100%| E|CS|TAMS 0x0000000710200000, 0x0000000710200000| Complete 
| 121|0x0000000710400000, 0x0000000710600000, 0x0000000710600000|100%| E|CS|TAMS 0x0000000710400000, 0x0000000710400000| Complete 
| 122|0x0000000710600000, 0x0000000710800000, 0x0000000710800000|100%| E|CS|TAMS 0x0000000710600000, 0x0000000710600000| Complete 
| 123|0x0000000710800000, 0x0000000710a00000, 0x0000000710a00000|100%| E|CS|TAMS 0x0000000710800000, 0x0000000710800000| Complete 
| 124|0x0000000710a00000, 0x0000000710c00000, 0x0000000710c00000|100%| E|CS|TAMS 0x0000000710a00000, 0x0000000710a00000| Complete 
| 125|0x0000000710c00000, 0x0000000710e00000, 0x0000000710e00000|100%| E|CS|TAMS 0x0000000710c00000, 0x0000000710c00000| Complete 
| 126|0x0000000710e00000, 0x0000000711000000, 0x0000000711000000|100%| E|CS|TAMS 0x0000000710e00000, 0x0000000710e00000| Complete 
| 127|0x0000000711000000, 0x0000000711200000, 0x0000000711200000|100%| E|CS|TAMS 0x0000000711000000, 0x0000000711000000| Complete 

Card table byte_map: [0x00000208544d0000,0x0000020854cd0000] _byte_map_base: 0x0000020850cc7000

Marking Bits (Prev, Next): (CMBitMap*) 0x0000020840db9a30, (CMBitMap*) 0x0000020840db9a70
 Prev Bits: [0x00000208554d0000, 0x0000020859488000)
 Next Bits: [0x0000020859490000, 0x000002085d448000)

Polling page: 0x000002083ecc0000

Metaspace:

Usage:
  Non-class:     15.21 MB capacity,    15.13 MB (>99%) used,    65.78 KB ( <1%) free+waste,    19.06 KB ( <1%) overhead. 
      Class:      1.60 MB capacity,     1.55 MB ( 97%) used,    48.87 KB (  3%) free+waste,     6.25 KB ( <1%) overhead. 
       Both:     16.81 MB capacity,    16.67 MB (>99%) used,   114.65 KB ( <1%) free+waste,    25.31 KB ( <1%) overhead. 

Virtual space:
  Non-class space:       16.00 MB reserved,      15.25 MB ( 95%) committed 
      Class space:        1.00 GB reserved,       1.62 MB ( <1%) committed 
             Both:        1.02 GB reserved,      16.88 MB (  2%) committed 

Chunk freelists:
   Non-Class:  41.00 KB
       Class:  26.00 KB
        Both:  67.00 KB

MaxMetaspaceSize: 17179869184.00 GB
CompressedClassSpaceSize: 1.00 GB

CodeHeap 'non-profiled nmethods': size=120000Kb used=2102Kb max_used=2102Kb free=117897Kb
 bounds [0x000002084c250000, 0x000002084c4c0000, 0x0000020853780000]
CodeHeap 'profiled nmethods': size=120000Kb used=3030Kb max_used=3030Kb free=116969Kb
 bounds [0x0000020844d20000, 0x0000020845020000, 0x000002084c250000]
CodeHeap 'non-nmethods': size=5760Kb used=1365Kb max_used=1510Kb free=4394Kb
 bounds [0x0000020844780000, 0x00000208449f0000, 0x0000020844d20000]
 total_blobs=2236 nmethods=1670 adapters=479
 compilation: enabled
              stopped_count=0, restarted_count=0
 full_count=0

Compilation events (20 events):
Event: 111.737 Thread 0x000002086099d2a0 1662 %     4       engine.Renderer::DrawLineHigh @ 58 (122 bytes)
Event: 111.748 Thread 0x000002086099d2a0 nmethod 1662% 0x000002084c456290 code [0x000002084c456480, 0x000002084c4573f8]
Event: 111.877 Thread 0x000002086099d2a0 1663       4       engine.Renderer::DrawLineHigh (122 bytes)
Event: 111.888 Thread 0x000002086099d2a0 nmethod 1663 0x000002084c457a90 code [0x000002084c457c80, 0x000002084c458cb8]
Event: 111.925 Thread 0x00000208609a0400 1664       3       engine.Renderer::DrawTriangle (474 bytes)
Event: 111.927 Thread 0x00000208609a0400 nmethod 1664 0x000002084500d290 code [0x000002084500db20, 0x0000020845012cd8]
Event: 112.501 Thread 0x000002086099d2a0 1665       4       sun.java2d.pipe.BufferedContext::validate (575 bytes)
Event: 112.526 Thread 0x000002086099d2a0 nmethod 1665 0x000002084c459310 code [0x000002084c4595e0, 0x000002084c45bda0]
Event: 112.887 Thread 0x00000208609a0400 1666       1       engine.Renderer::GetRenderTexture (5 bytes)
Event: 112.887 Thread 0x00000208609a0400 nmethod 1666 0x000002084c45cc90 code [0x000002084c45ce20, 0x000002084c45ced8]
Event: 112.921 Thread 0x000002086099d2a0 1667       4       engine.Shader::Update (11 bytes)
Event: 112.921 Thread 0x000002086099d2a0 nmethod 1667 0x000002084c45cf90 code [0x000002084c45d100, 0x000002084c45d178]
Event: 113.485 Thread 0x000002086099d2a0 1668       4       engine.Renderer::PerspectiveDivideVertex (20 bytes)
Event: 113.486 Thread 0x000002086099d2a0 nmethod 1668 0x000002084c45d290 code [0x000002084c45d420, 0x000002084c45d538]
Event: 238.966 Thread 0x000002086099d2a0 1669       4       org.eclipse.jdt.launching.internal.org.objectweb.asm.ClassReader::readUTF8 (23 bytes)
Event: 238.966 Thread 0x00000208609a0400 1670       3       org.eclipse.jdt.launching.internal.org.objectweb.asm.ByteVector::<init> (13 bytes)
Event: 238.966 Thread 0x00000208609a0400 nmethod 1670 0x0000020845014c90 code [0x0000020845014e40, 0x00000208450150b8]
Event: 238.966 Thread 0x00000208609a0400 1671       3       org.eclipse.jdt.launching.internal.org.objectweb.asm.AnnotationWriter::putAnnotations (67 bytes)
Event: 238.966 Thread 0x00000208609a0400 nmethod 1671 0x0000020845015190 code [0x00000208450153c0, 0x00000208450157f8]
Event: 238.967 Thread 0x000002086099d2a0 nmethod 1669 0x000002084c45d610 code [0x000002084c45d7a0, 0x000002084c45d968]

GC Heap History (20 events):
Event: 48.202 GC heap before
{Heap before GC invocations=7 (full 0):
 garbage-first heap   total 262144K, used 177034K [0x0000000701200000, 0x0000000800000000)
  region size 2048K, 76 young (155648K), 2 survivors (4096K)
 Metaspace       used 16972K, capacity 17085K, committed 17280K, reserved 1064960K
  class space    used 1580K, capacity 1638K, committed 1664K, reserved 1048576K
}
Event: 48.204 GC heap after
{Heap after GC invocations=8 (full 0):
 garbage-first heap   total 262144K, used 25541K [0x0000000701200000, 0x0000000800000000)
  region size 2048K, 2 young (4096K), 2 survivors (4096K)
 Metaspace       used 16972K, capacity 17085K, committed 17280K, reserved 1064960K
  class space    used 1580K, capacity 1638K, committed 1664K, reserved 1048576K
}
Event: 55.228 GC heap before
{Heap before GC invocations=8 (full 0):
 garbage-first heap   total 262144K, used 177093K [0x0000000701200000, 0x0000000800000000)
  region size 2048K, 76 young (155648K), 2 survivors (4096K)
 Metaspace       used 16972K, capacity 17085K, committed 17280K, reserved 1064960K
  class space    used 1580K, capacity 1638K, committed 1664K, reserved 1048576K
}
Event: 55.230 GC heap after
{Heap after GC invocations=9 (full 0):
 garbage-first heap   total 262144K, used 25552K [0x0000000701200000, 0x0000000800000000)
  region size 2048K, 2 young (4096K), 2 survivors (4096K)
 Metaspace       used 16972K, capacity 17085K, committed 17280K, reserved 1064960K
  class space    used 1580K, capacity 1638K, committed 1664K, reserved 1048576K
}
Event: 62.356 GC heap before
{Heap before GC invocations=9 (full 0):
 garbage-first heap   total 262144K, used 177104K [0x0000000701200000, 0x0000000800000000)
  region size 2048K, 76 young (155648K), 2 survivors (4096K)
 Metaspace       used 16972K, capacity 17085K, committed 17280K, reserved 1064960K
  class space    used 1580K, capacity 1638K, committed 1664K, reserved 1048576K
}
Event: 62.358 GC heap after
{Heap after GC invocations=10 (full 0):
 garbage-first heap   total 262144K, used 25464K [0x0000000701200000, 0x0000000800000000)
  region size 2048K, 2 young (4096K), 2 survivors (4096K)
 Metaspace       used 16972K, capacity 17085K, committed 17280K, reserved 1064960K
  class space    used 1580K, capacity 1638K, committed 1664K, reserved 1048576K
}
Event: 69.403 GC heap before
{Heap before GC invocations=10 (full 0):
 garbage-first heap   total 262144K, used 177016K [0x0000000701200000, 0x0000000800000000)
  region size 2048K, 76 young (155648K), 2 survivors (4096K)
 Metaspace       used 16972K, capacity 17085K, committed 17280K, reserved 1064960K
  class space    used 1580K, capacity 1638K, committed 1664K, reserved 1048576K
}
Event: 69.405 GC heap after
{Heap after GC invocations=11 (full 0):
 garbage-first heap   total 262144K, used 25311K [0x0000000701200000, 0x0000000800000000)
  region size 2048K, 2 young (4096K), 2 survivors (4096K)
 Metaspace       used 16972K, capacity 17085K, committed 17280K, reserved 1064960K
  class space    used 1580K, capacity 1638K, committed 1664K, reserved 1048576K
}
Event: 76.741 GC heap before
{Heap before GC invocations=11 (full 0):
 garbage-first heap   total 262144K, used 176863K [0x0000000701200000, 0x0000000800000000)
  region size 2048K, 76 young (155648K), 2 survivors (4096K)
 Metaspace       used 16972K, capacity 17085K, committed 17280K, reserved 1064960K
  class space    used 1580K, capacity 1638K, committed 1664K, reserved 1048576K
}
Event: 76.743 GC heap after
{Heap after GC invocations=12 (full 0):
 garbage-first heap   total 262144K, used 25549K [0x0000000701200000, 0x0000000800000000)
  region size 2048K, 2 young (4096K), 2 survivors (4096K)
 Metaspace       used 16972K, capacity 17085K, committed 17280K, reserved 1064960K
  class space    used 1580K, capacity 1638K, committed 1664K, reserved 1048576K
}
Event: 83.808 GC heap before
{Heap before GC invocations=12 (full 0):
 garbage-first heap   total 262144K, used 177101K [0x0000000701200000, 0x0000000800000000)
  region size 2048K, 76 young (155648K), 2 survivors (4096K)
 Metaspace       used 16972K, capacity 17085K, committed 17280K, reserved 1064960K
  class space    used 1580K, capacity 1638K, committed 1664K, reserved 1048576K
}
Event: 83.810 GC heap after
{Heap after GC invocations=13 (full 0):
 garbage-first heap   total 262144K, used 25379K [0x0000000701200000, 0x0000000800000000)
  region size 2048K, 2 young (4096K), 2 survivors (4096K)
 Metaspace       used 16972K, capacity 17085K, committed 17280K, reserved 1064960K
  class space    used 1580K, capacity 1638K, committed 1664K, reserved 1048576K
}
Event: 90.947 GC heap before
{Heap before GC invocations=13 (full 0):
 garbage-first heap   total 262144K, used 176931K [0x0000000701200000, 0x0000000800000000)
  region size 2048K, 76 young (155648K), 2 survivors (4096K)
 Metaspace       used 16973K, capacity 17085K, committed 17280K, reserved 1064960K
  class space    used 1580K, capacity 1638K, committed 1664K, reserved 1048576K
}
Event: 90.950 GC heap after
{Heap after GC invocations=14 (full 0):
 garbage-first heap   total 262144K, used 25410K [0x0000000701200000, 0x0000000800000000)
  region size 2048K, 2 young (4096K), 2 survivors (4096K)
 Metaspace       used 16973K, capacity 17085K, committed 17280K, reserved 1064960K
  class space    used 1580K, capacity 1638K, committed 1664K, reserved 1048576K
}
Event: 98.166 GC heap before
{Heap before GC invocations=14 (full 0):
 garbage-first heap   total 262144K, used 176962K [0x0000000701200000, 0x0000000800000000)
  region size 2048K, 76 young (155648K), 2 survivors (4096K)
 Metaspace       used 16973K, capacity 17085K, committed 17280K, reserved 1064960K
  class space    used 1580K, capacity 1638K, committed 1664K, reserved 1048576K
}
Event: 98.168 GC heap after
{Heap after GC invocations=15 (full 0):
 garbage-first heap   total 262144K, used 25479K [0x0000000701200000, 0x0000000800000000)
  region size 2048K, 2 young (4096K), 2 survivors (4096K)
 Metaspace       used 16973K, capacity 17085K, committed 17280K, reserved 1064960K
  class space    used 1580K, capacity 1638K, committed 1664K, reserved 1048576K
}
Event: 105.247 GC heap before
{Heap before GC invocations=15 (full 0):
 garbage-first heap   total 262144K, used 177031K [0x0000000701200000, 0x0000000800000000)
  region size 2048K, 76 young (155648K), 2 survivors (4096K)
 Metaspace       used 16973K, capacity 17085K, committed 17280K, reserved 1064960K
  class space    used 1580K, capacity 1638K, committed 1664K, reserved 1048576K
}
Event: 105.250 GC heap after
{Heap after GC invocations=16 (full 0):
 garbage-first heap   total 262144K, used 25774K [0x0000000701200000, 0x0000000800000000)
  region size 2048K, 1 young (2048K), 1 survivors (2048K)
 Metaspace       used 16973K, capacity 17085K, committed 17280K, reserved 1064960K
  class space    used 1580K, capacity 1638K, committed 1664K, reserved 1048576K
}
Event: 112.570 GC heap before
{Heap before GC invocations=16 (full 0):
 garbage-first heap   total 262144K, used 179374K [0x0000000701200000, 0x0000000800000000)
  region size 2048K, 76 young (155648K), 1 survivors (2048K)
 Metaspace       used 17022K, capacity 17149K, committed 17280K, reserved 1064960K
  class space    used 1581K, capacity 1638K, committed 1664K, reserved 1048576K
}
Event: 112.571 GC heap after
{Heap after GC invocations=17 (full 0):
 garbage-first heap   total 262144K, used 25683K [0x0000000701200000, 0x0000000800000000)
  region size 2048K, 1 young (2048K), 1 survivors (2048K)
 Metaspace       used 17022K, capacity 17149K, committed 17280K, reserved 1064960K
  class space    used 1581K, capacity 1638K, committed 1664K, reserved 1048576K
}

Deoptimization events (20 events):
Event: 110.722 Thread 0x0000020840d684a0 DEOPT PACKING pc=0x0000020844ffdc2f sp=0x000000ce993ff290
Event: 110.722 Thread 0x0000020840d684a0 DEOPT UNPACKING pc=0x00000208447ce23f sp=0x000000ce993fe718 mode 0
Event: 110.723 Thread 0x0000020840d684a0 Uncommon trap: trap_request=0xffffff45 fr.pc=0x000002084c44883c relative=0x00000000000001fc
Event: 110.723 Thread 0x0000020840d684a0 Uncommon trap: reason=unstable_if action=reinterpret pc=0x000002084c44883c method=engine.Renderer.ClearDepthBuffer()V @ 21 c2
Event: 110.723 Thread 0x0000020840d684a0 DEOPT PACKING pc=0x000002084c44883c sp=0x000000ce993ff280
Event: 110.723 Thread 0x0000020840d684a0 DEOPT UNPACKING pc=0x00000208447ce42f sp=0x000000ce993ff228 mode 2
Event: 110.978 Thread 0x0000020840d684a0 DEOPT PACKING pc=0x0000020844ffee64 sp=0x000000ce993fefa0
Event: 110.978 Thread 0x0000020840d684a0 DEOPT UNPACKING pc=0x00000208447ce23f sp=0x000000ce993fe4c0 mode 0
Event: 111.877 Thread 0x0000020840d684a0 DEOPT PACKING pc=0x0000020845001a12 sp=0x000000ce993fefe0
Event: 111.877 Thread 0x0000020840d684a0 DEOPT UNPACKING pc=0x00000208447ce23f sp=0x000000ce993fe4d8 mode 0
Event: 119.996 Thread 0x0000020840d684a0 Uncommon trap: trap_request=0xffffff45 fr.pc=0x000002084c418b64 relative=0x0000000000000404
Event: 119.996 Thread 0x0000020840d684a0 Uncommon trap: reason=unstable_if action=reinterpret pc=0x000002084c418b64 method=jdk.internal.math.FloatingDecimal.getBinaryToASCIIConverter(DZ)Ljdk/internal/math/FloatingDecimal$BinaryToASCIIConverter; @ 76 c2
Event: 119.996 Thread 0x0000020840d684a0 DEOPT PACKING pc=0x000002084c418b64 sp=0x000000ce993ff270
Event: 119.996 Thread 0x0000020840d684a0 DEOPT UNPACKING pc=0x00000208447ce42f sp=0x000000ce993ff090 mode 2
Event: 119.996 Thread 0x0000020840d684a0 Uncommon trap: trap_request=0xffffff3d fr.pc=0x000002084c419c18 relative=0x0000000000000538
Event: 119.996 Thread 0x0000020840d684a0 Uncommon trap: reason=unstable_fused_if action=reinterpret pc=0x000002084c419c18 method=jdk.internal.math.FloatingDecimal$BinaryToASCIIBuffer.getChars([C)I @ 47 c2
Event: 119.996 Thread 0x0000020840d684a0 DEOPT PACKING pc=0x000002084c419c18 sp=0x000000ce993ff0a0
Event: 119.996 Thread 0x0000020840d684a0 DEOPT UNPACKING pc=0x00000208447ce42f sp=0x000000ce993ff058 mode 2
Event: 221.978 Thread 0x0000020840d684a0 DEOPT PACKING pc=0x000002084500efc4 sp=0x000000ce993ff0d0
Event: 221.978 Thread 0x0000020840d684a0 DEOPT UNPACKING pc=0x00000208447ce23f sp=0x000000ce993fe6e8 mode 0

Classes unloaded (0 events):
No events

Classes redefined (4 events):
Event: 27.908 Thread 0x0000020860937cc0 redefined class name=engine.Renderer, count=1
Event: 110.649 Thread 0x0000020860937cc0 redefined class name=engine.Renderer, count=2
Event: 221.984 Thread 0x0000020860937cc0 redefined class name=engine.Renderer, count=3
Event: 238.968 Thread 0x0000020860937cc0 redefined class name=engine.Renderer, count=4

Internal exceptions (15 events):
Event: 0.232 Thread 0x0000020840d684a0 Exception <a 'java/lang/NoSuchMethodError'{0x0000000710e468e0}: 'void java.lang.invoke.DirectMethodHandle$Holder.invokeStatic(java.lang.Object, java.lang.Object)'> (0x0000000710e468e0) 
thrown [./open/src/hotspot/share/interpreter/linkResolver.cpp, line 782]
Event: 0.233 Thread 0x0000020840d684a0 Exception <a 'java/lang/NoSuchMethodError'{0x0000000710e4a588}: 'void java.lang.invoke.DirectMethodHandle$Holder.invokeStaticInit(java.lang.Object, java.lang.Object)'> (0x0000000710e4a588) 
thrown [./open/src/hotspot/share/interpreter/linkResolver.cpp, line 782]
Event: 0.296 Thread 0x0000020840d684a0 Exception <a 'java/lang/NoSuchMethodError'{0x0000000710c2a0a8}: 'java.lang.Object java.lang.invoke.DirectMethodHandle$Holder.invokeStatic(java.lang.Object)'> (0x0000000710c2a0a8) 
thrown [./open/src/hotspot/share/interpreter/linkResolver.cpp, line 782]
Event: 0.332 Thread 0x0000020840d684a0 Exception <a 'java/lang/NoSuchMethodError'{0x0000000710da0380}: 'void java.lang.invoke.DirectMethodHandle$Holder.invokeSpecial(java.lang.Object, java.lang.Object, java.lang.Object)'> (0x0000000710da0380) 
thrown [./open/src/hotspot/share/interpreter/linkResolver.cpp, line 782]
Event: 0.338 Thread 0x0000020840d684a0 Exception <a 'java/lang/ClassNotFoundException'{0x0000000710ddf5e8}: sun/awt/resources/spi/awtProvider> (0x0000000710ddf5e8) 
thrown [./open/src/hotspot/share/classfile/systemDictionary.cpp, line 295]
Event: 0.352 Thread 0x0000020840d684a0 Exception <a 'java/io/FileNotFoundException'{0x0000000710a3dd48}> (0x0000000710a3dd48) 
thrown [./open/src/hotspot/share/prims/jni.cpp, line 578]
Event: 0.356 Thread 0x0000020840d684a0 Exception <a 'java/io/FileNotFoundException'{0x0000000710a6e640}> (0x0000000710a6e640) 
thrown [./open/src/hotspot/share/prims/jni.cpp, line 578]
Event: 0.392 Thread 0x0000020840d684a0 Exception <a 'java/lang/NoSuchMethodError'{0x0000000710bccea0}: 'java.lang.Object java.lang.invoke.DirectMethodHandle$Holder.invokeStaticInit(java.lang.Object)'> (0x0000000710bccea0) 
thrown [./open/src/hotspot/share/interpreter/linkResolver.cpp, line 782]
Event: 0.593 Thread 0x0000020840d684a0 Exception <a 'java/lang/NoSuchMethodError'{0x0000000710959e10}: 'java.lang.Object java.lang.invoke.DirectMethodHandle$Holder.newInvokeSpecial(java.lang.Object, java.lang.Object, java.lang.Object, java.lang.Object, java.lang.Object)'> (0x0000000710959e10) 
thrown [./open/src/hotspot/share/interpreter/linkResolver.cpp, line 782]
Event: 0.594 Thread 0x0000020840d684a0 Exception <a 'java/lang/NoSuchMethodError'{0x0000000710965c40}: 'java.lang.Object java.lang.invoke.DirectMethodHandle$Holder.invokeStatic(java.lang.Object, int, java.lang.Object, java.lang.Object, java.lang.Object, java.lang.Object)'> (0x0000000710965c40) 
thrown [./open/src/hotspot/share/interpreter/linkResolver.cpp, line 782]
Event: 0.596 Thread 0x0000020840d684a0 Exception <a 'java/lang/NoSuchMethodError'{0x000000071098c478}: 'java.lang.Object java.lang.invoke.DirectMethodHandle$Holder.invokeStatic(java.lang.Object, int, java.lang.Object)'> (0x000000071098c478) 
thrown [./open/src/hotspot/share/interpreter/linkResolver.cpp, line 782]
Event: 0.611 Thread 0x0000020840d684a0 Exception <a 'java/lang/ClassNotFoundException'{0x0000000710653548}: com/sun/swing/internal/plaf/metal/resources/spi/metalProvider> (0x0000000710653548) 
thrown [./open/src/hotspot/share/classfile/systemDictionary.cpp, line 295]
Event: 0.611 Thread 0x0000020840d684a0 Exception <a 'java/lang/ClassNotFoundException'{0x000000071065a2a8}: com/sun/swing/internal/plaf/basic/resources/spi/basicProvider> (0x000000071065a2a8) 
thrown [./open/src/hotspot/share/classfile/systemDictionary.cpp, line 295]
Event: 0.634 Thread 0x0000020840d684a0 Exception <a 'java/lang/NoSuchMethodError'{0x000000071070e048}: 'void java.lang.invoke.DirectMethodHandle$Holder.invokeStaticInit(java.lang.Object)'> (0x000000071070e048) 
thrown [./open/src/hotspot/share/interpreter/linkResolver.cpp, line 782]
Event: 238.996 Thread 0x0000020860cee8d0 Exception <a 'java/lang/LinkageError'{0x000000070dc379d8}> (0x000000070dc379d8) 
thrown [./open/src/hotspot/share/oops/generateOopMap.cpp, line 2137]

Events (20 events):
Event: 238.982 Executing VM operation: GetCurrentLocation
Event: 238.982 Executing VM operation: GetCurrentLocation done
Event: 238.982 Executing VM operation: ChangeSingleStep
Event: 238.982 Executing VM operation: ChangeSingleStep done
Event: 238.982 Executing VM operation: GetFrameLocation
Event: 238.982 Executing VM operation: GetFrameLocation done
Event: 238.982 Executing VM operation: get/set locals
Event: 238.982 Executing VM operation: get/set locals done
Event: 238.983 Executing VM operation: ChangeSingleStep
Event: 238.983 Executing VM operation: ChangeSingleStep done
Event: 238.983 Executing VM operation: GetFrameCount
Event: 238.983 Executing VM operation: GetFrameCount done
Event: 238.984 Executing VM operation: GetFrameCount
Event: 238.984 Executing VM operation: GetFrameCount done
Event: 238.984 Executing VM operation: GetStackTrace
Event: 238.984 Executing VM operation: GetStackTrace done
Event: 238.984 Executing VM operation: GetFrameCount
Event: 238.984 Executing VM operation: GetFrameCount done
Event: 238.995 Executing VM operation: GetFrameLocation
Event: 238.995 Executing VM operation: GetFrameLocation done


Dynamic libraries:
0x00007ff7a1ed0000 - 0x00007ff7a1edd000 	C:\Users\Simon\.p2\pool\plugins\org.eclipse.justj.openjdk.hotspot.jre.full.win32.x86_64_15.0.2.v20210201-0955\jre\bin\javaw.exe
0x00007ff9d4170000 - 0x00007ff9d4365000 	C:\WINDOWS\SYSTEM32\ntdll.dll
0x00007ff9aea00000 - 0x00007ff9aea13000 	C:\Program Files\AVG\Antivirus\aswhook.dll
0x00007ff9d2ad0000 - 0x00007ff9d2b8d000 	C:\WINDOWS\System32\KERNEL32.DLL
0x00007ff9d1f00000 - 0x00007ff9d21c8000 	C:\WINDOWS\System32\KERNELBASE.dll
0x00007ff9d1dd0000 - 0x00007ff9d1ed0000 	C:\WINDOWS\System32\ucrtbase.dll
0x00007ff9ae200000 - 0x00007ff9ae218000 	C:\Users\Simon\.p2\pool\plugins\org.eclipse.justj.openjdk.hotspot.jre.full.win32.x86_64_15.0.2.v20210201-0955\jre\bin\jli.dll
0x00007ff9a6d60000 - 0x00007ff9a6d79000 	C:\Users\Simon\.p2\pool\plugins\org.eclipse.justj.openjdk.hotspot.jre.full.win32.x86_64_15.0.2.v20210201-0955\jre\bin\VCRUNTIME140.dll
0x00007ff9d3600000 - 0x00007ff9d37a0000 	C:\WINDOWS\System32\USER32.dll
0x00007ff9c5960000 - 0x00007ff9c5bfa000 	C:\WINDOWS\WinSxS\amd64_microsoft.windows.common-controls_6595b64144ccf1df_6.0.19041.844_none_ca00b6081b84eb1d\COMCTL32.dll
0x00007ff9d1cb0000 - 0x00007ff9d1cd2000 	C:\WINDOWS\System32\win32u.dll
0x00007ff9d2710000 - 0x00007ff9d27ae000 	C:\WINDOWS\System32\msvcrt.dll
0x00007ff9d2cd0000 - 0x00007ff9d2cfa000 	C:\WINDOWS\System32\GDI32.dll
0x00007ff9d1ba0000 - 0x00007ff9d1cab000 	C:\WINDOWS\System32\gdi32full.dll
0x00007ff9d1d30000 - 0x00007ff9d1dcd000 	C:\WINDOWS\System32\msvcp_win.dll
0x00007ff9d3950000 - 0x00007ff9d3980000 	C:\WINDOWS\System32\IMM32.DLL
0x00007ff9c5e20000 - 0x00007ff9c5e2c000 	C:\Users\Simon\.p2\pool\plugins\org.eclipse.justj.openjdk.hotspot.jre.full.win32.x86_64_15.0.2.v20210201-0955\jre\bin\vcruntime140_1.dll
0x00007ff99c830000 - 0x00007ff99c8c1000 	C:\Users\Simon\.p2\pool\plugins\org.eclipse.justj.openjdk.hotspot.jre.full.win32.x86_64_15.0.2.v20210201-0955\jre\bin\msvcp140.dll
0x00007ff957c30000 - 0x00007ff95878e000 	C:\Users\Simon\.p2\pool\plugins\org.eclipse.justj.openjdk.hotspot.jre.full.win32.x86_64_15.0.2.v20210201-0955\jre\bin\server\jvm.dll
0x00007ff9d2e00000 - 0x00007ff9d2eac000 	C:\WINDOWS\System32\ADVAPI32.dll
0x00007ff9d2d00000 - 0x00007ff9d2d9b000 	C:\WINDOWS\System32\sechost.dll
0x00007ff9d2b90000 - 0x00007ff9d2cbb000 	C:\WINDOWS\System32\RPCRT4.dll
0x00007ff9d21d0000 - 0x00007ff9d21d8000 	C:\WINDOWS\System32\PSAPI.DLL
0x00007ff9c8ca0000 - 0x00007ff9c8cc7000 	C:\WINDOWS\SYSTEM32\WINMM.dll
0x00007ff9c4a30000 - 0x00007ff9c4a39000 	C:\WINDOWS\SYSTEM32\WSOCK32.dll
0x00007ff9c9300000 - 0x00007ff9c930a000 	C:\WINDOWS\SYSTEM32\VERSION.dll
0x00007ff9d2830000 - 0x00007ff9d289b000 	C:\WINDOWS\System32\WS2_32.dll
0x00007ff9cf9f0000 - 0x00007ff9cfa02000 	C:\WINDOWS\SYSTEM32\kernel.appcore.dll
0x00007ff9c6460000 - 0x00007ff9c646a000 	C:\Users\Simon\.p2\pool\plugins\org.eclipse.justj.openjdk.hotspot.jre.full.win32.x86_64_15.0.2.v20210201-0955\jre\bin\jimage.dll
0x00007ff9cf690000 - 0x00007ff9cf874000 	C:\WINDOWS\SYSTEM32\DBGHELP.DLL
0x00007ff9c8fe0000 - 0x00007ff9c900c000 	C:\WINDOWS\SYSTEM32\dbgcore.DLL
0x00007ff9d1960000 - 0x00007ff9d19e0000 	C:\WINDOWS\System32\bcryptPrimitives.dll
0x00007ff99db80000 - 0x00007ff99dbb9000 	C:\Users\Simon\.p2\pool\plugins\org.eclipse.justj.openjdk.hotspot.jre.full.win32.x86_64_15.0.2.v20210201-0955\jre\bin\jdwp.dll
0x00007ff9c5dc0000 - 0x00007ff9c5dce000 	C:\Users\Simon\.p2\pool\plugins\org.eclipse.justj.openjdk.hotspot.jre.full.win32.x86_64_15.0.2.v20210201-0955\jre\bin\instrument.dll
0x00007ff9a91b0000 - 0x00007ff9a91d5000 	C:\Users\Simon\.p2\pool\plugins\org.eclipse.justj.openjdk.hotspot.jre.full.win32.x86_64_15.0.2.v20210201-0955\jre\bin\java.dll
0x00007ff9aef40000 - 0x00007ff9aef58000 	C:\Users\Simon\.p2\pool\plugins\org.eclipse.justj.openjdk.hotspot.jre.full.win32.x86_64_15.0.2.v20210201-0955\jre\bin\zip.dll
0x00007ff9d39e0000 - 0x00007ff9d4122000 	C:\WINDOWS\System32\SHELL32.dll
0x00007ff9cfa10000 - 0x00007ff9d01a1000 	C:\WINDOWS\SYSTEM32\windows.storage.dll
0x00007ff9d23b0000 - 0x00007ff9d2705000 	C:\WINDOWS\System32\combase.dll
0x00007ff9d1320000 - 0x00007ff9d134c000 	C:\WINDOWS\SYSTEM32\Wldp.dll
0x00007ff9d2930000 - 0x00007ff9d29de000 	C:\WINDOWS\System32\SHCORE.dll
0x00007ff9d2da0000 - 0x00007ff9d2df5000 	C:\WINDOWS\System32\shlwapi.dll
0x00007ff9d17f0000 - 0x00007ff9d180f000 	C:\WINDOWS\SYSTEM32\profapi.dll
0x00007ff9bf070000 - 0x00007ff9bf07b000 	C:\Users\Simon\.p2\pool\plugins\org.eclipse.justj.openjdk.hotspot.jre.full.win32.x86_64_15.0.2.v20210201-0955\jre\bin\dt_socket.dll
0x00007ff9d0d30000 - 0x00007ff9d0d6b000 	C:\WINDOWS\SYSTEM32\IPHLPAPI.DLL
0x00007ff9d1090000 - 0x00007ff9d10fa000 	C:\WINDOWS\system32\mswsock.dll
0x00007ff9d0d70000 - 0x00007ff9d0e3c000 	C:\WINDOWS\SYSTEM32\DNSAPI.dll
0x00007ff9d29e0000 - 0x00007ff9d29e8000 	C:\WINDOWS\System32\NSI.dll
0x00007ff9cb580000 - 0x00007ff9cb58a000 	C:\Windows\System32\rasadhlp.dll
0x00007ff9c9430000 - 0x00007ff9c94af000 	C:\WINDOWS\System32\fwpuclnt.dll
0x00007ff9d1ed0000 - 0x00007ff9d1ef7000 	C:\WINDOWS\System32\bcrypt.dll
0x00007ff9aa0c0000 - 0x00007ff9aa0d9000 	C:\Users\Simon\.p2\pool\plugins\org.eclipse.justj.openjdk.hotspot.jre.full.win32.x86_64_15.0.2.v20210201-0955\jre\bin\net.dll
0x00007ff9cbec0000 - 0x00007ff9cbfcb000 	C:\WINDOWS\SYSTEM32\WINHTTP.dll
0x00007ff9a7c40000 - 0x00007ff9a7c52000 	C:\Users\Simon\.p2\pool\plugins\org.eclipse.justj.openjdk.hotspot.jre.full.win32.x86_64_15.0.2.v20210201-0955\jre\bin\nio.dll
0x00007ff9c63e0000 - 0x00007ff9c63f0000 	C:\Users\Simon\.p2\pool\plugins\org.eclipse.justj.openjdk.hotspot.jre.full.win32.x86_64_15.0.2.v20210201-0955\jre\bin\verify.dll
0x00007ff99c6b0000 - 0x00007ff99c82f000 	C:\Users\Simon\.p2\pool\plugins\org.eclipse.justj.openjdk.hotspot.jre.full.win32.x86_64_15.0.2.v20210201-0955\jre\bin\awt.dll
0x00007ff9d2eb0000 - 0x00007ff9d2f7d000 	C:\WINDOWS\System32\OLEAUT32.dll
0x00007ff9ced30000 - 0x00007ff9cedc0000 	C:\WINDOWS\SYSTEM32\apphelp.dll
0x00007ff9cf250000 - 0x00007ff9cf27f000 	C:\WINDOWS\system32\DWMAPI.DLL
0x00007ff9cee20000 - 0x00007ff9ceebe000 	C:\WINDOWS\system32\uxtheme.dll
0x00007ff99a880000 - 0x00007ff99a9a6000 	C:\WINDOWS\system32\opengl32.dll
0x00007ff99db20000 - 0x00007ff99db4c000 	C:\WINDOWS\SYSTEM32\GLU32.dll
0x00007ff9d21e0000 - 0x00007ff9d22f5000 	C:\WINDOWS\System32\MSCTF.dll
0x00007ff9d2f80000 - 0x00007ff9d30aa000 	C:\WINDOWS\System32\ole32.dll
0x00007ff9c7670000 - 0x00007ff9c783e000 	C:\WINDOWS\system32\d3d9.dll
0x00007ff9c9310000 - 0x00007ff9c9415000 	C:\WINDOWS\System32\DriverStore\FileRepository\nvaki.inf_amd64_5e1a0fc0d5b00c55\nvldumdx.dll
0x00007ff9d14a0000 - 0x00007ff9d14b2000 	C:\WINDOWS\SYSTEM32\msasn1.dll
0x00007ff9c92c0000 - 0x00007ff9c92f1000 	C:\WINDOWS\SYSTEM32\cryptnet.dll
0x00007ff9d19e0000 - 0x00007ff9d1b3f000 	C:\WINDOWS\System32\CRYPT32.dll
0x00007ff9d1280000 - 0x00007ff9d128c000 	C:\WINDOWS\SYSTEM32\cryptbase.dll
0x00007ff9d1b40000 - 0x00007ff9d1ba0000 	C:\WINDOWS\System32\WINTRUST.DLL
0x00007ff9d2810000 - 0x00007ff9d282d000 	C:\WINDOWS\System32\imagehlp.dll
0x00007ff9d1260000 - 0x00007ff9d1278000 	C:\WINDOWS\SYSTEM32\CRYPTSP.dll
0x00007ff9d09c0000 - 0x00007ff9d09f4000 	C:\WINDOWS\system32\rsaenh.dll
0x00007ff956470000 - 0x00007ff957c28000 	C:\WINDOWS\System32\DriverStore\FileRepository\nvaki.inf_amd64_5e1a0fc0d5b00c55\nvd3dumx.dll
0x00007ff9a9310000 - 0x00007ff9a95c9000 	C:\WINDOWS\system32\nvspcap64.dll
0x00007ff9d05f0000 - 0x00007ff9d0623000 	C:\WINDOWS\SYSTEM32\ntmarta.dll
0x00007ff9d01c0000 - 0x00007ff9d01e3000 	C:\WINDOWS\SYSTEM32\gpapi.dll
0x00007ff9cc5a0000 - 0x00007ff9cc5db000 	C:\WINDOWS\SYSTEM32\dxcore.dll
0x00007ff9d1ce0000 - 0x00007ff9d1d2e000 	C:\WINDOWS\System32\cfgmgr32.dll
0x00007ff99b4d0000 - 0x00007ff99b555000 	C:\Users\Simon\.p2\pool\plugins\org.eclipse.justj.openjdk.hotspot.jre.full.win32.x86_64_15.0.2.v20210201-0955\jre\bin\freetype.dll
0x00007ff99acf0000 - 0x00007ff99ad99000 	C:\Users\Simon\.p2\pool\plugins\org.eclipse.justj.openjdk.hotspot.jre.full.win32.x86_64_15.0.2.v20210201-0955\jre\bin\fontmanager.dll
0x00007ff9b9690000 - 0x00007ff9b9789000 	C:\WINDOWS\SYSTEM32\textinputframework.dll
0x00007ff9cea20000 - 0x00007ff9ceb12000 	C:\WINDOWS\System32\CoreMessaging.dll
0x00007ff9ce340000 - 0x00007ff9ce69e000 	C:\WINDOWS\System32\CoreUIComponents.dll
0x00007ff9ccf70000 - 0x00007ff9cd0c4000 	C:\WINDOWS\SYSTEM32\wintypes.dll

dbghelp: loaded successfully - version: 4.0.5 - missing functions: none
symbol engine: initialized successfully - sym options: 0x614 - pdb path: .;C:\Users\Simon\.p2\pool\plugins\org.eclipse.justj.openjdk.hotspot.jre.full.win32.x86_64_15.0.2.v20210201-0955\jre\bin;C:\WINDOWS\SYSTEM32;C:\Program Files\AVG\Antivirus;C:\WINDOWS\WinSxS\amd64_microsoft.windows.common-controls_6595b64144ccf1df_6.0.19041.844_none_ca00b6081b84eb1d;C:\Users\Simon\.p2\pool\plugins\org.eclipse.justj.openjdk.hotspot.jre.full.win32.x86_64_15.0.2.v20210201-0955\jre\bin\server;C:\WINDOWS\System32\DriverStore\FileRepository\nvaki.inf_amd64_5e1a0fc0d5b00c55

VM Arguments:
jvm_args: -XX:+ShowCodeDetailsInExceptionMessages -agentlib:jdwp=transport=dt_socket,suspend=y,address=localhost:57129 -javaagent:C:\Users\Simon\eclipse\java-2021-03\eclipse\configuration\org.eclipse.osgi\222\0\.cp\lib\javaagent-shaded.jar -Dfile.encoding=Cp1252 
java_command: game.Main
java_class_path (initial): E:\JavaProjs\SitronRasterizer\bin
Launcher Type: SUN_STANDARD

[Global flags]
     intx CICompilerCount                          = 4                                         {product} {ergonomic}
     uint ConcGCThreads                            = 3                                         {product} {ergonomic}
     uint G1ConcRefinementThreads                  = 10                                        {product} {ergonomic}
   size_t G1HeapRegionSize                         = 2097152                                   {product} {ergonomic}
    uintx GCDrainStackTargetSize                   = 64                                        {product} {ergonomic}
   size_t InitialHeapSize                          = 268435456                                 {product} {ergonomic}
   size_t MarkStackSize                            = 4194304                                   {product} {ergonomic}
   size_t MaxHeapSize                              = 4276092928                                {product} {ergonomic}
   size_t MaxNewSize                               = 2564816896                                {product} {ergonomic}
   size_t MinHeapDeltaBytes                        = 2097152                                   {product} {ergonomic}
   size_t MinHeapSize                              = 8388608                                   {product} {ergonomic}
    uintx NonNMethodCodeHeapSize                   = 5839372                                {pd product} {ergonomic}
    uintx NonProfiledCodeHeapSize                  = 122909434                              {pd product} {ergonomic}
    uintx ProfiledCodeHeapSize                     = 122909434                              {pd product} {ergonomic}
    uintx ReservedCodeCacheSize                    = 251658240                              {pd product} {ergonomic}
     bool SegmentedCodeCache                       = true                                      {product} {ergonomic}
     bool ShowCodeDetailsInExceptionMessages       = true                                   {manageable} {command line}
   size_t SoftMaxHeapSize                          = 4276092928                             {manageable} {ergonomic}
     bool UseCompressedClassPointers               = true                                 {lp64_product} {ergonomic}
     bool UseCompressedOops                        = true                                 {lp64_product} {ergonomic}
     bool UseG1GC                                  = true                                      {product} {ergonomic}
     bool UseLargePagesIndividualAllocation        = false                                  {pd product} {ergonomic}

Logging:
Log output configuration:
 #0: stdout all=warning uptime,level,tags
 #1: stderr all=off uptime,level,tags

Environment Variables:
PATH=C:\Users\Simon\.p2\pool\plugins\org.eclipse.justj.openjdk.hotspot.jre.full.win32.x86_64_15.0.2.v20210201-0955\jre\bin;C:/Users/Simon/.p2/pool/plugins/org.eclipse.justj.openjdk.hotspot.jre.full.win32.x86_64_15.0.2.v20210201-0955/jre/bin/server;C:/Users/Simon/.p2/pool/plugins/org.eclipse.justj.openjdk.hotspot.jre.full.win32.x86_64_15.0.2.v20210201-0955/jre/bin;C:\Program Files (x86)\Common Files\Oracle\Java\javapath;C:\WINDOWS\system32;C:\WINDOWS;C:\WINDOWS\System32\Wbem;C:\WINDOWS\System32\WindowsPowerShell\v1.0\;C:\Program Files\Intel\WiFi\bin\;C:\Program Files\Common Files\Intel\WirelessCommon\;C:\WINDOWS\System32\OpenSSH\;C:\Program Files (x86)\NVIDIA Corporation\PhysX\Common;C:\Program Files\NVIDIA Corporation\NVIDIA NvDLISR;C:\Program Files\dotnet\;C:\Users\Simon\AppData\Local\Microsoft\WindowsApps;C:\Program Files\Intel\WiFi\bin\;C:\Program Files\Common Files\Intel\WirelessCommon\;C:\Users\Simon\AppData\Local\GitHubDesktop\bin;C:\Users\Simon\.dotnet\tools;C:\Users\Simon\eclipse\java-2021-03\eclipse;
USERNAME=Simon
OS=Windows_NT
PROCESSOR_IDENTIFIER=Intel64 Family 6 Model 158 Stepping 10, GenuineIntel



---------------  S Y S T E M  ---------------

OS:
 Windows 10 , 64 bit Build 19041 (10.0.19041.804)
OS uptime: 7 days 19:49 hours

CPU: total 12 (initial active 12) (6 cores per cpu, 2 threads per core) family 6 model 158 stepping 10 microcode 0xde, cmov, cx8, fxsr, mmx, sse, sse2, sse3, ssse3, sse4.1, sse4.2, popcnt, vzeroupper, avx, avx2, aes, clmul, erms, rtm, 3dnowpref, lzcnt, ht, tsc, tscinvbit, bmi1, bmi2, adx, fma, clflush, clflushopt

Memory: 4k page, system-wide physical 16307M (8526M free)
TotalPageFile size 27571M (AvailPageFile size 14604M)
current process WorkingSet (physical memory assigned to process): 277M, peak: 343M
current process commit charge ("private bytes"): 409M, peak: 491M

vm_info: OpenJDK 64-Bit Server VM (15.0.2+7-27) for windows-amd64 JRE (15.0.2+7-27), built on Dec  7 2020 20:02:38 by "mach5one" with unknown MS VC++:1925

END.
